[2025-02-24T12:20:27.744+0800] {local_task_job_runner.py:123} INFO - ::group::Pre task execution logs
[2025-02-24T12:20:27.767+0800] {taskinstance.py:2614} INFO - Dependencies all met for dep_context=non-requeueable deps ti=<TaskInstance: muse_dag.extract_crypto_data scheduled__2025-02-24T04:10:00+00:00 [queued]>
[2025-02-24T12:20:27.782+0800] {taskinstance.py:2614} INFO - Dependencies all met for dep_context=requeueable deps ti=<TaskInstance: muse_dag.extract_crypto_data scheduled__2025-02-24T04:10:00+00:00 [queued]>
[2025-02-24T12:20:27.784+0800] {taskinstance.py:2867} INFO - Starting attempt 1 of 2
[2025-02-24T12:20:27.829+0800] {taskinstance.py:2890} INFO - Executing <Task(BashOperator): extract_crypto_data> on 2025-02-24 04:10:00+00:00
[2025-02-24T12:20:27.835+0800] {standard_task_runner.py:72} INFO - Started process 94640 to run task
[2025-02-24T12:20:27.838+0800] {standard_task_runner.py:104} INFO - Running: ['airflow', 'tasks', 'run', 'muse_dag', 'extract_crypto_data', 'scheduled__2025-02-24T04:10:00+00:00', '--job-id', '44', '--raw', '--subdir', 'DAGS_FOLDER/muse_dag.py', '--cfg-path', '/tmp/tmp6dqpun8g']
[2025-02-24T12:20:27.840+0800] {standard_task_runner.py:105} INFO - Job 44: Subtask extract_crypto_data
[2025-02-24T12:20:27.947+0800] {task_command.py:467} INFO - Running <TaskInstance: muse_dag.extract_crypto_data scheduled__2025-02-24T04:10:00+00:00 [running]> on host LAPTOP-7NCGBFK9.
[2025-02-24T12:20:28.112+0800] {taskinstance.py:3134} INFO - Exporting env vars: AIRFLOW_CTX_DAG_OWNER='laurence' AIRFLOW_CTX_DAG_ID='muse_dag' AIRFLOW_CTX_TASK_ID='extract_crypto_data' AIRFLOW_CTX_EXECUTION_DATE='2025-02-24T04:10:00+00:00' AIRFLOW_CTX_TRY_NUMBER='1' AIRFLOW_CTX_DAG_RUN_ID='scheduled__2025-02-24T04:10:00+00:00'
[2025-02-24T12:20:28.115+0800] {logging_mixin.py:190} INFO - Task instance is in running state
[2025-02-24T12:20:28.117+0800] {logging_mixin.py:190} INFO -  Previous state of the Task instance: queued
[2025-02-24T12:20:28.120+0800] {logging_mixin.py:190} INFO - Current task name:extract_crypto_data state:running start_date:2025-02-24 04:20:27.770078+00:00
[2025-02-24T12:20:28.121+0800] {logging_mixin.py:190} INFO - Dag name:muse_dag and current dag run status:running
[2025-02-24T12:20:28.124+0800] {taskinstance.py:732} INFO - ::endgroup::
[2025-02-24T12:20:28.132+0800] {subprocess.py:78} INFO - Tmp dir root location: /tmp
[2025-02-24T12:20:28.135+0800] {subprocess.py:88} INFO - Running command: ['/usr/bin/bash', '-c', '/mnt/c/Users/User/laurence/Muse_assessment/muse_env/bin/python3 /mnt/c/Users/User/laurence/Muse_assessment/src/extract_crypto.py']
[2025-02-24T12:20:28.142+0800] {subprocess.py:99} INFO - Output:
[2025-02-24T12:20:41.019+0800] {subprocess.py:106} INFO - /mnt/c/Users/User/laurence/Muse_assessment/src/extract_crypto.py:45 MovedIn20Warning: Deprecated API features detected! These feature(s) are not compatible with SQLAlchemy 2.0. To prevent incompatible upgrades prior to updating applications, ensure requirements files are pinned to "sqlalchemy<2.0". Set environment variable SQLALCHEMY_WARN_20=1 to show all deprecation warnings.  Set environment variable SQLALCHEMY_SILENCE_UBER_WARNING=1 to silence this message. (Background on SQLAlchemy 2.0 at: https://sqlalche.me/e/b8d9)
[2025-02-24T12:20:41.022+0800] {subprocess.py:106} INFO - reset new handlers!
[2025-02-24T12:20:41.023+0800] {subprocess.py:106} INFO - Start extracting bitcoin real-time price...
[2025-02-24T12:20:41.024+0800] {subprocess.py:106} INFO - [2025-02-24T12:20:41.020+0800] {extract_crypto.py:131} INFO - 2025-02-24 12:20:41.020025 Start extracting bitcoin real-time price...
[2025-02-24T12:20:41.172+0800] {subprocess.py:106} INFO - Done data extraction. Start storing to DB...
[2025-02-24T12:20:41.176+0800] {subprocess.py:106} INFO - [2025-02-24T12:20:41.168+0800] {extract_crypto.py:105} INFO - Done data extraction. Start storing to DB...
[2025-02-24T12:20:41.182+0800] {subprocess.py:106} INFO - 2025-02-24 12:20:41,182 INFO sqlalchemy.engine.Engine select pg_catalog.version()
[2025-02-24T12:20:41.184+0800] {subprocess.py:106} INFO - [2025-02-24T12:20:41.182+0800] {base.py:1863} INFO - select pg_catalog.version()
[2025-02-24T12:20:41.187+0800] {subprocess.py:106} INFO - 2025-02-24 12:20:41,184 INFO sqlalchemy.engine.Engine [raw sql] {}
[2025-02-24T12:20:41.188+0800] {subprocess.py:106} INFO - [2025-02-24T12:20:41.184+0800] {base.py:1868} INFO - [raw sql] {}
[2025-02-24T12:20:41.190+0800] {subprocess.py:106} INFO - 2025-02-24 12:20:41,185 INFO sqlalchemy.engine.Engine select current_schema()
[2025-02-24T12:20:41.192+0800] {subprocess.py:106} INFO - [2025-02-24T12:20:41.185+0800] {base.py:1863} INFO - select current_schema()
[2025-02-24T12:20:41.194+0800] {subprocess.py:106} INFO - 2025-02-24 12:20:41,187 INFO sqlalchemy.engine.Engine [raw sql] {}
[2025-02-24T12:20:41.195+0800] {subprocess.py:106} INFO - [2025-02-24T12:20:41.187+0800] {base.py:1868} INFO - [raw sql] {}
[2025-02-24T12:20:41.198+0800] {subprocess.py:106} INFO - 2025-02-24 12:20:41,188 INFO sqlalchemy.engine.Engine show standard_conforming_strings
[2025-02-24T12:20:41.200+0800] {subprocess.py:106} INFO - [2025-02-24T12:20:41.188+0800] {base.py:1863} INFO - show standard_conforming_strings
[2025-02-24T12:20:41.202+0800] {subprocess.py:106} INFO - 2025-02-24 12:20:41,189 INFO sqlalchemy.engine.Engine [raw sql] {}
[2025-02-24T12:20:41.204+0800] {subprocess.py:106} INFO - [2025-02-24T12:20:41.189+0800] {base.py:1868} INFO - [raw sql] {}
[2025-02-24T12:20:41.206+0800] {subprocess.py:106} INFO - 2025-02-24 12:20:41,191 INFO sqlalchemy.engine.Engine BEGIN (implicit)
[2025-02-24T12:20:41.208+0800] {subprocess.py:106} INFO - [2025-02-24T12:20:41.191+0800] {base.py:1032} INFO - BEGIN (implicit)
[2025-02-24T12:20:41.209+0800] {subprocess.py:106} INFO - 2025-02-24 12:20:41,193 INFO sqlalchemy.engine.Engine INSERT INTO muse_project (update_time, crypto_name, price, hour_change_rate, volume) VALUES (%(update_time)s, %(crypto_name)s, %(price)s, %(hour_change_rate)s, %(volume)s)
[2025-02-24T12:20:41.212+0800] {subprocess.py:106} INFO - [2025-02-24T12:20:41.193+0800] {base.py:1863} INFO - INSERT INTO muse_project (update_time, crypto_name, price, hour_change_rate, volume) VALUES (%(update_time)s, %(crypto_name)s, %(price)s, %(hour_change_rate)s, %(volume)s)
[2025-02-24T12:20:41.214+0800] {subprocess.py:106} INFO - 2025-02-24 12:20:41,194 INFO sqlalchemy.engine.Engine [generated in 0.00113s] ({'update_time': datetime.datetime(2025, 2, 24, 12, 20, 41, 168209), 'crypto_name': 'Bitcoin', 'price': 95493.69, 'hour_change_rate': -0.32, 'volume': 20463830726.0}, {'update_time': datetime.datetime(2025, 2, 24, 12, 20, 41, 168312), 'crypto_name': 'Ethereum', 'price': 2721.38, 'hour_change_rate': -1.5, 'volume': 22656980499.0}, {'update_time': datetime.datetime(2025, 2, 24, 12, 20, 41, 168397), 'crypto_name': 'XRP', 'price': 2.48, 'hour_change_rate': -1.91, 'volume': 2975780443.0}, {'update_time': datetime.datetime(2025, 2, 24, 12, 20, 41, 168476), 'crypto_name': 'Tether', 'price': 0.9999, 'hour_change_rate': -0.02, 'volume': 59891975444.0}, {'update_time': datetime.datetime(2025, 2, 24, 12, 20, 41, 168555), 'crypto_name': 'BNB', 'price': 644.54, 'hour_change_rate': -0.76, 'volume': 1503035813.0}, {'update_time': datetime.datetime(2025, 2, 24, 12, 20, 41, 168638), 'crypto_name': 'Solana', 'price': 160.74, 'hour_change_rate': -0.96, 'volume': 2196771523.0}, {'update_time': datetime.datetime(2025, 2, 24, 12, 20, 41, 168720), 'crypto_name': 'USDC', 'price': 0.9998, 'hour_change_rate': -0.02, 'volume': 5623014553.0}, {'update_time': datetime.datetime(2025, 2, 24, 12, 20, 41, 168798), 'crypto_name': 'Dogecoin', 'price': 0.2301, 'hour_change_rate': -1.5, 'volume': 1003499665.0}, {'update_time': datetime.datetime(2025, 2, 24, 12, 20, 41, 168875), 'crypto_name': 'Cardano', 'price': 0.7378, 'hour_change_rate': -2.15, 'volume': 550543436.0}, {'update_time': datetime.datetime(2025, 2, 24, 12, 20, 41, 168952), 'crypto_name': 'TRON', 'price': 0.2427, 'hour_change_rate': -0.73, 'volume': 435489503.0})
[2025-02-24T12:20:41.217+0800] {subprocess.py:106} INFO - [2025-02-24T12:20:41.194+0800] {base.py:1868} INFO - [generated in 0.00113s] ({'update_time': datetime.datetime(2025, 2, 24, 12, 20, 41, 168209), 'crypto_name': 'Bitcoin', 'price': 95493.69, 'hour_change_rate': -0.32, 'volume': 20463830726.0}, {'update_time': datetime.datetime(2025, 2, 24, 12, 20, 41, 168312), 'crypto_name': 'Ethereum', 'price': 2721.38, 'hour_change_rate': -1.5, 'volume': 22656980499.0}, {'update_time': datetime.datetime(2025, 2, 24, 12, 20, 41, 168397), 'crypto_name': 'XRP', 'price': 2.48, 'hour_change_rate': -1.91, 'volume': 2975780443.0}, {'update_time': datetime.datetime(2025, 2, 24, 12, 20, 41, 168476), 'crypto_name': 'Tether', 'price': 0.9999, 'hour_change_rate': -0.02, 'volume': 59891975444.0}, {'update_time': datetime.datetime(2025, 2, 24, 12, 20, 41, 168555), 'crypto_name': 'BNB', 'price': 644.54, 'hour_change_rate': -0.76, 'volume': 1503035813.0}, {'update_time': datetime.datetime(2025, 2, 24, 12, 20, 41, 168638), 'crypto_name': 'Solana', 'price': 160.74, 'hour_change_rate': -0.96, 'volume': 2196771523.0}, {'update_time': datetime.datetime(2025, 2, 24, 12, 20, 41, 168720), 'crypto_name': 'USDC', 'price': 0.9998, 'hour_change_rate': -0.02, 'volume': 5623014553.0}, {'update_time': datetime.datetime(2025, 2, 24, 12, 20, 41, 168798), 'crypto_name': 'Dogecoin', 'price': 0.2301, 'hour_change_rate': -1.5, 'volume': 1003499665.0}, {'update_time': datetime.datetime(2025, 2, 24, 12, 20, 41, 168875), 'crypto_name': 'Cardano', 'price': 0.7378, 'hour_change_rate': -2.15, 'volume': 550543436.0}, {'update_time': datetime.datetime(2025, 2, 24, 12, 20, 41, 168952), 'crypto_name': 'TRON', 'price': 0.2427, 'hour_change_rate': -0.73, 'volume': 435489503.0})
[2025-02-24T12:20:41.219+0800] {subprocess.py:106} INFO - 2025-02-24 12:20:41,196 INFO sqlalchemy.engine.Engine COMMIT
[2025-02-24T12:20:41.222+0800] {subprocess.py:106} INFO - [2025-02-24T12:20:41.196+0800] {base.py:1092} INFO - COMMIT
[2025-02-24T12:20:41.223+0800] {subprocess.py:106} INFO - Done bulk insert.
[2025-02-24T12:20:41.225+0800] {subprocess.py:106} INFO - Done price extraction.
[2025-02-24T12:20:41.227+0800] {subprocess.py:106} INFO - [2025-02-24T12:20:41.202+0800] {extract_crypto.py:135} INFO - 2025-02-24 12:20:41.202405 Done price extraction.
[2025-02-24T12:20:41.396+0800] {subprocess.py:110} INFO - Command exited with return code 0
[2025-02-24T12:20:41.456+0800] {taskinstance.py:341} INFO - ::group::Post task execution logs
[2025-02-24T12:20:41.459+0800] {taskinstance.py:353} INFO - Marking task as SUCCESS. dag_id=muse_dag, task_id=extract_crypto_data, run_id=scheduled__2025-02-24T04:10:00+00:00, execution_date=20250224T041000, start_date=20250224T042027, end_date=20250224T042041
[2025-02-24T12:20:41.605+0800] {logging_mixin.py:190} INFO - Task instance in success state
[2025-02-24T12:20:41.608+0800] {logging_mixin.py:190} INFO -  Previous state of the Task instance: running
[2025-02-24T12:20:41.612+0800] {logging_mixin.py:190} INFO - Dag name:muse_dag queued_at:2025-02-24 04:20:02.395500+00:00
[2025-02-24T12:20:41.615+0800] {logging_mixin.py:190} INFO - Task hostname:LAPTOP-7NCGBFK9. operator:BashOperator
[2025-02-24T12:20:41.641+0800] {local_task_job_runner.py:266} INFO - Task exited with return code 0
[2025-02-24T12:20:41.669+0800] {taskinstance.py:3901} INFO - 0 downstream tasks scheduled from follow-on schedule check
[2025-02-24T12:20:41.671+0800] {local_task_job_runner.py:245} INFO - ::endgroup::
