[2025-02-24T11:07:01.009+0800] {local_task_job_runner.py:123} INFO - ::group::Pre task execution logs
[2025-02-24T11:07:01.067+0800] {taskinstance.py:2614} INFO - Dependencies all met for dep_context=non-requeueable deps ti=<TaskInstance: muse_dag.extract_crypto_data scheduled__2025-02-23T10:50:00+00:00 [queued]>
[2025-02-24T11:07:01.118+0800] {taskinstance.py:2614} INFO - Dependencies all met for dep_context=requeueable deps ti=<TaskInstance: muse_dag.extract_crypto_data scheduled__2025-02-23T10:50:00+00:00 [queued]>
[2025-02-24T11:07:01.122+0800] {taskinstance.py:2867} INFO - Starting attempt 1 of 2
[2025-02-24T11:07:01.199+0800] {taskinstance.py:2890} INFO - Executing <Task(BashOperator): extract_crypto_data> on 2025-02-23 10:50:00+00:00
[2025-02-24T11:07:01.206+0800] {standard_task_runner.py:72} INFO - Started process 60288 to run task
[2025-02-24T11:07:01.209+0800] {standard_task_runner.py:104} INFO - Running: ['airflow', 'tasks', 'run', 'muse_dag', 'extract_crypto_data', 'scheduled__2025-02-23T10:50:00+00:00', '--job-id', '30', '--raw', '--subdir', 'DAGS_FOLDER/muse_dag.py', '--cfg-path', '/tmp/tmp63v89uk5']
[2025-02-24T11:07:01.213+0800] {standard_task_runner.py:105} INFO - Job 30: Subtask extract_crypto_data
[2025-02-24T11:07:01.347+0800] {task_command.py:467} INFO - Running <TaskInstance: muse_dag.extract_crypto_data scheduled__2025-02-23T10:50:00+00:00 [running]> on host LAPTOP-7NCGBFK9.
[2025-02-24T11:07:01.531+0800] {taskinstance.py:3134} INFO - Exporting env vars: AIRFLOW_CTX_DAG_OWNER='laurence' AIRFLOW_CTX_DAG_ID='muse_dag' AIRFLOW_CTX_TASK_ID='extract_crypto_data' AIRFLOW_CTX_EXECUTION_DATE='2025-02-23T10:50:00+00:00' AIRFLOW_CTX_TRY_NUMBER='1' AIRFLOW_CTX_DAG_RUN_ID='scheduled__2025-02-23T10:50:00+00:00'
[2025-02-24T11:07:01.535+0800] {logging_mixin.py:190} INFO - Task instance is in running state
[2025-02-24T11:07:01.538+0800] {logging_mixin.py:190} INFO -  Previous state of the Task instance: queued
[2025-02-24T11:07:01.541+0800] {logging_mixin.py:190} INFO - Current task name:extract_crypto_data state:running start_date:2025-02-24 03:07:01.073429+00:00
[2025-02-24T11:07:01.544+0800] {logging_mixin.py:190} INFO - Dag name:muse_dag and current dag run status:running
[2025-02-24T11:07:01.547+0800] {taskinstance.py:732} INFO - ::endgroup::
[2025-02-24T11:07:01.559+0800] {subprocess.py:78} INFO - Tmp dir root location: /tmp
[2025-02-24T11:07:01.562+0800] {subprocess.py:88} INFO - Running command: ['/usr/bin/bash', '-c', '/mnt/c/Users/User/laurence/Muse_assessment/muse_env/bin/python3 /mnt/c/Users/User/laurence/Muse_assessment/src/extract_crypto.py']
[2025-02-24T11:07:01.569+0800] {subprocess.py:99} INFO - Output:
[2025-02-24T11:07:17.450+0800] {subprocess.py:106} INFO - /mnt/c/Users/User/laurence/Muse_assessment/src/extract_crypto.py:45 MovedIn20Warning: Deprecated API features detected! These feature(s) are not compatible with SQLAlchemy 2.0. To prevent incompatible upgrades prior to updating applications, ensure requirements files are pinned to "sqlalchemy<2.0". Set environment variable SQLALCHEMY_WARN_20=1 to show all deprecation warnings.  Set environment variable SQLALCHEMY_SILENCE_UBER_WARNING=1 to silence this message. (Background on SQLAlchemy 2.0 at: https://sqlalche.me/e/b8d9)
[2025-02-24T11:07:17.480+0800] {subprocess.py:106} INFO - reset new handlers!
[2025-02-24T11:07:17.483+0800] {subprocess.py:106} INFO - Start extracting bitcoin real-time price...
[2025-02-24T11:07:17.485+0800] {subprocess.py:106} INFO - [2025-02-24T11:07:17.451+0800] {extract_crypto.py:131} INFO - 2025-02-24 11:07:17.451358 Start extracting bitcoin real-time price...
[2025-02-24T11:07:17.612+0800] {subprocess.py:106} INFO - Done data extraction. Start storing to DB...
[2025-02-24T11:07:17.616+0800] {subprocess.py:106} INFO - [2025-02-24T11:07:17.607+0800] {extract_crypto.py:105} INFO - Done data extraction. Start storing to DB...
[2025-02-24T11:07:17.627+0800] {subprocess.py:106} INFO - 2025-02-24 11:07:17,627 INFO sqlalchemy.engine.Engine select pg_catalog.version()
[2025-02-24T11:07:17.631+0800] {subprocess.py:106} INFO - [2025-02-24T11:07:17.627+0800] {base.py:1863} INFO - select pg_catalog.version()
[2025-02-24T11:07:17.634+0800] {subprocess.py:106} INFO - 2025-02-24 11:07:17,630 INFO sqlalchemy.engine.Engine [raw sql] {}
[2025-02-24T11:07:17.636+0800] {subprocess.py:106} INFO - [2025-02-24T11:07:17.630+0800] {base.py:1868} INFO - [raw sql] {}
[2025-02-24T11:07:17.639+0800] {subprocess.py:106} INFO - 2025-02-24 11:07:17,632 INFO sqlalchemy.engine.Engine select current_schema()
[2025-02-24T11:07:17.642+0800] {subprocess.py:106} INFO - [2025-02-24T11:07:17.632+0800] {base.py:1863} INFO - select current_schema()
[2025-02-24T11:07:17.644+0800] {subprocess.py:106} INFO - 2025-02-24 11:07:17,634 INFO sqlalchemy.engine.Engine [raw sql] {}
[2025-02-24T11:07:17.646+0800] {subprocess.py:106} INFO - [2025-02-24T11:07:17.634+0800] {base.py:1868} INFO - [raw sql] {}
[2025-02-24T11:07:17.648+0800] {subprocess.py:106} INFO - 2025-02-24 11:07:17,636 INFO sqlalchemy.engine.Engine show standard_conforming_strings
[2025-02-24T11:07:17.653+0800] {subprocess.py:106} INFO - [2025-02-24T11:07:17.636+0800] {base.py:1863} INFO - show standard_conforming_strings
[2025-02-24T11:07:17.657+0800] {subprocess.py:106} INFO - 2025-02-24 11:07:17,638 INFO sqlalchemy.engine.Engine [raw sql] {}
[2025-02-24T11:07:17.661+0800] {subprocess.py:106} INFO - [2025-02-24T11:07:17.638+0800] {base.py:1868} INFO - [raw sql] {}
[2025-02-24T11:07:17.665+0800] {subprocess.py:106} INFO - 2025-02-24 11:07:17,642 INFO sqlalchemy.engine.Engine BEGIN (implicit)
[2025-02-24T11:07:17.669+0800] {subprocess.py:106} INFO - [2025-02-24T11:07:17.642+0800] {base.py:1032} INFO - BEGIN (implicit)
[2025-02-24T11:07:17.673+0800] {subprocess.py:106} INFO - 2025-02-24 11:07:17,644 INFO sqlalchemy.engine.Engine INSERT INTO muse_project (update_time, crypto_name, price, hour_change_rate, volume) VALUES (%(update_time)s, %(crypto_name)s, %(price)s, %(hour_change_rate)s, %(volume)s)
[2025-02-24T11:07:17.680+0800] {subprocess.py:106} INFO - [2025-02-24T11:07:17.644+0800] {base.py:1863} INFO - INSERT INTO muse_project (update_time, crypto_name, price, hour_change_rate, volume) VALUES (%(update_time)s, %(crypto_name)s, %(price)s, %(hour_change_rate)s, %(volume)s)
[2025-02-24T11:07:17.686+0800] {subprocess.py:106} INFO - 2025-02-24 11:07:17,646 INFO sqlalchemy.engine.Engine [generated in 0.00185s] ({'update_time': datetime.datetime(2025, 2, 24, 11, 7, 17, 606924), 'crypto_name': 'Bitcoin', 'price': 95747.08, 'hour_change_rate': -0.13, 'volume': 19570329133.0}, {'update_time': datetime.datetime(2025, 2, 24, 11, 7, 17, 607079), 'crypto_name': 'Ethereum', 'price': 2768.92, 'hour_change_rate': -0.75, 'volume': 21519743857.0}, {'update_time': datetime.datetime(2025, 2, 24, 11, 7, 17, 607194), 'crypto_name': 'XRP', 'price': 2.54, 'hour_change_rate': -0.4, 'volume': 2500336559.0}, {'update_time': datetime.datetime(2025, 2, 24, 11, 7, 17, 607292), 'crypto_name': 'Tether', 'price': 1.0, 'hour_change_rate': 0.02, 'volume': 57620074685.0}, {'update_time': datetime.datetime(2025, 2, 24, 11, 7, 17, 607413), 'crypto_name': 'BNB', 'price': 649.89, 'hour_change_rate': -0.19, 'volume': 1484682766.0}, {'update_time': datetime.datetime(2025, 2, 24, 11, 7, 17, 607510), 'crypto_name': 'Solana', 'price': 163.08, 'hour_change_rate': -0.32, 'volume': 1957988825.0}, {'update_time': datetime.datetime(2025, 2, 24, 11, 7, 17, 607603), 'crypto_name': 'USDC', 'price': 0.9999, 'hour_change_rate': 0.0, 'volume': 5124310223.0}, {'update_time': datetime.datetime(2025, 2, 24, 11, 7, 17, 607695), 'crypto_name': 'Dogecoin', 'price': 0.2349, 'hour_change_rate': -1.85, 'volume': 807362655.0}, {'update_time': datetime.datetime(2025, 2, 24, 11, 7, 17, 607786), 'crypto_name': 'Cardano', 'price': 0.7573, 'hour_change_rate': -0.99, 'volume': 512247485.0}, {'update_time': datetime.datetime(2025, 2, 24, 11, 7, 17, 607877), 'crypto_name': 'TRON', 'price': 0.2448, 'hour_change_rate': -0.01, 'volume': 433694439.0})
[2025-02-24T11:07:17.692+0800] {subprocess.py:106} INFO - [2025-02-24T11:07:17.646+0800] {base.py:1868} INFO - [generated in 0.00185s] ({'update_time': datetime.datetime(2025, 2, 24, 11, 7, 17, 606924), 'crypto_name': 'Bitcoin', 'price': 95747.08, 'hour_change_rate': -0.13, 'volume': 19570329133.0}, {'update_time': datetime.datetime(2025, 2, 24, 11, 7, 17, 607079), 'crypto_name': 'Ethereum', 'price': 2768.92, 'hour_change_rate': -0.75, 'volume': 21519743857.0}, {'update_time': datetime.datetime(2025, 2, 24, 11, 7, 17, 607194), 'crypto_name': 'XRP', 'price': 2.54, 'hour_change_rate': -0.4, 'volume': 2500336559.0}, {'update_time': datetime.datetime(2025, 2, 24, 11, 7, 17, 607292), 'crypto_name': 'Tether', 'price': 1.0, 'hour_change_rate': 0.02, 'volume': 57620074685.0}, {'update_time': datetime.datetime(2025, 2, 24, 11, 7, 17, 607413), 'crypto_name': 'BNB', 'price': 649.89, 'hour_change_rate': -0.19, 'volume': 1484682766.0}, {'update_time': datetime.datetime(2025, 2, 24, 11, 7, 17, 607510), 'crypto_name': 'Solana', 'price': 163.08, 'hour_change_rate': -0.32, 'volume': 1957988825.0}, {'update_time': datetime.datetime(2025, 2, 24, 11, 7, 17, 607603), 'crypto_name': 'USDC', 'price': 0.9999, 'hour_change_rate': 0.0, 'volume': 5124310223.0}, {'update_time': datetime.datetime(2025, 2, 24, 11, 7, 17, 607695), 'crypto_name': 'Dogecoin', 'price': 0.2349, 'hour_change_rate': -1.85, 'volume': 807362655.0}, {'update_time': datetime.datetime(2025, 2, 24, 11, 7, 17, 607786), 'crypto_name': 'Cardano', 'price': 0.7573, 'hour_change_rate': -0.99, 'volume': 512247485.0}, {'update_time': datetime.datetime(2025, 2, 24, 11, 7, 17, 607877), 'crypto_name': 'TRON', 'price': 0.2448, 'hour_change_rate': -0.01, 'volume': 433694439.0})
[2025-02-24T11:07:17.697+0800] {subprocess.py:106} INFO - 2025-02-24 11:07:17,650 INFO sqlalchemy.engine.Engine COMMIT
[2025-02-24T11:07:17.702+0800] {subprocess.py:106} INFO - [2025-02-24T11:07:17.650+0800] {base.py:1092} INFO - COMMIT
[2025-02-24T11:07:17.706+0800] {subprocess.py:106} INFO - Done bulk insert.
[2025-02-24T11:07:17.710+0800] {subprocess.py:106} INFO - Done price extraction.
[2025-02-24T11:07:17.715+0800] {subprocess.py:106} INFO - [2025-02-24T11:07:17.657+0800] {extract_crypto.py:135} INFO - 2025-02-24 11:07:17.657654 Done price extraction.
[2025-02-24T11:07:17.887+0800] {subprocess.py:110} INFO - Command exited with return code 0
[2025-02-24T11:07:17.944+0800] {taskinstance.py:341} INFO - ::group::Post task execution logs
[2025-02-24T11:07:17.946+0800] {taskinstance.py:353} INFO - Marking task as SUCCESS. dag_id=muse_dag, task_id=extract_crypto_data, run_id=scheduled__2025-02-23T10:50:00+00:00, execution_date=20250223T105000, start_date=20250224T030701, end_date=20250224T030717
[2025-02-24T11:07:18.027+0800] {logging_mixin.py:190} INFO - Task instance in success state
[2025-02-24T11:07:18.029+0800] {logging_mixin.py:190} INFO -  Previous state of the Task instance: running
[2025-02-24T11:07:18.030+0800] {logging_mixin.py:190} INFO - Dag name:muse_dag queued_at:2025-02-24 03:04:30.658326+00:00
[2025-02-24T11:07:18.032+0800] {logging_mixin.py:190} INFO - Task hostname:LAPTOP-7NCGBFK9. operator:BashOperator
[2025-02-24T11:07:18.064+0800] {local_task_job_runner.py:266} INFO - Task exited with return code 0
[2025-02-24T11:07:18.105+0800] {taskinstance.py:3901} INFO - 0 downstream tasks scheduled from follow-on schedule check
[2025-02-24T11:07:18.110+0800] {local_task_job_runner.py:245} INFO - ::endgroup::
