[2025-02-24T11:40:27.335+0800] {local_task_job_runner.py:123} INFO - ::group::Pre task execution logs
[2025-02-24T11:40:27.358+0800] {taskinstance.py:2614} INFO - Dependencies all met for dep_context=non-requeueable deps ti=<TaskInstance: muse_dag.extract_crypto_data scheduled__2025-02-24T03:30:00+00:00 [queued]>
[2025-02-24T11:40:27.371+0800] {taskinstance.py:2614} INFO - Dependencies all met for dep_context=requeueable deps ti=<TaskInstance: muse_dag.extract_crypto_data scheduled__2025-02-24T03:30:00+00:00 [queued]>
[2025-02-24T11:40:27.373+0800] {taskinstance.py:2867} INFO - Starting attempt 1 of 2
[2025-02-24T11:40:27.412+0800] {taskinstance.py:2890} INFO - Executing <Task(BashOperator): extract_crypto_data> on 2025-02-24 03:30:00+00:00
[2025-02-24T11:40:27.417+0800] {standard_task_runner.py:72} INFO - Started process 75916 to run task
[2025-02-24T11:40:27.420+0800] {standard_task_runner.py:104} INFO - Running: ['airflow', 'tasks', 'run', 'muse_dag', 'extract_crypto_data', 'scheduled__2025-02-24T03:30:00+00:00', '--job-id', '40', '--raw', '--subdir', 'DAGS_FOLDER/muse_dag.py', '--cfg-path', '/tmp/tmp_jzuixsa']
[2025-02-24T11:40:27.423+0800] {standard_task_runner.py:105} INFO - Job 40: Subtask extract_crypto_data
[2025-02-24T11:40:27.519+0800] {task_command.py:467} INFO - Running <TaskInstance: muse_dag.extract_crypto_data scheduled__2025-02-24T03:30:00+00:00 [running]> on host LAPTOP-7NCGBFK9.
[2025-02-24T11:40:27.686+0800] {taskinstance.py:3134} INFO - Exporting env vars: AIRFLOW_CTX_DAG_OWNER='laurence' AIRFLOW_CTX_DAG_ID='muse_dag' AIRFLOW_CTX_TASK_ID='extract_crypto_data' AIRFLOW_CTX_EXECUTION_DATE='2025-02-24T03:30:00+00:00' AIRFLOW_CTX_TRY_NUMBER='1' AIRFLOW_CTX_DAG_RUN_ID='scheduled__2025-02-24T03:30:00+00:00'
[2025-02-24T11:40:27.689+0800] {logging_mixin.py:190} INFO - Task instance is in running state
[2025-02-24T11:40:27.691+0800] {logging_mixin.py:190} INFO -  Previous state of the Task instance: queued
[2025-02-24T11:40:27.693+0800] {logging_mixin.py:190} INFO - Current task name:extract_crypto_data state:running start_date:2025-02-24 03:40:27.359942+00:00
[2025-02-24T11:40:27.694+0800] {logging_mixin.py:190} INFO - Dag name:muse_dag and current dag run status:running
[2025-02-24T11:40:27.700+0800] {taskinstance.py:732} INFO - ::endgroup::
[2025-02-24T11:40:27.710+0800] {subprocess.py:78} INFO - Tmp dir root location: /tmp
[2025-02-24T11:40:27.713+0800] {subprocess.py:88} INFO - Running command: ['/usr/bin/bash', '-c', '/mnt/c/Users/User/laurence/Muse_assessment/muse_env/bin/python3 /mnt/c/Users/User/laurence/Muse_assessment/src/extract_crypto.py']
[2025-02-24T11:40:27.719+0800] {subprocess.py:99} INFO - Output:
[2025-02-24T11:40:42.354+0800] {subprocess.py:106} INFO - /mnt/c/Users/User/laurence/Muse_assessment/src/extract_crypto.py:45 MovedIn20Warning: Deprecated API features detected! These feature(s) are not compatible with SQLAlchemy 2.0. To prevent incompatible upgrades prior to updating applications, ensure requirements files are pinned to "sqlalchemy<2.0". Set environment variable SQLALCHEMY_WARN_20=1 to show all deprecation warnings.  Set environment variable SQLALCHEMY_SILENCE_UBER_WARNING=1 to silence this message. (Background on SQLAlchemy 2.0 at: https://sqlalche.me/e/b8d9)
[2025-02-24T11:40:42.360+0800] {subprocess.py:106} INFO - reset new handlers!
[2025-02-24T11:40:42.361+0800] {subprocess.py:106} INFO - Start extracting bitcoin real-time price...
[2025-02-24T11:40:42.364+0800] {subprocess.py:106} INFO - [2025-02-24T11:40:42.355+0800] {extract_crypto.py:131} INFO - 2025-02-24 11:40:42.355467 Start extracting bitcoin real-time price...
[2025-02-24T11:40:42.467+0800] {subprocess.py:106} INFO - Done data extraction. Start storing to DB...
[2025-02-24T11:40:42.473+0800] {subprocess.py:106} INFO - [2025-02-24T11:40:42.464+0800] {extract_crypto.py:105} INFO - Done data extraction. Start storing to DB...
[2025-02-24T11:40:42.478+0800] {subprocess.py:106} INFO - 2025-02-24 11:40:42,478 INFO sqlalchemy.engine.Engine select pg_catalog.version()
[2025-02-24T11:40:42.480+0800] {subprocess.py:106} INFO - [2025-02-24T11:40:42.478+0800] {base.py:1863} INFO - select pg_catalog.version()
[2025-02-24T11:40:42.483+0800] {subprocess.py:106} INFO - 2025-02-24 11:40:42,480 INFO sqlalchemy.engine.Engine [raw sql] {}
[2025-02-24T11:40:42.484+0800] {subprocess.py:106} INFO - [2025-02-24T11:40:42.480+0800] {base.py:1868} INFO - [raw sql] {}
[2025-02-24T11:40:42.487+0800] {subprocess.py:106} INFO - 2025-02-24 11:40:42,482 INFO sqlalchemy.engine.Engine select current_schema()
[2025-02-24T11:40:42.489+0800] {subprocess.py:106} INFO - [2025-02-24T11:40:42.482+0800] {base.py:1863} INFO - select current_schema()
[2025-02-24T11:40:42.491+0800] {subprocess.py:106} INFO - 2025-02-24 11:40:42,483 INFO sqlalchemy.engine.Engine [raw sql] {}
[2025-02-24T11:40:42.493+0800] {subprocess.py:106} INFO - [2025-02-24T11:40:42.483+0800] {base.py:1868} INFO - [raw sql] {}
[2025-02-24T11:40:42.495+0800] {subprocess.py:106} INFO - 2025-02-24 11:40:42,484 INFO sqlalchemy.engine.Engine show standard_conforming_strings
[2025-02-24T11:40:42.497+0800] {subprocess.py:106} INFO - [2025-02-24T11:40:42.484+0800] {base.py:1863} INFO - show standard_conforming_strings
[2025-02-24T11:40:42.499+0800] {subprocess.py:106} INFO - 2025-02-24 11:40:42,485 INFO sqlalchemy.engine.Engine [raw sql] {}
[2025-02-24T11:40:42.501+0800] {subprocess.py:106} INFO - [2025-02-24T11:40:42.485+0800] {base.py:1868} INFO - [raw sql] {}
[2025-02-24T11:40:42.503+0800] {subprocess.py:106} INFO - 2025-02-24 11:40:42,487 INFO sqlalchemy.engine.Engine BEGIN (implicit)
[2025-02-24T11:40:42.506+0800] {subprocess.py:106} INFO - [2025-02-24T11:40:42.487+0800] {base.py:1032} INFO - BEGIN (implicit)
[2025-02-24T11:40:42.508+0800] {subprocess.py:106} INFO - 2025-02-24 11:40:42,489 INFO sqlalchemy.engine.Engine INSERT INTO muse_project (update_time, crypto_name, price, hour_change_rate, volume) VALUES (%(update_time)s, %(crypto_name)s, %(price)s, %(hour_change_rate)s, %(volume)s)
[2025-02-24T11:40:42.510+0800] {subprocess.py:106} INFO - [2025-02-24T11:40:42.489+0800] {base.py:1863} INFO - INSERT INTO muse_project (update_time, crypto_name, price, hour_change_rate, volume) VALUES (%(update_time)s, %(crypto_name)s, %(price)s, %(hour_change_rate)s, %(volume)s)
[2025-02-24T11:40:42.512+0800] {subprocess.py:106} INFO - 2025-02-24 11:40:42,491 INFO sqlalchemy.engine.Engine [generated in 0.00175s] ({'update_time': datetime.datetime(2025, 2, 24, 11, 40, 42, 463648), 'crypto_name': 'Bitcoin', 'price': 95636.67, 'hour_change_rate': -0.41, 'volume': 18154806024.0}, {'update_time': datetime.datetime(2025, 2, 24, 11, 40, 42, 463763), 'crypto_name': 'Ethereum', 'price': 2729.61, 'hour_change_rate': -1.73, 'volume': 20173581170.0}, {'update_time': datetime.datetime(2025, 2, 24, 11, 40, 42, 463858), 'crypto_name': 'XRP', 'price': 2.5, 'hour_change_rate': -1.93, 'volume': 2685916563.0}, {'update_time': datetime.datetime(2025, 2, 24, 11, 40, 42, 463947), 'crypto_name': 'Tether', 'price': 1.0, 'hour_change_rate': 0.0, 'volume': 56156903290.0}, {'update_time': datetime.datetime(2025, 2, 24, 11, 40, 42, 464032), 'crypto_name': 'BNB', 'price': 646.28, 'hour_change_rate': -0.68, 'volume': 1496301396.0}, {'update_time': datetime.datetime(2025, 2, 24, 11, 40, 42, 464117), 'crypto_name': 'Solana', 'price': 161.34, 'hour_change_rate': -1.54, 'volume': 2067363285.0}, {'update_time': datetime.datetime(2025, 2, 24, 11, 40, 42, 464229), 'crypto_name': 'USDC', 'price': 1.0, 'hour_change_rate': 0.02, 'volume': 5461311568.0}, {'update_time': datetime.datetime(2025, 2, 24, 11, 40, 42, 464318), 'crypto_name': 'Dogecoin', 'price': 0.2298, 'hour_change_rate': -3.03, 'volume': 918576836.0}, {'update_time': datetime.datetime(2025, 2, 24, 11, 40, 42, 464404), 'crypto_name': 'Cardano', 'price': 0.7452, 'hour_change_rate': -2.1, 'volume': 528540463.0}, {'update_time': datetime.datetime(2025, 2, 24, 11, 40, 42, 464606), 'crypto_name': 'TRON', 'price': 0.243, 'hour_change_rate': -0.66, 'volume': 429404386.0})
[2025-02-24T11:40:42.514+0800] {subprocess.py:106} INFO - [2025-02-24T11:40:42.491+0800] {base.py:1868} INFO - [generated in 0.00175s] ({'update_time': datetime.datetime(2025, 2, 24, 11, 40, 42, 463648), 'crypto_name': 'Bitcoin', 'price': 95636.67, 'hour_change_rate': -0.41, 'volume': 18154806024.0}, {'update_time': datetime.datetime(2025, 2, 24, 11, 40, 42, 463763), 'crypto_name': 'Ethereum', 'price': 2729.61, 'hour_change_rate': -1.73, 'volume': 20173581170.0}, {'update_time': datetime.datetime(2025, 2, 24, 11, 40, 42, 463858), 'crypto_name': 'XRP', 'price': 2.5, 'hour_change_rate': -1.93, 'volume': 2685916563.0}, {'update_time': datetime.datetime(2025, 2, 24, 11, 40, 42, 463947), 'crypto_name': 'Tether', 'price': 1.0, 'hour_change_rate': 0.0, 'volume': 56156903290.0}, {'update_time': datetime.datetime(2025, 2, 24, 11, 40, 42, 464032), 'crypto_name': 'BNB', 'price': 646.28, 'hour_change_rate': -0.68, 'volume': 1496301396.0}, {'update_time': datetime.datetime(2025, 2, 24, 11, 40, 42, 464117), 'crypto_name': 'Solana', 'price': 161.34, 'hour_change_rate': -1.54, 'volume': 2067363285.0}, {'update_time': datetime.datetime(2025, 2, 24, 11, 40, 42, 464229), 'crypto_name': 'USDC', 'price': 1.0, 'hour_change_rate': 0.02, 'volume': 5461311568.0}, {'update_time': datetime.datetime(2025, 2, 24, 11, 40, 42, 464318), 'crypto_name': 'Dogecoin', 'price': 0.2298, 'hour_change_rate': -3.03, 'volume': 918576836.0}, {'update_time': datetime.datetime(2025, 2, 24, 11, 40, 42, 464404), 'crypto_name': 'Cardano', 'price': 0.7452, 'hour_change_rate': -2.1, 'volume': 528540463.0}, {'update_time': datetime.datetime(2025, 2, 24, 11, 40, 42, 464606), 'crypto_name': 'TRON', 'price': 0.243, 'hour_change_rate': -0.66, 'volume': 429404386.0})
[2025-02-24T11:40:42.516+0800] {subprocess.py:106} INFO - 2025-02-24 11:40:42,493 INFO sqlalchemy.engine.Engine COMMIT
[2025-02-24T11:40:42.518+0800] {subprocess.py:106} INFO - [2025-02-24T11:40:42.493+0800] {base.py:1092} INFO - COMMIT
[2025-02-24T11:40:42.520+0800] {subprocess.py:106} INFO - Done bulk insert.
[2025-02-24T11:40:42.522+0800] {subprocess.py:106} INFO - Done price extraction.
[2025-02-24T11:40:42.523+0800] {subprocess.py:106} INFO - [2025-02-24T11:40:42.499+0800] {extract_crypto.py:135} INFO - 2025-02-24 11:40:42.499189 Done price extraction.
[2025-02-24T11:40:42.698+0800] {subprocess.py:110} INFO - Command exited with return code 0
[2025-02-24T11:40:42.749+0800] {taskinstance.py:341} INFO - ::group::Post task execution logs
[2025-02-24T11:40:42.751+0800] {taskinstance.py:353} INFO - Marking task as SUCCESS. dag_id=muse_dag, task_id=extract_crypto_data, run_id=scheduled__2025-02-24T03:30:00+00:00, execution_date=20250224T033000, start_date=20250224T034027, end_date=20250224T034042
[2025-02-24T11:40:42.852+0800] {logging_mixin.py:190} INFO - Task instance in success state
[2025-02-24T11:40:42.854+0800] {logging_mixin.py:190} INFO -  Previous state of the Task instance: running
[2025-02-24T11:40:42.855+0800] {logging_mixin.py:190} INFO - Dag name:muse_dag queued_at:2025-02-24 03:40:01.115839+00:00
[2025-02-24T11:40:42.857+0800] {logging_mixin.py:190} INFO - Task hostname:LAPTOP-7NCGBFK9. operator:BashOperator
[2025-02-24T11:40:42.872+0800] {local_task_job_runner.py:266} INFO - Task exited with return code 0
[2025-02-24T11:40:42.901+0800] {taskinstance.py:3901} INFO - 0 downstream tasks scheduled from follow-on schedule check
[2025-02-24T11:40:42.905+0800] {local_task_job_runner.py:245} INFO - ::endgroup::
