[2025-02-24T12:00:26.942+0800] {local_task_job_runner.py:123} INFO - ::group::Pre task execution logs
[2025-02-24T12:00:26.966+0800] {taskinstance.py:2614} INFO - Dependencies all met for dep_context=non-requeueable deps ti=<TaskInstance: muse_dag.extract_crypto_data scheduled__2025-02-24T03:50:00+00:00 [queued]>
[2025-02-24T12:00:26.983+0800] {taskinstance.py:2614} INFO - Dependencies all met for dep_context=requeueable deps ti=<TaskInstance: muse_dag.extract_crypto_data scheduled__2025-02-24T03:50:00+00:00 [queued]>
[2025-02-24T12:00:26.985+0800] {taskinstance.py:2867} INFO - Starting attempt 1 of 2
[2025-02-24T12:00:27.037+0800] {taskinstance.py:2890} INFO - Executing <Task(BashOperator): extract_crypto_data> on 2025-02-24 03:50:00+00:00
[2025-02-24T12:00:27.042+0800] {standard_task_runner.py:72} INFO - Started process 85319 to run task
[2025-02-24T12:00:27.044+0800] {standard_task_runner.py:104} INFO - Running: ['airflow', 'tasks', 'run', 'muse_dag', 'extract_crypto_data', 'scheduled__2025-02-24T03:50:00+00:00', '--job-id', '42', '--raw', '--subdir', 'DAGS_FOLDER/muse_dag.py', '--cfg-path', '/tmp/tmp28hjf1x8']
[2025-02-24T12:00:27.046+0800] {standard_task_runner.py:105} INFO - Job 42: Subtask extract_crypto_data
[2025-02-24T12:00:27.151+0800] {task_command.py:467} INFO - Running <TaskInstance: muse_dag.extract_crypto_data scheduled__2025-02-24T03:50:00+00:00 [running]> on host LAPTOP-7NCGBFK9.
[2025-02-24T12:00:27.297+0800] {taskinstance.py:3134} INFO - Exporting env vars: AIRFLOW_CTX_DAG_OWNER='laurence' AIRFLOW_CTX_DAG_ID='muse_dag' AIRFLOW_CTX_TASK_ID='extract_crypto_data' AIRFLOW_CTX_EXECUTION_DATE='2025-02-24T03:50:00+00:00' AIRFLOW_CTX_TRY_NUMBER='1' AIRFLOW_CTX_DAG_RUN_ID='scheduled__2025-02-24T03:50:00+00:00'
[2025-02-24T12:00:27.301+0800] {logging_mixin.py:190} INFO - Task instance is in running state
[2025-02-24T12:00:27.302+0800] {logging_mixin.py:190} INFO -  Previous state of the Task instance: queued
[2025-02-24T12:00:27.305+0800] {logging_mixin.py:190} INFO - Current task name:extract_crypto_data state:running start_date:2025-02-24 04:00:26.969036+00:00
[2025-02-24T12:00:27.306+0800] {logging_mixin.py:190} INFO - Dag name:muse_dag and current dag run status:running
[2025-02-24T12:00:27.310+0800] {taskinstance.py:732} INFO - ::endgroup::
[2025-02-24T12:00:27.319+0800] {subprocess.py:78} INFO - Tmp dir root location: /tmp
[2025-02-24T12:00:27.321+0800] {subprocess.py:88} INFO - Running command: ['/usr/bin/bash', '-c', '/mnt/c/Users/User/laurence/Muse_assessment/muse_env/bin/python3 /mnt/c/Users/User/laurence/Muse_assessment/src/extract_crypto.py']
[2025-02-24T12:00:27.329+0800] {subprocess.py:99} INFO - Output:
[2025-02-24T12:00:39.207+0800] {subprocess.py:106} INFO - /mnt/c/Users/User/laurence/Muse_assessment/src/extract_crypto.py:45 MovedIn20Warning: Deprecated API features detected! These feature(s) are not compatible with SQLAlchemy 2.0. To prevent incompatible upgrades prior to updating applications, ensure requirements files are pinned to "sqlalchemy<2.0". Set environment variable SQLALCHEMY_WARN_20=1 to show all deprecation warnings.  Set environment variable SQLALCHEMY_SILENCE_UBER_WARNING=1 to silence this message. (Background on SQLAlchemy 2.0 at: https://sqlalche.me/e/b8d9)
[2025-02-24T12:00:39.218+0800] {subprocess.py:106} INFO - reset new handlers!
[2025-02-24T12:00:39.220+0800] {subprocess.py:106} INFO - Start extracting bitcoin real-time price...
[2025-02-24T12:00:39.222+0800] {subprocess.py:106} INFO - [2025-02-24T12:00:39.208+0800] {extract_crypto.py:131} INFO - 2025-02-24 12:00:39.208267 Start extracting bitcoin real-time price...
[2025-02-24T12:00:39.351+0800] {subprocess.py:106} INFO - Done data extraction. Start storing to DB...
[2025-02-24T12:00:39.353+0800] {subprocess.py:106} INFO - [2025-02-24T12:00:39.346+0800] {extract_crypto.py:105} INFO - Done data extraction. Start storing to DB...
[2025-02-24T12:00:39.360+0800] {subprocess.py:106} INFO - 2025-02-24 12:00:39,360 INFO sqlalchemy.engine.Engine select pg_catalog.version()
[2025-02-24T12:00:39.362+0800] {subprocess.py:106} INFO - [2025-02-24T12:00:39.360+0800] {base.py:1863} INFO - select pg_catalog.version()
[2025-02-24T12:00:39.363+0800] {subprocess.py:106} INFO - 2025-02-24 12:00:39,361 INFO sqlalchemy.engine.Engine [raw sql] {}
[2025-02-24T12:00:39.363+0800] {subprocess.py:106} INFO - [2025-02-24T12:00:39.361+0800] {base.py:1868} INFO - [raw sql] {}
[2025-02-24T12:00:39.365+0800] {subprocess.py:106} INFO - 2025-02-24 12:00:39,363 INFO sqlalchemy.engine.Engine select current_schema()
[2025-02-24T12:00:39.366+0800] {subprocess.py:106} INFO - [2025-02-24T12:00:39.363+0800] {base.py:1863} INFO - select current_schema()
[2025-02-24T12:00:39.367+0800] {subprocess.py:106} INFO - 2025-02-24 12:00:39,363 INFO sqlalchemy.engine.Engine [raw sql] {}
[2025-02-24T12:00:39.367+0800] {subprocess.py:106} INFO - [2025-02-24T12:00:39.363+0800] {base.py:1868} INFO - [raw sql] {}
[2025-02-24T12:00:39.368+0800] {subprocess.py:106} INFO - 2025-02-24 12:00:39,364 INFO sqlalchemy.engine.Engine show standard_conforming_strings
[2025-02-24T12:00:39.369+0800] {subprocess.py:106} INFO - [2025-02-24T12:00:39.364+0800] {base.py:1863} INFO - show standard_conforming_strings
[2025-02-24T12:00:39.370+0800] {subprocess.py:106} INFO - 2025-02-24 12:00:39,365 INFO sqlalchemy.engine.Engine [raw sql] {}
[2025-02-24T12:00:39.371+0800] {subprocess.py:106} INFO - [2025-02-24T12:00:39.365+0800] {base.py:1868} INFO - [raw sql] {}
[2025-02-24T12:00:39.372+0800] {subprocess.py:106} INFO - 2025-02-24 12:00:39,366 INFO sqlalchemy.engine.Engine BEGIN (implicit)
[2025-02-24T12:00:39.373+0800] {subprocess.py:106} INFO - [2025-02-24T12:00:39.366+0800] {base.py:1032} INFO - BEGIN (implicit)
[2025-02-24T12:00:39.374+0800] {subprocess.py:106} INFO - 2025-02-24 12:00:39,368 INFO sqlalchemy.engine.Engine INSERT INTO muse_project (update_time, crypto_name, price, hour_change_rate, volume) VALUES (%(update_time)s, %(crypto_name)s, %(price)s, %(hour_change_rate)s, %(volume)s)
[2025-02-24T12:00:39.375+0800] {subprocess.py:106} INFO - [2025-02-24T12:00:39.368+0800] {base.py:1863} INFO - INSERT INTO muse_project (update_time, crypto_name, price, hour_change_rate, volume) VALUES (%(update_time)s, %(crypto_name)s, %(price)s, %(hour_change_rate)s, %(volume)s)
[2025-02-24T12:00:39.376+0800] {subprocess.py:106} INFO - 2025-02-24 12:00:39,368 INFO sqlalchemy.engine.Engine [generated in 0.00076s] ({'update_time': datetime.datetime(2025, 2, 24, 12, 0, 39, 345417), 'crypto_name': 'Bitcoin', 'price': 95535.01, 'hour_change_rate': -0.42, 'volume': 20317225421.0}, {'update_time': datetime.datetime(2025, 2, 24, 12, 0, 39, 345523), 'crypto_name': 'Ethereum', 'price': 2726.8, 'hour_change_rate': -2.15, 'volume': 23011902764.0}, {'update_time': datetime.datetime(2025, 2, 24, 12, 0, 39, 345605), 'crypto_name': 'XRP', 'price': 2.5, 'hour_change_rate': -1.59, 'volume': 2905271490.0}, {'update_time': datetime.datetime(2025, 2, 24, 12, 0, 39, 345684), 'crypto_name': 'Tether', 'price': 1.0, 'hour_change_rate': 0.0, 'volume': 59907617962.0}, {'update_time': datetime.datetime(2025, 2, 24, 12, 0, 39, 345761), 'crypto_name': 'BNB', 'price': 645.87, 'hour_change_rate': -0.87, 'volume': 1501458430.0}, {'update_time': datetime.datetime(2025, 2, 24, 12, 0, 39, 345838), 'crypto_name': 'Solana', 'price': 161.74, 'hour_change_rate': -1.14, 'volume': 2135942641.0}, {'update_time': datetime.datetime(2025, 2, 24, 12, 0, 39, 345944), 'crypto_name': 'USDC', 'price': 0.9999, 'hour_change_rate': 0.0, 'volume': 5636755693.0}, {'update_time': datetime.datetime(2025, 2, 24, 12, 0, 39, 346039), 'crypto_name': 'Dogecoin', 'price': 0.2313, 'hour_change_rate': -2.25, 'volume': 976036209.0}, {'update_time': datetime.datetime(2025, 2, 24, 12, 0, 39, 346163), 'crypto_name': 'Cardano', 'price': 0.746, 'hour_change_rate': -1.87, 'volume': 541743504.0}, {'update_time': datetime.datetime(2025, 2, 24, 12, 0, 39, 346243), 'crypto_name': 'TRON', 'price': 0.2431, 'hour_change_rate': -0.65, 'volume': 433281826.0})
[2025-02-24T12:00:39.378+0800] {subprocess.py:106} INFO - [2025-02-24T12:00:39.368+0800] {base.py:1868} INFO - [generated in 0.00076s] ({'update_time': datetime.datetime(2025, 2, 24, 12, 0, 39, 345417), 'crypto_name': 'Bitcoin', 'price': 95535.01, 'hour_change_rate': -0.42, 'volume': 20317225421.0}, {'update_time': datetime.datetime(2025, 2, 24, 12, 0, 39, 345523), 'crypto_name': 'Ethereum', 'price': 2726.8, 'hour_change_rate': -2.15, 'volume': 23011902764.0}, {'update_time': datetime.datetime(2025, 2, 24, 12, 0, 39, 345605), 'crypto_name': 'XRP', 'price': 2.5, 'hour_change_rate': -1.59, 'volume': 2905271490.0}, {'update_time': datetime.datetime(2025, 2, 24, 12, 0, 39, 345684), 'crypto_name': 'Tether', 'price': 1.0, 'hour_change_rate': 0.0, 'volume': 59907617962.0}, {'update_time': datetime.datetime(2025, 2, 24, 12, 0, 39, 345761), 'crypto_name': 'BNB', 'price': 645.87, 'hour_change_rate': -0.87, 'volume': 1501458430.0}, {'update_time': datetime.datetime(2025, 2, 24, 12, 0, 39, 345838), 'crypto_name': 'Solana', 'price': 161.74, 'hour_change_rate': -1.14, 'volume': 2135942641.0}, {'update_time': datetime.datetime(2025, 2, 24, 12, 0, 39, 345944), 'crypto_name': 'USDC', 'price': 0.9999, 'hour_change_rate': 0.0, 'volume': 5636755693.0}, {'update_time': datetime.datetime(2025, 2, 24, 12, 0, 39, 346039), 'crypto_name': 'Dogecoin', 'price': 0.2313, 'hour_change_rate': -2.25, 'volume': 976036209.0}, {'update_time': datetime.datetime(2025, 2, 24, 12, 0, 39, 346163), 'crypto_name': 'Cardano', 'price': 0.746, 'hour_change_rate': -1.87, 'volume': 541743504.0}, {'update_time': datetime.datetime(2025, 2, 24, 12, 0, 39, 346243), 'crypto_name': 'TRON', 'price': 0.2431, 'hour_change_rate': -0.65, 'volume': 433281826.0})
[2025-02-24T12:00:39.383+0800] {subprocess.py:106} INFO - 2025-02-24 12:00:39,370 INFO sqlalchemy.engine.Engine COMMIT
[2025-02-24T12:00:39.386+0800] {subprocess.py:106} INFO - [2025-02-24T12:00:39.370+0800] {base.py:1092} INFO - COMMIT
[2025-02-24T12:00:39.389+0800] {subprocess.py:106} INFO - Done bulk insert.
[2025-02-24T12:00:39.390+0800] {subprocess.py:106} INFO - Done price extraction.
[2025-02-24T12:00:39.392+0800] {subprocess.py:106} INFO - [2025-02-24T12:00:39.377+0800] {extract_crypto.py:135} INFO - 2025-02-24 12:00:39.377139 Done price extraction.
[2025-02-24T12:00:39.546+0800] {subprocess.py:110} INFO - Command exited with return code 0
[2025-02-24T12:00:39.602+0800] {taskinstance.py:341} INFO - ::group::Post task execution logs
[2025-02-24T12:00:39.605+0800] {taskinstance.py:353} INFO - Marking task as SUCCESS. dag_id=muse_dag, task_id=extract_crypto_data, run_id=scheduled__2025-02-24T03:50:00+00:00, execution_date=20250224T035000, start_date=20250224T040026, end_date=20250224T040039
[2025-02-24T12:00:39.697+0800] {logging_mixin.py:190} INFO - Task instance in success state
[2025-02-24T12:00:39.700+0800] {logging_mixin.py:190} INFO -  Previous state of the Task instance: running
[2025-02-24T12:00:39.702+0800] {logging_mixin.py:190} INFO - Dag name:muse_dag queued_at:2025-02-24 04:00:01.544656+00:00
[2025-02-24T12:00:39.704+0800] {logging_mixin.py:190} INFO - Task hostname:LAPTOP-7NCGBFK9. operator:BashOperator
[2025-02-24T12:00:39.731+0800] {local_task_job_runner.py:266} INFO - Task exited with return code 0
[2025-02-24T12:00:39.766+0800] {taskinstance.py:3901} INFO - 0 downstream tasks scheduled from follow-on schedule check
[2025-02-24T12:00:39.769+0800] {local_task_job_runner.py:245} INFO - ::endgroup::
