[2025-02-24T10:21:50.243+0800] {local_task_job_runner.py:123} INFO - ::group::Pre task execution logs
[2025-02-24T10:21:50.269+0800] {taskinstance.py:2614} INFO - Dependencies all met for dep_context=non-requeueable deps ti=<TaskInstance: muse_dag.extract_crypto_data scheduled__2025-02-01T01:40:00+00:00 [queued]>
[2025-02-24T10:21:50.286+0800] {taskinstance.py:2614} INFO - Dependencies all met for dep_context=requeueable deps ti=<TaskInstance: muse_dag.extract_crypto_data scheduled__2025-02-01T01:40:00+00:00 [queued]>
[2025-02-24T10:21:50.288+0800] {taskinstance.py:2867} INFO - Starting attempt 1 of 2
[2025-02-24T10:21:50.339+0800] {taskinstance.py:2890} INFO - Executing <Task(BashOperator): extract_crypto_data> on 2025-02-01 01:40:00+00:00
[2025-02-24T10:21:50.344+0800] {standard_task_runner.py:72} INFO - Started process 39554 to run task
[2025-02-24T10:21:50.348+0800] {standard_task_runner.py:104} INFO - Running: ['airflow', 'tasks', 'run', 'muse_dag', 'extract_crypto_data', 'scheduled__2025-02-01T01:40:00+00:00', '--job-id', '23', '--raw', '--subdir', 'DAGS_FOLDER/muse_dag.py', '--cfg-path', '/tmp/tmpid5zq52m']
[2025-02-24T10:21:50.351+0800] {standard_task_runner.py:105} INFO - Job 23: Subtask extract_crypto_data
[2025-02-24T10:21:50.458+0800] {task_command.py:467} INFO - Running <TaskInstance: muse_dag.extract_crypto_data scheduled__2025-02-01T01:40:00+00:00 [running]> on host LAPTOP-7NCGBFK9.
[2025-02-24T10:21:50.610+0800] {taskinstance.py:3134} INFO - Exporting env vars: AIRFLOW_CTX_DAG_OWNER='laurence' AIRFLOW_CTX_DAG_ID='muse_dag' AIRFLOW_CTX_TASK_ID='extract_crypto_data' AIRFLOW_CTX_EXECUTION_DATE='2025-02-01T01:40:00+00:00' AIRFLOW_CTX_TRY_NUMBER='1' AIRFLOW_CTX_DAG_RUN_ID='scheduled__2025-02-01T01:40:00+00:00'
[2025-02-24T10:21:50.613+0800] {logging_mixin.py:190} INFO - Task instance is in running state
[2025-02-24T10:21:50.615+0800] {logging_mixin.py:190} INFO -  Previous state of the Task instance: queued
[2025-02-24T10:21:50.617+0800] {logging_mixin.py:190} INFO - Current task name:extract_crypto_data state:running start_date:2025-02-24 02:21:50.271301+00:00
[2025-02-24T10:21:50.618+0800] {logging_mixin.py:190} INFO - Dag name:muse_dag and current dag run status:running
[2025-02-24T10:21:50.620+0800] {taskinstance.py:732} INFO - ::endgroup::
[2025-02-24T10:21:50.630+0800] {subprocess.py:78} INFO - Tmp dir root location: /tmp
[2025-02-24T10:21:50.632+0800] {subprocess.py:88} INFO - Running command: ['/usr/bin/bash', '-c', '/mnt/c/Users/User/laurence/Muse_assessment/muse_env/bin/python3 /mnt/c/Users/User/laurence/Muse_assessment/src/extract_crypto.py']
[2025-02-24T10:21:50.638+0800] {subprocess.py:99} INFO - Output:
[2025-02-24T10:22:08.577+0800] {subprocess.py:106} INFO - /mnt/c/Users/User/laurence/Muse_assessment/src/extract_crypto.py:45 MovedIn20Warning: Deprecated API features detected! These feature(s) are not compatible with SQLAlchemy 2.0. To prevent incompatible upgrades prior to updating applications, ensure requirements files are pinned to "sqlalchemy<2.0". Set environment variable SQLALCHEMY_WARN_20=1 to show all deprecation warnings.  Set environment variable SQLALCHEMY_SILENCE_UBER_WARNING=1 to silence this message. (Background on SQLAlchemy 2.0 at: https://sqlalche.me/e/b8d9)
[2025-02-24T10:22:08.585+0800] {subprocess.py:106} INFO - reset new handlers!
[2025-02-24T10:22:08.588+0800] {subprocess.py:106} INFO - Start extracting bitcoin real-time price...
[2025-02-24T10:22:08.590+0800] {subprocess.py:106} INFO - [2025-02-24T10:22:08.578+0800] {extract_crypto.py:131} INFO - 2025-02-24 10:22:08.578179 Start extracting bitcoin real-time price...
[2025-02-24T10:22:08.697+0800] {subprocess.py:106} INFO - Done data extraction. Start storing to DB...
[2025-02-24T10:22:08.700+0800] {subprocess.py:106} INFO - [2025-02-24T10:22:08.695+0800] {extract_crypto.py:105} INFO - Done data extraction. Start storing to DB...
[2025-02-24T10:22:08.710+0800] {subprocess.py:106} INFO - 2025-02-24 10:22:08,710 INFO sqlalchemy.engine.Engine select pg_catalog.version()
[2025-02-24T10:22:08.712+0800] {subprocess.py:106} INFO - [2025-02-24T10:22:08.710+0800] {base.py:1863} INFO - select pg_catalog.version()
[2025-02-24T10:22:08.714+0800] {subprocess.py:106} INFO - 2025-02-24 10:22:08,712 INFO sqlalchemy.engine.Engine [raw sql] {}
[2025-02-24T10:22:08.716+0800] {subprocess.py:106} INFO - [2025-02-24T10:22:08.712+0800] {base.py:1868} INFO - [raw sql] {}
[2025-02-24T10:22:08.718+0800] {subprocess.py:106} INFO - 2025-02-24 10:22:08,714 INFO sqlalchemy.engine.Engine select current_schema()
[2025-02-24T10:22:08.721+0800] {subprocess.py:106} INFO - [2025-02-24T10:22:08.714+0800] {base.py:1863} INFO - select current_schema()
[2025-02-24T10:22:08.723+0800] {subprocess.py:106} INFO - 2025-02-24 10:22:08,715 INFO sqlalchemy.engine.Engine [raw sql] {}
[2025-02-24T10:22:08.725+0800] {subprocess.py:106} INFO - [2025-02-24T10:22:08.715+0800] {base.py:1868} INFO - [raw sql] {}
[2025-02-24T10:22:08.727+0800] {subprocess.py:106} INFO - 2025-02-24 10:22:08,717 INFO sqlalchemy.engine.Engine show standard_conforming_strings
[2025-02-24T10:22:08.729+0800] {subprocess.py:106} INFO - [2025-02-24T10:22:08.717+0800] {base.py:1863} INFO - show standard_conforming_strings
[2025-02-24T10:22:08.731+0800] {subprocess.py:106} INFO - 2025-02-24 10:22:08,718 INFO sqlalchemy.engine.Engine [raw sql] {}
[2025-02-24T10:22:08.733+0800] {subprocess.py:106} INFO - [2025-02-24T10:22:08.718+0800] {base.py:1868} INFO - [raw sql] {}
[2025-02-24T10:22:08.735+0800] {subprocess.py:106} INFO - 2025-02-24 10:22:08,720 INFO sqlalchemy.engine.Engine BEGIN (implicit)
[2025-02-24T10:22:08.738+0800] {subprocess.py:106} INFO - [2025-02-24T10:22:08.720+0800] {base.py:1032} INFO - BEGIN (implicit)
[2025-02-24T10:22:08.742+0800] {subprocess.py:106} INFO - 2025-02-24 10:22:08,723 INFO sqlalchemy.engine.Engine INSERT INTO muse_project (update_time, crypto_name, price, hour_change_rate, volume) VALUES (%(update_time)s, %(crypto_name)s, %(price)s, %(hour_change_rate)s, %(volume)s)
[2025-02-24T10:22:08.745+0800] {subprocess.py:106} INFO - [2025-02-24T10:22:08.723+0800] {base.py:1863} INFO - INSERT INTO muse_project (update_time, crypto_name, price, hour_change_rate, volume) VALUES (%(update_time)s, %(crypto_name)s, %(price)s, %(hour_change_rate)s, %(volume)s)
[2025-02-24T10:22:08.747+0800] {subprocess.py:106} INFO - 2025-02-24 10:22:08,723 INFO sqlalchemy.engine.Engine [generated in 0.00080s] ({'update_time': datetime.datetime(2025, 2, 24, 10, 22, 8, 694490), 'crypto_name': 'Bitcoin', 'price': 96055.92, 'hour_change_rate': -0.16, 'volume': 19361677158.0}, {'update_time': datetime.datetime(2025, 2, 24, 10, 22, 8, 694661), 'crypto_name': 'Ethereum', 'price': 2792.67, 'hour_change_rate': -0.21, 'volume': 21012554718.0}, {'update_time': datetime.datetime(2025, 2, 24, 10, 22, 8, 694793), 'crypto_name': 'XRP', 'price': 2.56, 'hour_change_rate': -0.3, 'volume': 2469935332.0}, {'update_time': datetime.datetime(2025, 2, 24, 10, 22, 8, 694916), 'crypto_name': 'Tether', 'price': 1.0, 'hour_change_rate': -0.0, 'volume': 56984885022.0}, {'update_time': datetime.datetime(2025, 2, 24, 10, 22, 8, 695036), 'crypto_name': 'BNB', 'price': 651.76, 'hour_change_rate': -0.38, 'volume': 1486376076.0}, {'update_time': datetime.datetime(2025, 2, 24, 10, 22, 8, 695154), 'crypto_name': 'Solana', 'price': 164.51, 'hour_change_rate': -0.44, 'volume': 1869606365.0}, {'update_time': datetime.datetime(2025, 2, 24, 10, 22, 8, 695281), 'crypto_name': 'USDC', 'price': 1.0, 'hour_change_rate': -0.01, 'volume': 5225693593.0}, {'update_time': datetime.datetime(2025, 2, 24, 10, 22, 8, 695395), 'crypto_name': 'Dogecoin', 'price': 0.2389, 'hour_change_rate': -1.01, 'volume': 754735353.0}, {'update_time': datetime.datetime(2025, 2, 24, 10, 22, 8, 695537), 'crypto_name': 'Cardano', 'price': 0.7658, 'hour_change_rate': -0.37, 'volume': 501514042.0}, {'update_time': datetime.datetime(2025, 2, 24, 10, 22, 8, 695663), 'crypto_name': 'TRON', 'price': 0.2449, 'hour_change_rate': -0.15, 'volume': 431280604.0})
[2025-02-24T10:22:08.750+0800] {subprocess.py:106} INFO - [2025-02-24T10:22:08.723+0800] {base.py:1868} INFO - [generated in 0.00080s] ({'update_time': datetime.datetime(2025, 2, 24, 10, 22, 8, 694490), 'crypto_name': 'Bitcoin', 'price': 96055.92, 'hour_change_rate': -0.16, 'volume': 19361677158.0}, {'update_time': datetime.datetime(2025, 2, 24, 10, 22, 8, 694661), 'crypto_name': 'Ethereum', 'price': 2792.67, 'hour_change_rate': -0.21, 'volume': 21012554718.0}, {'update_time': datetime.datetime(2025, 2, 24, 10, 22, 8, 694793), 'crypto_name': 'XRP', 'price': 2.56, 'hour_change_rate': -0.3, 'volume': 2469935332.0}, {'update_time': datetime.datetime(2025, 2, 24, 10, 22, 8, 694916), 'crypto_name': 'Tether', 'price': 1.0, 'hour_change_rate': -0.0, 'volume': 56984885022.0}, {'update_time': datetime.datetime(2025, 2, 24, 10, 22, 8, 695036), 'crypto_name': 'BNB', 'price': 651.76, 'hour_change_rate': -0.38, 'volume': 1486376076.0}, {'update_time': datetime.datetime(2025, 2, 24, 10, 22, 8, 695154), 'crypto_name': 'Solana', 'price': 164.51, 'hour_change_rate': -0.44, 'volume': 1869606365.0}, {'update_time': datetime.datetime(2025, 2, 24, 10, 22, 8, 695281), 'crypto_name': 'USDC', 'price': 1.0, 'hour_change_rate': -0.01, 'volume': 5225693593.0}, {'update_time': datetime.datetime(2025, 2, 24, 10, 22, 8, 695395), 'crypto_name': 'Dogecoin', 'price': 0.2389, 'hour_change_rate': -1.01, 'volume': 754735353.0}, {'update_time': datetime.datetime(2025, 2, 24, 10, 22, 8, 695537), 'crypto_name': 'Cardano', 'price': 0.7658, 'hour_change_rate': -0.37, 'volume': 501514042.0}, {'update_time': datetime.datetime(2025, 2, 24, 10, 22, 8, 695663), 'crypto_name': 'TRON', 'price': 0.2449, 'hour_change_rate': -0.15, 'volume': 431280604.0})
[2025-02-24T10:22:08.753+0800] {subprocess.py:106} INFO - 2025-02-24 10:22:08,726 INFO sqlalchemy.engine.Engine COMMIT
[2025-02-24T10:22:08.756+0800] {subprocess.py:106} INFO - [2025-02-24T10:22:08.726+0800] {base.py:1092} INFO - COMMIT
[2025-02-24T10:22:08.759+0800] {subprocess.py:106} INFO - Done bulk insert.
[2025-02-24T10:22:08.763+0800] {subprocess.py:106} INFO - Done price extraction.
[2025-02-24T10:22:08.765+0800] {subprocess.py:106} INFO - [2025-02-24T10:22:08.733+0800] {extract_crypto.py:135} INFO - 2025-02-24 10:22:08.733184 Done price extraction.
[2025-02-24T10:22:08.968+0800] {subprocess.py:110} INFO - Command exited with return code 0
[2025-02-24T10:22:09.030+0800] {taskinstance.py:341} INFO - ::group::Post task execution logs
[2025-02-24T10:22:09.033+0800] {taskinstance.py:353} INFO - Marking task as SUCCESS. dag_id=muse_dag, task_id=extract_crypto_data, run_id=scheduled__2025-02-01T01:40:00+00:00, execution_date=20250201T014000, start_date=20250224T022150, end_date=20250224T022209
[2025-02-24T10:22:09.132+0800] {logging_mixin.py:190} INFO - Task instance in success state
[2025-02-24T10:22:09.135+0800] {logging_mixin.py:190} INFO -  Previous state of the Task instance: running
[2025-02-24T10:22:09.137+0800] {logging_mixin.py:190} INFO - Dag name:muse_dag queued_at:2025-02-24 02:20:24.332444+00:00
[2025-02-24T10:22:09.139+0800] {logging_mixin.py:190} INFO - Task hostname:LAPTOP-7NCGBFK9. operator:BashOperator
[2025-02-24T10:22:09.186+0800] {local_task_job_runner.py:266} INFO - Task exited with return code 0
[2025-02-24T10:22:09.217+0800] {taskinstance.py:3901} INFO - 0 downstream tasks scheduled from follow-on schedule check
[2025-02-24T10:22:09.221+0800] {local_task_job_runner.py:245} INFO - ::endgroup::
