[2025-02-24T13:30:30.367+0800] {local_task_job_runner.py:123} INFO - ::group::Pre task execution logs
[2025-02-24T13:30:30.384+0800] {taskinstance.py:2614} INFO - Dependencies all met for dep_context=non-requeueable deps ti=<TaskInstance: muse_dag.extract_crypto_data scheduled__2025-02-24T05:20:00+00:00 [queued]>
[2025-02-24T13:30:30.396+0800] {taskinstance.py:2614} INFO - Dependencies all met for dep_context=requeueable deps ti=<TaskInstance: muse_dag.extract_crypto_data scheduled__2025-02-24T05:20:00+00:00 [queued]>
[2025-02-24T13:30:30.398+0800] {taskinstance.py:2867} INFO - Starting attempt 1 of 2
[2025-02-24T13:30:30.429+0800] {taskinstance.py:2890} INFO - Executing <Task(BashOperator): extract_crypto_data> on 2025-02-24 05:20:00+00:00
[2025-02-24T13:30:30.433+0800] {standard_task_runner.py:72} INFO - Started process 127554 to run task
[2025-02-24T13:30:30.438+0800] {standard_task_runner.py:104} INFO - Running: ['airflow', 'tasks', 'run', 'muse_dag', 'extract_crypto_data', 'scheduled__2025-02-24T05:20:00+00:00', '--job-id', '51', '--raw', '--subdir', 'DAGS_FOLDER/muse_dag.py', '--cfg-path', '/tmp/tmpe7lkxs_t']
[2025-02-24T13:30:30.441+0800] {standard_task_runner.py:105} INFO - Job 51: Subtask extract_crypto_data
[2025-02-24T13:30:30.576+0800] {task_command.py:467} INFO - Running <TaskInstance: muse_dag.extract_crypto_data scheduled__2025-02-24T05:20:00+00:00 [running]> on host LAPTOP-7NCGBFK9.
[2025-02-24T13:30:30.783+0800] {taskinstance.py:3134} INFO - Exporting env vars: AIRFLOW_CTX_DAG_OWNER='laurence' AIRFLOW_CTX_DAG_ID='muse_dag' AIRFLOW_CTX_TASK_ID='extract_crypto_data' AIRFLOW_CTX_EXECUTION_DATE='2025-02-24T05:20:00+00:00' AIRFLOW_CTX_TRY_NUMBER='1' AIRFLOW_CTX_DAG_RUN_ID='scheduled__2025-02-24T05:20:00+00:00'
[2025-02-24T13:30:30.790+0800] {logging_mixin.py:190} INFO - Task instance is in running state
[2025-02-24T13:30:30.794+0800] {logging_mixin.py:190} INFO -  Previous state of the Task instance: queued
[2025-02-24T13:30:30.799+0800] {logging_mixin.py:190} INFO - Current task name:extract_crypto_data state:running start_date:2025-02-24 05:30:30.385871+00:00
[2025-02-24T13:30:30.802+0800] {logging_mixin.py:190} INFO - Dag name:muse_dag and current dag run status:running
[2025-02-24T13:30:30.806+0800] {taskinstance.py:732} INFO - ::endgroup::
[2025-02-24T13:30:30.817+0800] {subprocess.py:78} INFO - Tmp dir root location: /tmp
[2025-02-24T13:30:30.820+0800] {subprocess.py:88} INFO - Running command: ['/usr/bin/bash', '-c', '/mnt/c/Users/User/laurence/Muse_assessment/muse_env/bin/python3 /mnt/c/Users/User/laurence/Muse_assessment/src/extract_crypto.py']
[2025-02-24T13:30:30.827+0800] {subprocess.py:99} INFO - Output:
[2025-02-24T13:30:44.936+0800] {subprocess.py:106} INFO - /mnt/c/Users/User/laurence/Muse_assessment/src/extract_crypto.py:45 MovedIn20Warning: Deprecated API features detected! These feature(s) are not compatible with SQLAlchemy 2.0. To prevent incompatible upgrades prior to updating applications, ensure requirements files are pinned to "sqlalchemy<2.0". Set environment variable SQLALCHEMY_WARN_20=1 to show all deprecation warnings.  Set environment variable SQLALCHEMY_SILENCE_UBER_WARNING=1 to silence this message. (Background on SQLAlchemy 2.0 at: https://sqlalche.me/e/b8d9)
[2025-02-24T13:30:44.942+0800] {subprocess.py:106} INFO - reset new handlers!
[2025-02-24T13:30:44.944+0800] {subprocess.py:106} INFO - Start extracting bitcoin real-time price...
[2025-02-24T13:30:44.946+0800] {subprocess.py:106} INFO - [2025-02-24T13:30:44.936+0800] {extract_crypto.py:131} INFO - 2025-02-24 13:30:44.936779 Start extracting bitcoin real-time price...
[2025-02-24T13:30:45.057+0800] {subprocess.py:106} INFO - Done data extraction. Start storing to DB...
[2025-02-24T13:30:45.059+0800] {subprocess.py:106} INFO - [2025-02-24T13:30:45.054+0800] {extract_crypto.py:105} INFO - Done data extraction. Start storing to DB...
[2025-02-24T13:30:45.067+0800] {subprocess.py:106} INFO - 2025-02-24 13:30:45,067 INFO sqlalchemy.engine.Engine select pg_catalog.version()
[2025-02-24T13:30:45.069+0800] {subprocess.py:106} INFO - [2025-02-24T13:30:45.067+0800] {base.py:1863} INFO - select pg_catalog.version()
[2025-02-24T13:30:45.071+0800] {subprocess.py:106} INFO - 2025-02-24 13:30:45,069 INFO sqlalchemy.engine.Engine [raw sql] {}
[2025-02-24T13:30:45.072+0800] {subprocess.py:106} INFO - [2025-02-24T13:30:45.069+0800] {base.py:1868} INFO - [raw sql] {}
[2025-02-24T13:30:45.074+0800] {subprocess.py:106} INFO - 2025-02-24 13:30:45,070 INFO sqlalchemy.engine.Engine select current_schema()
[2025-02-24T13:30:45.076+0800] {subprocess.py:106} INFO - [2025-02-24T13:30:45.070+0800] {base.py:1863} INFO - select current_schema()
[2025-02-24T13:30:45.078+0800] {subprocess.py:106} INFO - 2025-02-24 13:30:45,071 INFO sqlalchemy.engine.Engine [raw sql] {}
[2025-02-24T13:30:45.079+0800] {subprocess.py:106} INFO - [2025-02-24T13:30:45.071+0800] {base.py:1868} INFO - [raw sql] {}
[2025-02-24T13:30:45.080+0800] {subprocess.py:106} INFO - 2025-02-24 13:30:45,072 INFO sqlalchemy.engine.Engine show standard_conforming_strings
[2025-02-24T13:30:45.082+0800] {subprocess.py:106} INFO - [2025-02-24T13:30:45.072+0800] {base.py:1863} INFO - show standard_conforming_strings
[2025-02-24T13:30:45.083+0800] {subprocess.py:106} INFO - 2025-02-24 13:30:45,073 INFO sqlalchemy.engine.Engine [raw sql] {}
[2025-02-24T13:30:45.085+0800] {subprocess.py:106} INFO - [2025-02-24T13:30:45.073+0800] {base.py:1868} INFO - [raw sql] {}
[2025-02-24T13:30:45.086+0800] {subprocess.py:106} INFO - 2025-02-24 13:30:45,075 INFO sqlalchemy.engine.Engine BEGIN (implicit)
[2025-02-24T13:30:45.088+0800] {subprocess.py:106} INFO - [2025-02-24T13:30:45.075+0800] {base.py:1032} INFO - BEGIN (implicit)
[2025-02-24T13:30:45.090+0800] {subprocess.py:106} INFO - 2025-02-24 13:30:45,077 INFO sqlalchemy.engine.Engine INSERT INTO muse_project (update_time, crypto_name, price, hour_change_rate, volume) VALUES (%(update_time)s, %(crypto_name)s, %(price)s, %(hour_change_rate)s, %(volume)s)
[2025-02-24T13:30:45.092+0800] {subprocess.py:106} INFO - [2025-02-24T13:30:45.077+0800] {base.py:1863} INFO - INSERT INTO muse_project (update_time, crypto_name, price, hour_change_rate, volume) VALUES (%(update_time)s, %(crypto_name)s, %(price)s, %(hour_change_rate)s, %(volume)s)
[2025-02-24T13:30:45.094+0800] {subprocess.py:106} INFO - 2025-02-24 13:30:45,078 INFO sqlalchemy.engine.Engine [generated in 0.00112s] ({'update_time': datetime.datetime(2025, 2, 24, 13, 30, 45, 53855), 'crypto_name': 'Bitcoin', 'price': 95429.59, 'hour_change_rate': 0.05, 'volume': 22129690557.0}, {'update_time': datetime.datetime(2025, 2, 24, 13, 30, 45, 53970), 'crypto_name': 'Ethereum', 'price': 2711.09, 'hour_change_rate': -0.07, 'volume': 24248060332.0}, {'update_time': datetime.datetime(2025, 2, 24, 13, 30, 45, 54071), 'crypto_name': 'XRP', 'price': 2.48, 'hour_change_rate': 0.27, 'volume': 3374620706.0}, {'update_time': datetime.datetime(2025, 2, 24, 13, 30, 45, 54165), 'crypto_name': 'Tether', 'price': 1.0, 'hour_change_rate': 0.01, 'volume': 63651073745.0}, {'update_time': datetime.datetime(2025, 2, 24, 13, 30, 45, 54256), 'crypto_name': 'BNB', 'price': 642.59, 'hour_change_rate': -0.17, 'volume': 1544629059.0}, {'update_time': datetime.datetime(2025, 2, 24, 13, 30, 45, 54347), 'crypto_name': 'Solana', 'price': 159.68, 'hour_change_rate': -0.52, 'volume': 2599317835.0}, {'update_time': datetime.datetime(2025, 2, 24, 13, 30, 45, 54512), 'crypto_name': 'USDC', 'price': 1.0, 'hour_change_rate': -0.01, 'volume': 6022198916.0}, {'update_time': datetime.datetime(2025, 2, 24, 13, 30, 45, 54613), 'crypto_name': 'Dogecoin', 'price': 0.2312, 'hour_change_rate': 0.52, 'volume': 1128676738.0}, {'update_time': datetime.datetime(2025, 2, 24, 13, 30, 45, 54705), 'crypto_name': 'Cardano', 'price': 0.739, 'hour_change_rate': 0.16, 'volume': 559047482.0}, {'update_time': datetime.datetime(2025, 2, 24, 13, 30, 45, 54795), 'crypto_name': 'TRON', 'price': 0.2431, 'hour_change_rate': 0.18, 'volume': 452304739.0})
[2025-02-24T13:30:45.096+0800] {subprocess.py:106} INFO - [2025-02-24T13:30:45.078+0800] {base.py:1868} INFO - [generated in 0.00112s] ({'update_time': datetime.datetime(2025, 2, 24, 13, 30, 45, 53855), 'crypto_name': 'Bitcoin', 'price': 95429.59, 'hour_change_rate': 0.05, 'volume': 22129690557.0}, {'update_time': datetime.datetime(2025, 2, 24, 13, 30, 45, 53970), 'crypto_name': 'Ethereum', 'price': 2711.09, 'hour_change_rate': -0.07, 'volume': 24248060332.0}, {'update_time': datetime.datetime(2025, 2, 24, 13, 30, 45, 54071), 'crypto_name': 'XRP', 'price': 2.48, 'hour_change_rate': 0.27, 'volume': 3374620706.0}, {'update_time': datetime.datetime(2025, 2, 24, 13, 30, 45, 54165), 'crypto_name': 'Tether', 'price': 1.0, 'hour_change_rate': 0.01, 'volume': 63651073745.0}, {'update_time': datetime.datetime(2025, 2, 24, 13, 30, 45, 54256), 'crypto_name': 'BNB', 'price': 642.59, 'hour_change_rate': -0.17, 'volume': 1544629059.0}, {'update_time': datetime.datetime(2025, 2, 24, 13, 30, 45, 54347), 'crypto_name': 'Solana', 'price': 159.68, 'hour_change_rate': -0.52, 'volume': 2599317835.0}, {'update_time': datetime.datetime(2025, 2, 24, 13, 30, 45, 54512), 'crypto_name': 'USDC', 'price': 1.0, 'hour_change_rate': -0.01, 'volume': 6022198916.0}, {'update_time': datetime.datetime(2025, 2, 24, 13, 30, 45, 54613), 'crypto_name': 'Dogecoin', 'price': 0.2312, 'hour_change_rate': 0.52, 'volume': 1128676738.0}, {'update_time': datetime.datetime(2025, 2, 24, 13, 30, 45, 54705), 'crypto_name': 'Cardano', 'price': 0.739, 'hour_change_rate': 0.16, 'volume': 559047482.0}, {'update_time': datetime.datetime(2025, 2, 24, 13, 30, 45, 54795), 'crypto_name': 'TRON', 'price': 0.2431, 'hour_change_rate': 0.18, 'volume': 452304739.0})
[2025-02-24T13:30:45.098+0800] {subprocess.py:106} INFO - 2025-02-24 13:30:45,080 INFO sqlalchemy.engine.Engine COMMIT
[2025-02-24T13:30:45.100+0800] {subprocess.py:106} INFO - [2025-02-24T13:30:45.080+0800] {base.py:1092} INFO - COMMIT
[2025-02-24T13:30:45.103+0800] {subprocess.py:106} INFO - Done bulk insert.
[2025-02-24T13:30:45.105+0800] {subprocess.py:106} INFO - Done price extraction.
[2025-02-24T13:30:45.108+0800] {subprocess.py:106} INFO - [2025-02-24T13:30:45.085+0800] {extract_crypto.py:135} INFO - 2025-02-24 13:30:45.085546 Done price extraction.
[2025-02-24T13:30:45.300+0800] {subprocess.py:110} INFO - Command exited with return code 0
[2025-02-24T13:30:45.364+0800] {taskinstance.py:341} INFO - ::group::Post task execution logs
[2025-02-24T13:30:45.366+0800] {taskinstance.py:353} INFO - Marking task as SUCCESS. dag_id=muse_dag, task_id=extract_crypto_data, run_id=scheduled__2025-02-24T05:20:00+00:00, execution_date=20250224T052000, start_date=20250224T053030, end_date=20250224T053045
[2025-02-24T13:30:45.440+0800] {logging_mixin.py:190} INFO - Task instance in success state
[2025-02-24T13:30:45.443+0800] {logging_mixin.py:190} INFO -  Previous state of the Task instance: running
[2025-02-24T13:30:45.446+0800] {logging_mixin.py:190} INFO - Dag name:muse_dag queued_at:2025-02-24 05:30:01.115153+00:00
[2025-02-24T13:30:45.449+0800] {logging_mixin.py:190} INFO - Task hostname:LAPTOP-7NCGBFK9. operator:BashOperator
[2025-02-24T13:30:45.490+0800] {local_task_job_runner.py:266} INFO - Task exited with return code 0
[2025-02-24T13:30:45.519+0800] {taskinstance.py:3901} INFO - 0 downstream tasks scheduled from follow-on schedule check
[2025-02-24T13:30:45.521+0800] {local_task_job_runner.py:245} INFO - ::endgroup::
