[2025-02-24T11:17:08.598+0800] {local_task_job_runner.py:123} INFO - ::group::Pre task execution logs
[2025-02-24T11:17:08.620+0800] {taskinstance.py:2614} INFO - Dependencies all met for dep_context=non-requeueable deps ti=<TaskInstance: muse_dag.extract_crypto_data scheduled__2025-02-23T11:40:00+00:00 [queued]>
[2025-02-24T11:17:08.633+0800] {taskinstance.py:2614} INFO - Dependencies all met for dep_context=requeueable deps ti=<TaskInstance: muse_dag.extract_crypto_data scheduled__2025-02-23T11:40:00+00:00 [queued]>
[2025-02-24T11:17:08.636+0800] {taskinstance.py:2867} INFO - Starting attempt 1 of 2
[2025-02-24T11:17:08.667+0800] {taskinstance.py:2890} INFO - Executing <Task(BashOperator): extract_crypto_data> on 2025-02-23 11:40:00+00:00
[2025-02-24T11:17:08.670+0800] {standard_task_runner.py:72} INFO - Started process 64932 to run task
[2025-02-24T11:17:08.673+0800] {standard_task_runner.py:104} INFO - Running: ['airflow', 'tasks', 'run', 'muse_dag', 'extract_crypto_data', 'scheduled__2025-02-23T11:40:00+00:00', '--job-id', '36', '--raw', '--subdir', 'DAGS_FOLDER/muse_dag.py', '--cfg-path', '/tmp/tmpql638psq']
[2025-02-24T11:17:08.676+0800] {standard_task_runner.py:105} INFO - Job 36: Subtask extract_crypto_data
[2025-02-24T11:17:08.873+0800] {task_command.py:467} INFO - Running <TaskInstance: muse_dag.extract_crypto_data scheduled__2025-02-23T11:40:00+00:00 [running]> on host LAPTOP-7NCGBFK9.
[2025-02-24T11:17:09.028+0800] {taskinstance.py:3134} INFO - Exporting env vars: AIRFLOW_CTX_DAG_OWNER='laurence' AIRFLOW_CTX_DAG_ID='muse_dag' AIRFLOW_CTX_TASK_ID='extract_crypto_data' AIRFLOW_CTX_EXECUTION_DATE='2025-02-23T11:40:00+00:00' AIRFLOW_CTX_TRY_NUMBER='1' AIRFLOW_CTX_DAG_RUN_ID='scheduled__2025-02-23T11:40:00+00:00'
[2025-02-24T11:17:09.032+0800] {logging_mixin.py:190} INFO - Task instance is in running state
[2025-02-24T11:17:09.034+0800] {logging_mixin.py:190} INFO -  Previous state of the Task instance: queued
[2025-02-24T11:17:09.035+0800] {logging_mixin.py:190} INFO - Current task name:extract_crypto_data state:running start_date:2025-02-24 03:17:08.622403+00:00
[2025-02-24T11:17:09.037+0800] {logging_mixin.py:190} INFO - Dag name:muse_dag and current dag run status:running
[2025-02-24T11:17:09.039+0800] {taskinstance.py:732} INFO - ::endgroup::
[2025-02-24T11:17:09.051+0800] {subprocess.py:78} INFO - Tmp dir root location: /tmp
[2025-02-24T11:17:09.054+0800] {subprocess.py:88} INFO - Running command: ['/usr/bin/bash', '-c', '/mnt/c/Users/User/laurence/Muse_assessment/muse_env/bin/python3 /mnt/c/Users/User/laurence/Muse_assessment/src/extract_crypto.py']
[2025-02-24T11:17:09.062+0800] {subprocess.py:99} INFO - Output:
[2025-02-24T11:17:20.311+0800] {subprocess.py:106} INFO - /mnt/c/Users/User/laurence/Muse_assessment/src/extract_crypto.py:45 MovedIn20Warning: Deprecated API features detected! These feature(s) are not compatible with SQLAlchemy 2.0. To prevent incompatible upgrades prior to updating applications, ensure requirements files are pinned to "sqlalchemy<2.0". Set environment variable SQLALCHEMY_WARN_20=1 to show all deprecation warnings.  Set environment variable SQLALCHEMY_SILENCE_UBER_WARNING=1 to silence this message. (Background on SQLAlchemy 2.0 at: https://sqlalche.me/e/b8d9)
[2025-02-24T11:17:20.317+0800] {subprocess.py:106} INFO - reset new handlers!
[2025-02-24T11:17:20.318+0800] {subprocess.py:106} INFO - Start extracting bitcoin real-time price...
[2025-02-24T11:17:20.319+0800] {subprocess.py:106} INFO - [2025-02-24T11:17:20.312+0800] {extract_crypto.py:131} INFO - 2025-02-24 11:17:20.312203 Start extracting bitcoin real-time price...
[2025-02-24T11:17:20.401+0800] {subprocess.py:106} INFO - Done data extraction. Start storing to DB...
[2025-02-24T11:17:20.403+0800] {subprocess.py:106} INFO - [2025-02-24T11:17:20.399+0800] {extract_crypto.py:105} INFO - Done data extraction. Start storing to DB...
[2025-02-24T11:17:20.410+0800] {subprocess.py:106} INFO - 2025-02-24 11:17:20,410 INFO sqlalchemy.engine.Engine select pg_catalog.version()
[2025-02-24T11:17:20.412+0800] {subprocess.py:106} INFO - [2025-02-24T11:17:20.410+0800] {base.py:1863} INFO - select pg_catalog.version()
[2025-02-24T11:17:20.413+0800] {subprocess.py:106} INFO - 2025-02-24 11:17:20,411 INFO sqlalchemy.engine.Engine [raw sql] {}
[2025-02-24T11:17:20.414+0800] {subprocess.py:106} INFO - [2025-02-24T11:17:20.411+0800] {base.py:1868} INFO - [raw sql] {}
[2025-02-24T11:17:20.416+0800] {subprocess.py:106} INFO - 2025-02-24 11:17:20,413 INFO sqlalchemy.engine.Engine select current_schema()
[2025-02-24T11:17:20.418+0800] {subprocess.py:106} INFO - [2025-02-24T11:17:20.413+0800] {base.py:1863} INFO - select current_schema()
[2025-02-24T11:17:20.419+0800] {subprocess.py:106} INFO - 2025-02-24 11:17:20,413 INFO sqlalchemy.engine.Engine [raw sql] {}
[2025-02-24T11:17:20.487+0800] {subprocess.py:106} INFO - [2025-02-24T11:17:20.413+0800] {base.py:1868} INFO - [raw sql] {}
[2025-02-24T11:17:20.492+0800] {subprocess.py:106} INFO - 2025-02-24 11:17:20,414 INFO sqlalchemy.engine.Engine show standard_conforming_strings
[2025-02-24T11:17:20.501+0800] {subprocess.py:106} INFO - [2025-02-24T11:17:20.414+0800] {base.py:1863} INFO - show standard_conforming_strings
[2025-02-24T11:17:20.513+0800] {subprocess.py:106} INFO - 2025-02-24 11:17:20,415 INFO sqlalchemy.engine.Engine [raw sql] {}
[2025-02-24T11:17:20.524+0800] {subprocess.py:106} INFO - [2025-02-24T11:17:20.415+0800] {base.py:1868} INFO - [raw sql] {}
[2025-02-24T11:17:20.533+0800] {subprocess.py:106} INFO - 2025-02-24 11:17:20,417 INFO sqlalchemy.engine.Engine BEGIN (implicit)
[2025-02-24T11:17:20.537+0800] {subprocess.py:106} INFO - [2025-02-24T11:17:20.417+0800] {base.py:1032} INFO - BEGIN (implicit)
[2025-02-24T11:17:20.541+0800] {subprocess.py:106} INFO - 2025-02-24 11:17:20,418 INFO sqlalchemy.engine.Engine INSERT INTO muse_project (update_time, crypto_name, price, hour_change_rate, volume) VALUES (%(update_time)s, %(crypto_name)s, %(price)s, %(hour_change_rate)s, %(volume)s)
[2025-02-24T11:17:20.545+0800] {subprocess.py:106} INFO - [2025-02-24T11:17:20.418+0800] {base.py:1863} INFO - INSERT INTO muse_project (update_time, crypto_name, price, hour_change_rate, volume) VALUES (%(update_time)s, %(crypto_name)s, %(price)s, %(hour_change_rate)s, %(volume)s)
[2025-02-24T11:17:20.549+0800] {subprocess.py:106} INFO - 2025-02-24 11:17:20,419 INFO sqlalchemy.engine.Engine [generated in 0.00088s] ({'update_time': datetime.datetime(2025, 2, 24, 11, 17, 20, 398393), 'crypto_name': 'Bitcoin', 'price': 95797.81, 'hour_change_rate': -0.39, 'volume': 19040429944.0}, {'update_time': datetime.datetime(2025, 2, 24, 11, 17, 20, 398498), 'crypto_name': 'Ethereum', 'price': 2764.76, 'hour_change_rate': -1.14, 'volume': 21425231529.0}, {'update_time': datetime.datetime(2025, 2, 24, 11, 17, 20, 398585), 'crypto_name': 'XRP', 'price': 2.53, 'hour_change_rate': -1.16, 'volume': 2516748573.0}, {'update_time': datetime.datetime(2025, 2, 24, 11, 17, 20, 398670), 'crypto_name': 'Tether', 'price': 1.0, 'hour_change_rate': 0.02, 'volume': 57792658148.0}, {'update_time': datetime.datetime(2025, 2, 24, 11, 17, 20, 398752), 'crypto_name': 'BNB', 'price': 649.11, 'hour_change_rate': -0.49, 'volume': 1486266212.0}, {'update_time': datetime.datetime(2025, 2, 24, 11, 17, 20, 398834), 'crypto_name': 'Solana', 'price': 162.29, 'hour_change_rate': -1.22, 'volume': 1975706431.0}, {'update_time': datetime.datetime(2025, 2, 24, 11, 17, 20, 398918), 'crypto_name': 'USDC', 'price': 0.9999, 'hour_change_rate': -0.01, 'volume': 5352175090.0}, {'update_time': datetime.datetime(2025, 2, 24, 11, 17, 20, 398998), 'crypto_name': 'Dogecoin', 'price': 0.2336, 'hour_change_rate': -2.34, 'volume': 832811565.0}, {'update_time': datetime.datetime(2025, 2, 24, 11, 17, 20, 399076), 'crypto_name': 'Cardano', 'price': 0.7541, 'hour_change_rate': -1.52, 'volume': 515170164.0}, {'update_time': datetime.datetime(2025, 2, 24, 11, 17, 20, 399156), 'crypto_name': 'TRON', 'price': 0.2444, 'hour_change_rate': -0.18, 'volume': 434492323.0})
[2025-02-24T11:17:20.553+0800] {subprocess.py:106} INFO - [2025-02-24T11:17:20.419+0800] {base.py:1868} INFO - [generated in 0.00088s] ({'update_time': datetime.datetime(2025, 2, 24, 11, 17, 20, 398393), 'crypto_name': 'Bitcoin', 'price': 95797.81, 'hour_change_rate': -0.39, 'volume': 19040429944.0}, {'update_time': datetime.datetime(2025, 2, 24, 11, 17, 20, 398498), 'crypto_name': 'Ethereum', 'price': 2764.76, 'hour_change_rate': -1.14, 'volume': 21425231529.0}, {'update_time': datetime.datetime(2025, 2, 24, 11, 17, 20, 398585), 'crypto_name': 'XRP', 'price': 2.53, 'hour_change_rate': -1.16, 'volume': 2516748573.0}, {'update_time': datetime.datetime(2025, 2, 24, 11, 17, 20, 398670), 'crypto_name': 'Tether', 'price': 1.0, 'hour_change_rate': 0.02, 'volume': 57792658148.0}, {'update_time': datetime.datetime(2025, 2, 24, 11, 17, 20, 398752), 'crypto_name': 'BNB', 'price': 649.11, 'hour_change_rate': -0.49, 'volume': 1486266212.0}, {'update_time': datetime.datetime(2025, 2, 24, 11, 17, 20, 398834), 'crypto_name': 'Solana', 'price': 162.29, 'hour_change_rate': -1.22, 'volume': 1975706431.0}, {'update_time': datetime.datetime(2025, 2, 24, 11, 17, 20, 398918), 'crypto_name': 'USDC', 'price': 0.9999, 'hour_change_rate': -0.01, 'volume': 5352175090.0}, {'update_time': datetime.datetime(2025, 2, 24, 11, 17, 20, 398998), 'crypto_name': 'Dogecoin', 'price': 0.2336, 'hour_change_rate': -2.34, 'volume': 832811565.0}, {'update_time': datetime.datetime(2025, 2, 24, 11, 17, 20, 399076), 'crypto_name': 'Cardano', 'price': 0.7541, 'hour_change_rate': -1.52, 'volume': 515170164.0}, {'update_time': datetime.datetime(2025, 2, 24, 11, 17, 20, 399156), 'crypto_name': 'TRON', 'price': 0.2444, 'hour_change_rate': -0.18, 'volume': 434492323.0})
[2025-02-24T11:17:20.557+0800] {subprocess.py:106} INFO - 2025-02-24 11:17:20,421 INFO sqlalchemy.engine.Engine COMMIT
[2025-02-24T11:17:20.559+0800] {subprocess.py:106} INFO - [2025-02-24T11:17:20.421+0800] {base.py:1092} INFO - COMMIT
[2025-02-24T11:17:20.563+0800] {subprocess.py:106} INFO - Done bulk insert.
[2025-02-24T11:17:20.566+0800] {subprocess.py:106} INFO - Done price extraction.
[2025-02-24T11:17:20.569+0800] {subprocess.py:106} INFO - [2025-02-24T11:17:20.491+0800] {extract_crypto.py:135} INFO - 2025-02-24 11:17:20.491298 Done price extraction.
[2025-02-24T11:17:20.703+0800] {subprocess.py:110} INFO - Command exited with return code 0
[2025-02-24T11:17:20.781+0800] {taskinstance.py:341} INFO - ::group::Post task execution logs
[2025-02-24T11:17:20.784+0800] {taskinstance.py:353} INFO - Marking task as SUCCESS. dag_id=muse_dag, task_id=extract_crypto_data, run_id=scheduled__2025-02-23T11:40:00+00:00, execution_date=20250223T114000, start_date=20250224T031708, end_date=20250224T031720
[2025-02-24T11:17:20.882+0800] {logging_mixin.py:190} INFO - Task instance in success state
[2025-02-24T11:17:20.884+0800] {logging_mixin.py:190} INFO -  Previous state of the Task instance: running
[2025-02-24T11:17:20.886+0800] {logging_mixin.py:190} INFO - Dag name:muse_dag queued_at:2025-02-24 03:10:20.374003+00:00
[2025-02-24T11:17:20.888+0800] {logging_mixin.py:190} INFO - Task hostname:LAPTOP-7NCGBFK9. operator:BashOperator
[2025-02-24T11:17:20.921+0800] {local_task_job_runner.py:266} INFO - Task exited with return code 0
[2025-02-24T11:17:20.949+0800] {taskinstance.py:3901} INFO - 0 downstream tasks scheduled from follow-on schedule check
[2025-02-24T11:17:20.951+0800] {local_task_job_runner.py:245} INFO - ::endgroup::
