[2025-02-24T12:40:31.270+0800] {local_task_job_runner.py:123} INFO - ::group::Pre task execution logs
[2025-02-24T12:40:31.293+0800] {taskinstance.py:2614} INFO - Dependencies all met for dep_context=non-requeueable deps ti=<TaskInstance: muse_dag.extract_crypto_data scheduled__2025-02-24T04:30:00+00:00 [queued]>
[2025-02-24T12:40:31.308+0800] {taskinstance.py:2614} INFO - Dependencies all met for dep_context=requeueable deps ti=<TaskInstance: muse_dag.extract_crypto_data scheduled__2025-02-24T04:30:00+00:00 [queued]>
[2025-02-24T12:40:31.311+0800] {taskinstance.py:2867} INFO - Starting attempt 1 of 2
[2025-02-24T12:40:31.356+0800] {taskinstance.py:2890} INFO - Executing <Task(BashOperator): extract_crypto_data> on 2025-02-24 04:30:00+00:00
[2025-02-24T12:40:31.360+0800] {standard_task_runner.py:72} INFO - Started process 104038 to run task
[2025-02-24T12:40:31.363+0800] {standard_task_runner.py:104} INFO - Running: ['airflow', 'tasks', 'run', 'muse_dag', 'extract_crypto_data', 'scheduled__2025-02-24T04:30:00+00:00', '--job-id', '46', '--raw', '--subdir', 'DAGS_FOLDER/muse_dag.py', '--cfg-path', '/tmp/tmp2bklfcvc']
[2025-02-24T12:40:31.366+0800] {standard_task_runner.py:105} INFO - Job 46: Subtask extract_crypto_data
[2025-02-24T12:40:31.467+0800] {task_command.py:467} INFO - Running <TaskInstance: muse_dag.extract_crypto_data scheduled__2025-02-24T04:30:00+00:00 [running]> on host LAPTOP-7NCGBFK9.
[2025-02-24T12:40:31.615+0800] {taskinstance.py:3134} INFO - Exporting env vars: AIRFLOW_CTX_DAG_OWNER='laurence' AIRFLOW_CTX_DAG_ID='muse_dag' AIRFLOW_CTX_TASK_ID='extract_crypto_data' AIRFLOW_CTX_EXECUTION_DATE='2025-02-24T04:30:00+00:00' AIRFLOW_CTX_TRY_NUMBER='1' AIRFLOW_CTX_DAG_RUN_ID='scheduled__2025-02-24T04:30:00+00:00'
[2025-02-24T12:40:31.617+0800] {logging_mixin.py:190} INFO - Task instance is in running state
[2025-02-24T12:40:31.618+0800] {logging_mixin.py:190} INFO -  Previous state of the Task instance: queued
[2025-02-24T12:40:31.619+0800] {logging_mixin.py:190} INFO - Current task name:extract_crypto_data state:running start_date:2025-02-24 04:40:31.295365+00:00
[2025-02-24T12:40:31.621+0800] {logging_mixin.py:190} INFO - Dag name:muse_dag and current dag run status:running
[2025-02-24T12:40:31.622+0800] {taskinstance.py:732} INFO - ::endgroup::
[2025-02-24T12:40:31.628+0800] {subprocess.py:78} INFO - Tmp dir root location: /tmp
[2025-02-24T12:40:31.629+0800] {subprocess.py:88} INFO - Running command: ['/usr/bin/bash', '-c', '/mnt/c/Users/User/laurence/Muse_assessment/muse_env/bin/python3 /mnt/c/Users/User/laurence/Muse_assessment/src/extract_crypto.py']
[2025-02-24T12:40:31.635+0800] {subprocess.py:99} INFO - Output:
[2025-02-24T12:40:45.410+0800] {subprocess.py:106} INFO - /mnt/c/Users/User/laurence/Muse_assessment/src/extract_crypto.py:45 MovedIn20Warning: Deprecated API features detected! These feature(s) are not compatible with SQLAlchemy 2.0. To prevent incompatible upgrades prior to updating applications, ensure requirements files are pinned to "sqlalchemy<2.0". Set environment variable SQLALCHEMY_WARN_20=1 to show all deprecation warnings.  Set environment variable SQLALCHEMY_SILENCE_UBER_WARNING=1 to silence this message. (Background on SQLAlchemy 2.0 at: https://sqlalche.me/e/b8d9)
[2025-02-24T12:40:45.416+0800] {subprocess.py:106} INFO - reset new handlers!
[2025-02-24T12:40:45.418+0800] {subprocess.py:106} INFO - Start extracting bitcoin real-time price...
[2025-02-24T12:40:45.420+0800] {subprocess.py:106} INFO - [2025-02-24T12:40:45.411+0800] {extract_crypto.py:131} INFO - 2025-02-24 12:40:45.411814 Start extracting bitcoin real-time price...
[2025-02-24T12:40:45.553+0800] {subprocess.py:106} INFO - Done data extraction. Start storing to DB...
[2025-02-24T12:40:45.556+0800] {subprocess.py:106} INFO - [2025-02-24T12:40:45.548+0800] {extract_crypto.py:105} INFO - Done data extraction. Start storing to DB...
[2025-02-24T12:40:45.565+0800] {subprocess.py:106} INFO - 2025-02-24 12:40:45,565 INFO sqlalchemy.engine.Engine select pg_catalog.version()
[2025-02-24T12:40:45.568+0800] {subprocess.py:106} INFO - [2025-02-24T12:40:45.565+0800] {base.py:1863} INFO - select pg_catalog.version()
[2025-02-24T12:40:45.570+0800] {subprocess.py:106} INFO - 2025-02-24 12:40:45,567 INFO sqlalchemy.engine.Engine [raw sql] {}
[2025-02-24T12:40:45.573+0800] {subprocess.py:106} INFO - [2025-02-24T12:40:45.567+0800] {base.py:1868} INFO - [raw sql] {}
[2025-02-24T12:40:45.574+0800] {subprocess.py:106} INFO - 2025-02-24 12:40:45,569 INFO sqlalchemy.engine.Engine select current_schema()
[2025-02-24T12:40:45.576+0800] {subprocess.py:106} INFO - [2025-02-24T12:40:45.569+0800] {base.py:1863} INFO - select current_schema()
[2025-02-24T12:40:45.578+0800] {subprocess.py:106} INFO - 2025-02-24 12:40:45,570 INFO sqlalchemy.engine.Engine [raw sql] {}
[2025-02-24T12:40:45.579+0800] {subprocess.py:106} INFO - [2025-02-24T12:40:45.570+0800] {base.py:1868} INFO - [raw sql] {}
[2025-02-24T12:40:45.580+0800] {subprocess.py:106} INFO - 2025-02-24 12:40:45,572 INFO sqlalchemy.engine.Engine show standard_conforming_strings
[2025-02-24T12:40:45.582+0800] {subprocess.py:106} INFO - [2025-02-24T12:40:45.572+0800] {base.py:1863} INFO - show standard_conforming_strings
[2025-02-24T12:40:45.584+0800] {subprocess.py:106} INFO - 2025-02-24 12:40:45,573 INFO sqlalchemy.engine.Engine [raw sql] {}
[2025-02-24T12:40:45.586+0800] {subprocess.py:106} INFO - [2025-02-24T12:40:45.573+0800] {base.py:1868} INFO - [raw sql] {}
[2025-02-24T12:40:45.588+0800] {subprocess.py:106} INFO - 2025-02-24 12:40:45,575 INFO sqlalchemy.engine.Engine BEGIN (implicit)
[2025-02-24T12:40:45.589+0800] {subprocess.py:106} INFO - [2025-02-24T12:40:45.575+0800] {base.py:1032} INFO - BEGIN (implicit)
[2025-02-24T12:40:45.592+0800] {subprocess.py:106} INFO - 2025-02-24 12:40:45,577 INFO sqlalchemy.engine.Engine INSERT INTO muse_project (update_time, crypto_name, price, hour_change_rate, volume) VALUES (%(update_time)s, %(crypto_name)s, %(price)s, %(hour_change_rate)s, %(volume)s)
[2025-02-24T12:40:45.594+0800] {subprocess.py:106} INFO - [2025-02-24T12:40:45.577+0800] {base.py:1863} INFO - INSERT INTO muse_project (update_time, crypto_name, price, hour_change_rate, volume) VALUES (%(update_time)s, %(crypto_name)s, %(price)s, %(hour_change_rate)s, %(volume)s)
[2025-02-24T12:40:45.596+0800] {subprocess.py:106} INFO - 2025-02-24 12:40:45,578 INFO sqlalchemy.engine.Engine [generated in 0.00109s] ({'update_time': datetime.datetime(2025, 2, 24, 12, 40, 45, 547972), 'crypto_name': 'Bitcoin', 'price': 95373.6, 'hour_change_rate': -0.05, 'volume': 20326373081.0}, {'update_time': datetime.datetime(2025, 2, 24, 12, 40, 45, 548091), 'crypto_name': 'Ethereum', 'price': 2706.0, 'hour_change_rate': -0.54, 'volume': 23107185052.0}, {'update_time': datetime.datetime(2025, 2, 24, 12, 40, 45, 548217), 'crypto_name': 'XRP', 'price': 2.46, 'hour_change_rate': -1.23, 'volume': 3084410798.0}, {'update_time': datetime.datetime(2025, 2, 24, 12, 40, 45, 548315), 'crypto_name': 'Tether', 'price': 1.0, 'hour_change_rate': -0.0, 'volume': 60935567876.0}, {'update_time': datetime.datetime(2025, 2, 24, 12, 40, 45, 548411), 'crypto_name': 'BNB', 'price': 641.43, 'hour_change_rate': -0.52, 'volume': 1514819995.0}, {'update_time': datetime.datetime(2025, 2, 24, 12, 40, 45, 548504), 'crypto_name': 'Solana', 'price': 159.58, 'hour_change_rate': -1.09, 'volume': 2338368534.0}, {'update_time': datetime.datetime(2025, 2, 24, 12, 40, 45, 548596), 'crypto_name': 'USDC', 'price': 0.9999, 'hour_change_rate': 0.0, 'volume': 5824794918.0}, {'update_time': datetime.datetime(2025, 2, 24, 12, 40, 45, 548688), 'crypto_name': 'Dogecoin', 'price': 0.2286, 'hour_change_rate': -0.52, 'volume': 1040974736.0}, {'update_time': datetime.datetime(2025, 2, 24, 12, 40, 45, 548780), 'crypto_name': 'Cardano', 'price': 0.7349, 'hour_change_rate': -1.38, 'volume': 554526160.0}, {'update_time': datetime.datetime(2025, 2, 24, 12, 40, 45, 548874), 'crypto_name': 'TRON', 'price': 0.2425, 'hour_change_rate': -0.21, 'volume': 436413001.0})
[2025-02-24T12:40:45.598+0800] {subprocess.py:106} INFO - [2025-02-24T12:40:45.578+0800] {base.py:1868} INFO - [generated in 0.00109s] ({'update_time': datetime.datetime(2025, 2, 24, 12, 40, 45, 547972), 'crypto_name': 'Bitcoin', 'price': 95373.6, 'hour_change_rate': -0.05, 'volume': 20326373081.0}, {'update_time': datetime.datetime(2025, 2, 24, 12, 40, 45, 548091), 'crypto_name': 'Ethereum', 'price': 2706.0, 'hour_change_rate': -0.54, 'volume': 23107185052.0}, {'update_time': datetime.datetime(2025, 2, 24, 12, 40, 45, 548217), 'crypto_name': 'XRP', 'price': 2.46, 'hour_change_rate': -1.23, 'volume': 3084410798.0}, {'update_time': datetime.datetime(2025, 2, 24, 12, 40, 45, 548315), 'crypto_name': 'Tether', 'price': 1.0, 'hour_change_rate': -0.0, 'volume': 60935567876.0}, {'update_time': datetime.datetime(2025, 2, 24, 12, 40, 45, 548411), 'crypto_name': 'BNB', 'price': 641.43, 'hour_change_rate': -0.52, 'volume': 1514819995.0}, {'update_time': datetime.datetime(2025, 2, 24, 12, 40, 45, 548504), 'crypto_name': 'Solana', 'price': 159.58, 'hour_change_rate': -1.09, 'volume': 2338368534.0}, {'update_time': datetime.datetime(2025, 2, 24, 12, 40, 45, 548596), 'crypto_name': 'USDC', 'price': 0.9999, 'hour_change_rate': 0.0, 'volume': 5824794918.0}, {'update_time': datetime.datetime(2025, 2, 24, 12, 40, 45, 548688), 'crypto_name': 'Dogecoin', 'price': 0.2286, 'hour_change_rate': -0.52, 'volume': 1040974736.0}, {'update_time': datetime.datetime(2025, 2, 24, 12, 40, 45, 548780), 'crypto_name': 'Cardano', 'price': 0.7349, 'hour_change_rate': -1.38, 'volume': 554526160.0}, {'update_time': datetime.datetime(2025, 2, 24, 12, 40, 45, 548874), 'crypto_name': 'TRON', 'price': 0.2425, 'hour_change_rate': -0.21, 'volume': 436413001.0})
[2025-02-24T12:40:45.600+0800] {subprocess.py:106} INFO - 2025-02-24 12:40:45,580 INFO sqlalchemy.engine.Engine COMMIT
[2025-02-24T12:40:45.602+0800] {subprocess.py:106} INFO - [2025-02-24T12:40:45.580+0800] {base.py:1092} INFO - COMMIT
[2025-02-24T12:40:45.604+0800] {subprocess.py:106} INFO - Done bulk insert.
[2025-02-24T12:40:45.605+0800] {subprocess.py:106} INFO - Done price extraction.
[2025-02-24T12:40:45.608+0800] {subprocess.py:106} INFO - [2025-02-24T12:40:45.583+0800] {extract_crypto.py:135} INFO - 2025-02-24 12:40:45.583398 Done price extraction.
[2025-02-24T12:40:45.784+0800] {subprocess.py:110} INFO - Command exited with return code 0
[2025-02-24T12:40:45.891+0800] {taskinstance.py:341} INFO - ::group::Post task execution logs
[2025-02-24T12:40:45.894+0800] {taskinstance.py:353} INFO - Marking task as SUCCESS. dag_id=muse_dag, task_id=extract_crypto_data, run_id=scheduled__2025-02-24T04:30:00+00:00, execution_date=20250224T043000, start_date=20250224T044031, end_date=20250224T044045
[2025-02-24T12:40:46.003+0800] {logging_mixin.py:190} INFO - Task instance in success state
[2025-02-24T12:40:46.005+0800] {logging_mixin.py:190} INFO -  Previous state of the Task instance: running
[2025-02-24T12:40:46.007+0800] {logging_mixin.py:190} INFO - Dag name:muse_dag queued_at:2025-02-24 04:40:01.370874+00:00
[2025-02-24T12:40:46.010+0800] {logging_mixin.py:190} INFO - Task hostname:LAPTOP-7NCGBFK9. operator:BashOperator
[2025-02-24T12:40:46.029+0800] {local_task_job_runner.py:266} INFO - Task exited with return code 0
[2025-02-24T12:40:46.049+0800] {taskinstance.py:3901} INFO - 0 downstream tasks scheduled from follow-on schedule check
[2025-02-24T12:40:46.053+0800] {local_task_job_runner.py:245} INFO - ::endgroup::
