[2025-02-24T11:17:48.360+0800] {local_task_job_runner.py:123} INFO - ::group::Pre task execution logs
[2025-02-24T11:17:48.378+0800] {taskinstance.py:2614} INFO - Dependencies all met for dep_context=non-requeueable deps ti=<TaskInstance: muse_dag.extract_crypto_data scheduled__2025-02-24T03:00:00+00:00 [queued]>
[2025-02-24T11:17:48.388+0800] {taskinstance.py:2614} INFO - Dependencies all met for dep_context=requeueable deps ti=<TaskInstance: muse_dag.extract_crypto_data scheduled__2025-02-24T03:00:00+00:00 [queued]>
[2025-02-24T11:17:48.389+0800] {taskinstance.py:2867} INFO - Starting attempt 1 of 2
[2025-02-24T11:17:48.421+0800] {taskinstance.py:2890} INFO - Executing <Task(BashOperator): extract_crypto_data> on 2025-02-24 03:00:00+00:00
[2025-02-24T11:17:48.425+0800] {standard_task_runner.py:72} INFO - Started process 65237 to run task
[2025-02-24T11:17:48.428+0800] {standard_task_runner.py:104} INFO - Running: ['airflow', 'tasks', 'run', 'muse_dag', 'extract_crypto_data', 'scheduled__2025-02-24T03:00:00+00:00', '--job-id', '37', '--raw', '--subdir', 'DAGS_FOLDER/muse_dag.py', '--cfg-path', '/tmp/tmpevpbrgch']
[2025-02-24T11:17:48.432+0800] {standard_task_runner.py:105} INFO - Job 37: Subtask extract_crypto_data
[2025-02-24T11:17:48.551+0800] {task_command.py:467} INFO - Running <TaskInstance: muse_dag.extract_crypto_data scheduled__2025-02-24T03:00:00+00:00 [running]> on host LAPTOP-7NCGBFK9.
[2025-02-24T11:17:48.703+0800] {taskinstance.py:3134} INFO - Exporting env vars: AIRFLOW_CTX_DAG_OWNER='laurence' AIRFLOW_CTX_DAG_ID='muse_dag' AIRFLOW_CTX_TASK_ID='extract_crypto_data' AIRFLOW_CTX_EXECUTION_DATE='2025-02-24T03:00:00+00:00' AIRFLOW_CTX_TRY_NUMBER='1' AIRFLOW_CTX_DAG_RUN_ID='scheduled__2025-02-24T03:00:00+00:00'
[2025-02-24T11:17:48.708+0800] {logging_mixin.py:190} INFO - Task instance is in running state
[2025-02-24T11:17:48.738+0800] {logging_mixin.py:190} INFO -  Previous state of the Task instance: queued
[2025-02-24T11:17:48.767+0800] {logging_mixin.py:190} INFO - Current task name:extract_crypto_data state:running start_date:2025-02-24 03:17:48.379440+00:00
[2025-02-24T11:17:48.787+0800] {logging_mixin.py:190} INFO - Dag name:muse_dag and current dag run status:running
[2025-02-24T11:17:48.792+0800] {taskinstance.py:732} INFO - ::endgroup::
[2025-02-24T11:17:48.814+0800] {subprocess.py:78} INFO - Tmp dir root location: /tmp
[2025-02-24T11:17:48.817+0800] {subprocess.py:88} INFO - Running command: ['/usr/bin/bash', '-c', '/mnt/c/Users/User/laurence/Muse_assessment/muse_env/bin/python3 /mnt/c/Users/User/laurence/Muse_assessment/src/extract_crypto.py']
[2025-02-24T11:17:48.825+0800] {subprocess.py:99} INFO - Output:
[2025-02-24T11:17:59.310+0800] {subprocess.py:106} INFO - /mnt/c/Users/User/laurence/Muse_assessment/src/extract_crypto.py:45 MovedIn20Warning: Deprecated API features detected! These feature(s) are not compatible with SQLAlchemy 2.0. To prevent incompatible upgrades prior to updating applications, ensure requirements files are pinned to "sqlalchemy<2.0". Set environment variable SQLALCHEMY_WARN_20=1 to show all deprecation warnings.  Set environment variable SQLALCHEMY_SILENCE_UBER_WARNING=1 to silence this message. (Background on SQLAlchemy 2.0 at: https://sqlalche.me/e/b8d9)
[2025-02-24T11:17:59.315+0800] {subprocess.py:106} INFO - reset new handlers!
[2025-02-24T11:17:59.316+0800] {subprocess.py:106} INFO - Start extracting bitcoin real-time price...
[2025-02-24T11:17:59.317+0800] {subprocess.py:106} INFO - [2025-02-24T11:17:59.311+0800] {extract_crypto.py:131} INFO - 2025-02-24 11:17:59.311605 Start extracting bitcoin real-time price...
[2025-02-24T11:17:59.437+0800] {subprocess.py:106} INFO - Done data extraction. Start storing to DB...
[2025-02-24T11:17:59.439+0800] {subprocess.py:106} INFO - [2025-02-24T11:17:59.434+0800] {extract_crypto.py:105} INFO - Done data extraction. Start storing to DB...
[2025-02-24T11:17:59.446+0800] {subprocess.py:106} INFO - 2025-02-24 11:17:59,446 INFO sqlalchemy.engine.Engine select pg_catalog.version()
[2025-02-24T11:17:59.450+0800] {subprocess.py:106} INFO - [2025-02-24T11:17:59.446+0800] {base.py:1863} INFO - select pg_catalog.version()
[2025-02-24T11:17:59.453+0800] {subprocess.py:106} INFO - 2025-02-24 11:17:59,448 INFO sqlalchemy.engine.Engine [raw sql] {}
[2025-02-24T11:17:59.454+0800] {subprocess.py:106} INFO - [2025-02-24T11:17:59.448+0800] {base.py:1868} INFO - [raw sql] {}
[2025-02-24T11:17:59.455+0800] {subprocess.py:106} INFO - 2025-02-24 11:17:59,450 INFO sqlalchemy.engine.Engine select current_schema()
[2025-02-24T11:17:59.458+0800] {subprocess.py:106} INFO - [2025-02-24T11:17:59.450+0800] {base.py:1863} INFO - select current_schema()
[2025-02-24T11:17:59.461+0800] {subprocess.py:106} INFO - 2025-02-24 11:17:59,452 INFO sqlalchemy.engine.Engine [raw sql] {}
[2025-02-24T11:17:59.464+0800] {subprocess.py:106} INFO - [2025-02-24T11:17:59.452+0800] {base.py:1868} INFO - [raw sql] {}
[2025-02-24T11:17:59.469+0800] {subprocess.py:106} INFO - 2025-02-24 11:17:59,453 INFO sqlalchemy.engine.Engine show standard_conforming_strings
[2025-02-24T11:17:59.471+0800] {subprocess.py:106} INFO - [2025-02-24T11:17:59.453+0800] {base.py:1863} INFO - show standard_conforming_strings
[2025-02-24T11:17:59.474+0800] {subprocess.py:106} INFO - 2025-02-24 11:17:59,454 INFO sqlalchemy.engine.Engine [raw sql] {}
[2025-02-24T11:17:59.477+0800] {subprocess.py:106} INFO - [2025-02-24T11:17:59.454+0800] {base.py:1868} INFO - [raw sql] {}
[2025-02-24T11:17:59.480+0800] {subprocess.py:106} INFO - 2025-02-24 11:17:59,456 INFO sqlalchemy.engine.Engine BEGIN (implicit)
[2025-02-24T11:17:59.482+0800] {subprocess.py:106} INFO - [2025-02-24T11:17:59.456+0800] {base.py:1032} INFO - BEGIN (implicit)
[2025-02-24T11:17:59.485+0800] {subprocess.py:106} INFO - 2025-02-24 11:17:59,458 INFO sqlalchemy.engine.Engine INSERT INTO muse_project (update_time, crypto_name, price, hour_change_rate, volume) VALUES (%(update_time)s, %(crypto_name)s, %(price)s, %(hour_change_rate)s, %(volume)s)
[2025-02-24T11:17:59.488+0800] {subprocess.py:106} INFO - [2025-02-24T11:17:59.458+0800] {base.py:1863} INFO - INSERT INTO muse_project (update_time, crypto_name, price, hour_change_rate, volume) VALUES (%(update_time)s, %(crypto_name)s, %(price)s, %(hour_change_rate)s, %(volume)s)
[2025-02-24T11:17:59.490+0800] {subprocess.py:106} INFO - 2025-02-24 11:17:59,461 INFO sqlalchemy.engine.Engine [generated in 0.00301s] ({'update_time': datetime.datetime(2025, 2, 24, 11, 17, 59, 433465), 'crypto_name': 'Bitcoin', 'price': 95797.81, 'hour_change_rate': -0.39, 'volume': 19040429944.0}, {'update_time': datetime.datetime(2025, 2, 24, 11, 17, 59, 433613), 'crypto_name': 'Ethereum', 'price': 2764.76, 'hour_change_rate': -1.14, 'volume': 21425231529.0}, {'update_time': datetime.datetime(2025, 2, 24, 11, 17, 59, 433710), 'crypto_name': 'XRP', 'price': 2.53, 'hour_change_rate': -1.16, 'volume': 2516748573.0}, {'update_time': datetime.datetime(2025, 2, 24, 11, 17, 59, 433797), 'crypto_name': 'Tether', 'price': 1.0, 'hour_change_rate': 0.02, 'volume': 57792658148.0}, {'update_time': datetime.datetime(2025, 2, 24, 11, 17, 59, 433878), 'crypto_name': 'BNB', 'price': 649.11, 'hour_change_rate': -0.49, 'volume': 1486266212.0}, {'update_time': datetime.datetime(2025, 2, 24, 11, 17, 59, 433961), 'crypto_name': 'Solana', 'price': 162.29, 'hour_change_rate': -1.22, 'volume': 1975706431.0}, {'update_time': datetime.datetime(2025, 2, 24, 11, 17, 59, 434042), 'crypto_name': 'USDC', 'price': 0.9999, 'hour_change_rate': -0.01, 'volume': 5352175090.0}, {'update_time': datetime.datetime(2025, 2, 24, 11, 17, 59, 434121), 'crypto_name': 'Dogecoin', 'price': 0.2336, 'hour_change_rate': -2.34, 'volume': 832811565.0}, {'update_time': datetime.datetime(2025, 2, 24, 11, 17, 59, 434201), 'crypto_name': 'Cardano', 'price': 0.7541, 'hour_change_rate': -1.52, 'volume': 515170164.0}, {'update_time': datetime.datetime(2025, 2, 24, 11, 17, 59, 434282), 'crypto_name': 'TRON', 'price': 0.2444, 'hour_change_rate': -0.18, 'volume': 434492323.0})
[2025-02-24T11:17:59.491+0800] {subprocess.py:106} INFO - [2025-02-24T11:17:59.461+0800] {base.py:1868} INFO - [generated in 0.00301s] ({'update_time': datetime.datetime(2025, 2, 24, 11, 17, 59, 433465), 'crypto_name': 'Bitcoin', 'price': 95797.81, 'hour_change_rate': -0.39, 'volume': 19040429944.0}, {'update_time': datetime.datetime(2025, 2, 24, 11, 17, 59, 433613), 'crypto_name': 'Ethereum', 'price': 2764.76, 'hour_change_rate': -1.14, 'volume': 21425231529.0}, {'update_time': datetime.datetime(2025, 2, 24, 11, 17, 59, 433710), 'crypto_name': 'XRP', 'price': 2.53, 'hour_change_rate': -1.16, 'volume': 2516748573.0}, {'update_time': datetime.datetime(2025, 2, 24, 11, 17, 59, 433797), 'crypto_name': 'Tether', 'price': 1.0, 'hour_change_rate': 0.02, 'volume': 57792658148.0}, {'update_time': datetime.datetime(2025, 2, 24, 11, 17, 59, 433878), 'crypto_name': 'BNB', 'price': 649.11, 'hour_change_rate': -0.49, 'volume': 1486266212.0}, {'update_time': datetime.datetime(2025, 2, 24, 11, 17, 59, 433961), 'crypto_name': 'Solana', 'price': 162.29, 'hour_change_rate': -1.22, 'volume': 1975706431.0}, {'update_time': datetime.datetime(2025, 2, 24, 11, 17, 59, 434042), 'crypto_name': 'USDC', 'price': 0.9999, 'hour_change_rate': -0.01, 'volume': 5352175090.0}, {'update_time': datetime.datetime(2025, 2, 24, 11, 17, 59, 434121), 'crypto_name': 'Dogecoin', 'price': 0.2336, 'hour_change_rate': -2.34, 'volume': 832811565.0}, {'update_time': datetime.datetime(2025, 2, 24, 11, 17, 59, 434201), 'crypto_name': 'Cardano', 'price': 0.7541, 'hour_change_rate': -1.52, 'volume': 515170164.0}, {'update_time': datetime.datetime(2025, 2, 24, 11, 17, 59, 434282), 'crypto_name': 'TRON', 'price': 0.2444, 'hour_change_rate': -0.18, 'volume': 434492323.0})
[2025-02-24T11:17:59.493+0800] {subprocess.py:106} INFO - 2025-02-24 11:17:59,464 INFO sqlalchemy.engine.Engine COMMIT
[2025-02-24T11:17:59.495+0800] {subprocess.py:106} INFO - [2025-02-24T11:17:59.464+0800] {base.py:1092} INFO - COMMIT
[2025-02-24T11:17:59.497+0800] {subprocess.py:106} INFO - Done bulk insert.
[2025-02-24T11:17:59.498+0800] {subprocess.py:106} INFO - Done price extraction.
[2025-02-24T11:17:59.500+0800] {subprocess.py:106} INFO - [2025-02-24T11:17:59.469+0800] {extract_crypto.py:135} INFO - 2025-02-24 11:17:59.469405 Done price extraction.
[2025-02-24T11:17:59.655+0800] {subprocess.py:110} INFO - Command exited with return code 0
[2025-02-24T11:17:59.708+0800] {taskinstance.py:341} INFO - ::group::Post task execution logs
[2025-02-24T11:17:59.710+0800] {taskinstance.py:353} INFO - Marking task as SUCCESS. dag_id=muse_dag, task_id=extract_crypto_data, run_id=scheduled__2025-02-24T03:00:00+00:00, execution_date=20250224T030000, start_date=20250224T031748, end_date=20250224T031759
[2025-02-24T11:17:59.799+0800] {logging_mixin.py:190} INFO - Task instance in success state
[2025-02-24T11:17:59.801+0800] {logging_mixin.py:190} INFO -  Previous state of the Task instance: running
[2025-02-24T11:17:59.803+0800] {logging_mixin.py:190} INFO - Dag name:muse_dag queued_at:2025-02-24 03:16:05.459825+00:00
[2025-02-24T11:17:59.805+0800] {logging_mixin.py:190} INFO - Task hostname:LAPTOP-7NCGBFK9. operator:BashOperator
[2025-02-24T11:17:59.845+0800] {local_task_job_runner.py:266} INFO - Task exited with return code 0
[2025-02-24T11:17:59.872+0800] {taskinstance.py:3901} INFO - 0 downstream tasks scheduled from follow-on schedule check
[2025-02-24T11:17:59.876+0800] {local_task_job_runner.py:245} INFO - ::endgroup::
