[2025-02-24T12:10:24.314+0800] {local_task_job_runner.py:123} INFO - ::group::Pre task execution logs
[2025-02-24T12:10:24.340+0800] {taskinstance.py:2614} INFO - Dependencies all met for dep_context=non-requeueable deps ti=<TaskInstance: muse_dag.extract_crypto_data scheduled__2025-02-24T04:00:00+00:00 [queued]>
[2025-02-24T12:10:24.359+0800] {taskinstance.py:2614} INFO - Dependencies all met for dep_context=requeueable deps ti=<TaskInstance: muse_dag.extract_crypto_data scheduled__2025-02-24T04:00:00+00:00 [queued]>
[2025-02-24T12:10:24.361+0800] {taskinstance.py:2867} INFO - Starting attempt 1 of 2
[2025-02-24T12:10:24.414+0800] {taskinstance.py:2890} INFO - Executing <Task(BashOperator): extract_crypto_data> on 2025-02-24 04:00:00+00:00
[2025-02-24T12:10:24.418+0800] {standard_task_runner.py:72} INFO - Started process 90006 to run task
[2025-02-24T12:10:24.421+0800] {standard_task_runner.py:104} INFO - Running: ['airflow', 'tasks', 'run', 'muse_dag', 'extract_crypto_data', 'scheduled__2025-02-24T04:00:00+00:00', '--job-id', '43', '--raw', '--subdir', 'DAGS_FOLDER/muse_dag.py', '--cfg-path', '/tmp/tmp472skl6r']
[2025-02-24T12:10:24.423+0800] {standard_task_runner.py:105} INFO - Job 43: Subtask extract_crypto_data
[2025-02-24T12:10:24.781+0800] {task_command.py:467} INFO - Running <TaskInstance: muse_dag.extract_crypto_data scheduled__2025-02-24T04:00:00+00:00 [running]> on host LAPTOP-7NCGBFK9.
[2025-02-24T12:10:24.920+0800] {taskinstance.py:3134} INFO - Exporting env vars: AIRFLOW_CTX_DAG_OWNER='laurence' AIRFLOW_CTX_DAG_ID='muse_dag' AIRFLOW_CTX_TASK_ID='extract_crypto_data' AIRFLOW_CTX_EXECUTION_DATE='2025-02-24T04:00:00+00:00' AIRFLOW_CTX_TRY_NUMBER='1' AIRFLOW_CTX_DAG_RUN_ID='scheduled__2025-02-24T04:00:00+00:00'
[2025-02-24T12:10:24.923+0800] {logging_mixin.py:190} INFO - Task instance is in running state
[2025-02-24T12:10:24.925+0800] {logging_mixin.py:190} INFO -  Previous state of the Task instance: queued
[2025-02-24T12:10:24.926+0800] {logging_mixin.py:190} INFO - Current task name:extract_crypto_data state:running start_date:2025-02-24 04:10:24.342082+00:00
[2025-02-24T12:10:24.928+0800] {logging_mixin.py:190} INFO - Dag name:muse_dag and current dag run status:running
[2025-02-24T12:10:24.930+0800] {taskinstance.py:732} INFO - ::endgroup::
[2025-02-24T12:10:24.937+0800] {subprocess.py:78} INFO - Tmp dir root location: /tmp
[2025-02-24T12:10:24.939+0800] {subprocess.py:88} INFO - Running command: ['/usr/bin/bash', '-c', '/mnt/c/Users/User/laurence/Muse_assessment/muse_env/bin/python3 /mnt/c/Users/User/laurence/Muse_assessment/src/extract_crypto.py']
[2025-02-24T12:10:24.944+0800] {subprocess.py:99} INFO - Output:
[2025-02-24T12:10:37.359+0800] {subprocess.py:106} INFO - /mnt/c/Users/User/laurence/Muse_assessment/src/extract_crypto.py:45 MovedIn20Warning: Deprecated API features detected! These feature(s) are not compatible with SQLAlchemy 2.0. To prevent incompatible upgrades prior to updating applications, ensure requirements files are pinned to "sqlalchemy<2.0". Set environment variable SQLALCHEMY_WARN_20=1 to show all deprecation warnings.  Set environment variable SQLALCHEMY_SILENCE_UBER_WARNING=1 to silence this message. (Background on SQLAlchemy 2.0 at: https://sqlalche.me/e/b8d9)
[2025-02-24T12:10:37.364+0800] {subprocess.py:106} INFO - reset new handlers!
[2025-02-24T12:10:37.365+0800] {subprocess.py:106} INFO - Start extracting bitcoin real-time price...
[2025-02-24T12:10:37.367+0800] {subprocess.py:106} INFO - [2025-02-24T12:10:37.360+0800] {extract_crypto.py:131} INFO - 2025-02-24 12:10:37.360146 Start extracting bitcoin real-time price...
[2025-02-24T12:10:37.546+0800] {subprocess.py:106} INFO - Done data extraction. Start storing to DB...
[2025-02-24T12:10:37.553+0800] {subprocess.py:106} INFO - [2025-02-24T12:10:37.483+0800] {extract_crypto.py:105} INFO - Done data extraction. Start storing to DB...
[2025-02-24T12:10:37.559+0800] {subprocess.py:106} INFO - 2025-02-24 12:10:37,559 INFO sqlalchemy.engine.Engine select pg_catalog.version()
[2025-02-24T12:10:37.561+0800] {subprocess.py:106} INFO - [2025-02-24T12:10:37.559+0800] {base.py:1863} INFO - select pg_catalog.version()
[2025-02-24T12:10:37.564+0800] {subprocess.py:106} INFO - 2025-02-24 12:10:37,560 INFO sqlalchemy.engine.Engine [raw sql] {}
[2025-02-24T12:10:37.565+0800] {subprocess.py:106} INFO - [2025-02-24T12:10:37.560+0800] {base.py:1868} INFO - [raw sql] {}
[2025-02-24T12:10:37.567+0800] {subprocess.py:106} INFO - 2025-02-24 12:10:37,562 INFO sqlalchemy.engine.Engine select current_schema()
[2025-02-24T12:10:37.570+0800] {subprocess.py:106} INFO - [2025-02-24T12:10:37.562+0800] {base.py:1863} INFO - select current_schema()
[2025-02-24T12:10:37.573+0800] {subprocess.py:106} INFO - 2025-02-24 12:10:37,564 INFO sqlalchemy.engine.Engine [raw sql] {}
[2025-02-24T12:10:37.575+0800] {subprocess.py:106} INFO - [2025-02-24T12:10:37.564+0800] {base.py:1868} INFO - [raw sql] {}
[2025-02-24T12:10:37.578+0800] {subprocess.py:106} INFO - 2025-02-24 12:10:37,565 INFO sqlalchemy.engine.Engine show standard_conforming_strings
[2025-02-24T12:10:37.581+0800] {subprocess.py:106} INFO - [2025-02-24T12:10:37.565+0800] {base.py:1863} INFO - show standard_conforming_strings
[2025-02-24T12:10:37.583+0800] {subprocess.py:106} INFO - 2025-02-24 12:10:37,567 INFO sqlalchemy.engine.Engine [raw sql] {}
[2025-02-24T12:10:37.588+0800] {subprocess.py:106} INFO - [2025-02-24T12:10:37.567+0800] {base.py:1868} INFO - [raw sql] {}
[2025-02-24T12:10:37.593+0800] {subprocess.py:106} INFO - 2025-02-24 12:10:37,568 INFO sqlalchemy.engine.Engine BEGIN (implicit)
[2025-02-24T12:10:37.597+0800] {subprocess.py:106} INFO - [2025-02-24T12:10:37.568+0800] {base.py:1032} INFO - BEGIN (implicit)
[2025-02-24T12:10:37.600+0800] {subprocess.py:106} INFO - 2025-02-24 12:10:37,570 INFO sqlalchemy.engine.Engine INSERT INTO muse_project (update_time, crypto_name, price, hour_change_rate, volume) VALUES (%(update_time)s, %(crypto_name)s, %(price)s, %(hour_change_rate)s, %(volume)s)
[2025-02-24T12:10:37.603+0800] {subprocess.py:106} INFO - [2025-02-24T12:10:37.570+0800] {base.py:1863} INFO - INSERT INTO muse_project (update_time, crypto_name, price, hour_change_rate, volume) VALUES (%(update_time)s, %(crypto_name)s, %(price)s, %(hour_change_rate)s, %(volume)s)
[2025-02-24T12:10:37.605+0800] {subprocess.py:106} INFO - 2025-02-24 12:10:37,572 INFO sqlalchemy.engine.Engine [generated in 0.00163s] ({'update_time': datetime.datetime(2025, 2, 24, 12, 10, 37, 482957), 'crypto_name': 'Bitcoin', 'price': 95478.58, 'hour_change_rate': -0.25, 'volume': 19697641270.0}, {'update_time': datetime.datetime(2025, 2, 24, 12, 10, 37, 483062), 'crypto_name': 'Ethereum', 'price': 2714.55, 'hour_change_rate': -1.83, 'volume': 22515083643.0}, {'update_time': datetime.datetime(2025, 2, 24, 12, 10, 37, 483148), 'crypto_name': 'XRP', 'price': 2.48, 'hour_change_rate': -1.9, 'volume': 2952291090.0}, {'update_time': datetime.datetime(2025, 2, 24, 12, 10, 37, 483232), 'crypto_name': 'Tether', 'price': 0.9999, 'hour_change_rate': -0.02, 'volume': 59269808808.0}, {'update_time': datetime.datetime(2025, 2, 24, 12, 10, 37, 483313), 'crypto_name': 'BNB', 'price': 644.55, 'hour_change_rate': -0.68, 'volume': 1500610513.0}, {'update_time': datetime.datetime(2025, 2, 24, 12, 10, 37, 483392), 'crypto_name': 'Solana', 'price': 160.9, 'hour_change_rate': -0.87, 'volume': 2182817772.0}, {'update_time': datetime.datetime(2025, 2, 24, 12, 10, 37, 483514), 'crypto_name': 'USDC', 'price': 0.9998, 'hour_change_rate': -0.01, 'volume': 5672184272.0}, {'update_time': datetime.datetime(2025, 2, 24, 12, 10, 37, 483597), 'crypto_name': 'Dogecoin', 'price': 0.2304, 'hour_change_rate': -1.95, 'volume': 996419407.0}, {'update_time': datetime.datetime(2025, 2, 24, 12, 10, 37, 483676), 'crypto_name': 'Cardano', 'price': 0.7383, 'hour_change_rate': -2.24, 'volume': 552073679.0}, {'update_time': datetime.datetime(2025, 2, 24, 12, 10, 37, 483756), 'crypto_name': 'TRON', 'price': 0.2427, 'hour_change_rate': -0.78, 'volume': 435444164.0})
[2025-02-24T12:10:37.608+0800] {subprocess.py:106} INFO - [2025-02-24T12:10:37.572+0800] {base.py:1868} INFO - [generated in 0.00163s] ({'update_time': datetime.datetime(2025, 2, 24, 12, 10, 37, 482957), 'crypto_name': 'Bitcoin', 'price': 95478.58, 'hour_change_rate': -0.25, 'volume': 19697641270.0}, {'update_time': datetime.datetime(2025, 2, 24, 12, 10, 37, 483062), 'crypto_name': 'Ethereum', 'price': 2714.55, 'hour_change_rate': -1.83, 'volume': 22515083643.0}, {'update_time': datetime.datetime(2025, 2, 24, 12, 10, 37, 483148), 'crypto_name': 'XRP', 'price': 2.48, 'hour_change_rate': -1.9, 'volume': 2952291090.0}, {'update_time': datetime.datetime(2025, 2, 24, 12, 10, 37, 483232), 'crypto_name': 'Tether', 'price': 0.9999, 'hour_change_rate': -0.02, 'volume': 59269808808.0}, {'update_time': datetime.datetime(2025, 2, 24, 12, 10, 37, 483313), 'crypto_name': 'BNB', 'price': 644.55, 'hour_change_rate': -0.68, 'volume': 1500610513.0}, {'update_time': datetime.datetime(2025, 2, 24, 12, 10, 37, 483392), 'crypto_name': 'Solana', 'price': 160.9, 'hour_change_rate': -0.87, 'volume': 2182817772.0}, {'update_time': datetime.datetime(2025, 2, 24, 12, 10, 37, 483514), 'crypto_name': 'USDC', 'price': 0.9998, 'hour_change_rate': -0.01, 'volume': 5672184272.0}, {'update_time': datetime.datetime(2025, 2, 24, 12, 10, 37, 483597), 'crypto_name': 'Dogecoin', 'price': 0.2304, 'hour_change_rate': -1.95, 'volume': 996419407.0}, {'update_time': datetime.datetime(2025, 2, 24, 12, 10, 37, 483676), 'crypto_name': 'Cardano', 'price': 0.7383, 'hour_change_rate': -2.24, 'volume': 552073679.0}, {'update_time': datetime.datetime(2025, 2, 24, 12, 10, 37, 483756), 'crypto_name': 'TRON', 'price': 0.2427, 'hour_change_rate': -0.78, 'volume': 435444164.0})
[2025-02-24T12:10:37.611+0800] {subprocess.py:106} INFO - 2025-02-24 12:10:37,574 INFO sqlalchemy.engine.Engine COMMIT
[2025-02-24T12:10:37.614+0800] {subprocess.py:106} INFO - [2025-02-24T12:10:37.574+0800] {base.py:1092} INFO - COMMIT
[2025-02-24T12:10:37.617+0800] {subprocess.py:106} INFO - Done bulk insert.
[2025-02-24T12:10:37.621+0800] {subprocess.py:106} INFO - Done price extraction.
[2025-02-24T12:10:37.624+0800] {subprocess.py:106} INFO - [2025-02-24T12:10:37.581+0800] {extract_crypto.py:135} INFO - 2025-02-24 12:10:37.581400 Done price extraction.
[2025-02-24T12:10:37.771+0800] {subprocess.py:110} INFO - Command exited with return code 0
[2025-02-24T12:10:37.838+0800] {taskinstance.py:341} INFO - ::group::Post task execution logs
[2025-02-24T12:10:37.841+0800] {taskinstance.py:353} INFO - Marking task as SUCCESS. dag_id=muse_dag, task_id=extract_crypto_data, run_id=scheduled__2025-02-24T04:00:00+00:00, execution_date=20250224T040000, start_date=20250224T041024, end_date=20250224T041037
[2025-02-24T12:10:37.950+0800] {logging_mixin.py:190} INFO - Task instance in success state
[2025-02-24T12:10:37.951+0800] {logging_mixin.py:190} INFO -  Previous state of the Task instance: running
[2025-02-24T12:10:37.953+0800] {logging_mixin.py:190} INFO - Dag name:muse_dag queued_at:2025-02-24 04:10:01.203184+00:00
[2025-02-24T12:10:37.956+0800] {logging_mixin.py:190} INFO - Task hostname:LAPTOP-7NCGBFK9. operator:BashOperator
[2025-02-24T12:10:37.963+0800] {local_task_job_runner.py:266} INFO - Task exited with return code 0
[2025-02-24T12:10:37.985+0800] {taskinstance.py:3901} INFO - 0 downstream tasks scheduled from follow-on schedule check
[2025-02-24T12:10:37.988+0800] {local_task_job_runner.py:245} INFO - ::endgroup::
