[2025-02-24T10:23:43.877+0800] {local_task_job_runner.py:123} INFO - ::group::Pre task execution logs
[2025-02-24T10:23:43.933+0800] {taskinstance.py:2614} INFO - Dependencies all met for dep_context=non-requeueable deps ti=<TaskInstance: muse_dag.extract_crypto_data scheduled__2025-02-23T10:31:17.902177+00:00 [queued]>
[2025-02-24T10:23:43.960+0800] {taskinstance.py:2614} INFO - Dependencies all met for dep_context=requeueable deps ti=<TaskInstance: muse_dag.extract_crypto_data scheduled__2025-02-23T10:31:17.902177+00:00 [queued]>
[2025-02-24T10:23:43.962+0800] {taskinstance.py:2867} INFO - Starting attempt 1 of 2
[2025-02-24T10:23:44.026+0800] {taskinstance.py:2890} INFO - Executing <Task(BashOperator): extract_crypto_data> on 2025-02-23 10:31:17.902177+00:00
[2025-02-24T10:23:44.032+0800] {standard_task_runner.py:72} INFO - Started process 40419 to run task
[2025-02-24T10:23:44.036+0800] {standard_task_runner.py:104} INFO - Running: ['airflow', 'tasks', 'run', 'muse_dag', 'extract_crypto_data', 'scheduled__2025-02-23T10:31:17.902177+00:00', '--job-id', '25', '--raw', '--subdir', 'DAGS_FOLDER/muse_dag.py', '--cfg-path', '/tmp/tmptr_m_xz_']
[2025-02-24T10:23:44.040+0800] {standard_task_runner.py:105} INFO - Job 25: Subtask extract_crypto_data
[2025-02-24T10:23:44.189+0800] {task_command.py:467} INFO - Running <TaskInstance: muse_dag.extract_crypto_data scheduled__2025-02-23T10:31:17.902177+00:00 [running]> on host LAPTOP-7NCGBFK9.
[2025-02-24T10:23:44.350+0800] {taskinstance.py:3134} INFO - Exporting env vars: AIRFLOW_CTX_DAG_OWNER='laurence' AIRFLOW_CTX_DAG_ID='muse_dag' AIRFLOW_CTX_TASK_ID='extract_crypto_data' AIRFLOW_CTX_EXECUTION_DATE='2025-02-23T10:31:17.902177+00:00' AIRFLOW_CTX_TRY_NUMBER='1' AIRFLOW_CTX_DAG_RUN_ID='scheduled__2025-02-23T10:31:17.902177+00:00'
[2025-02-24T10:23:44.354+0800] {logging_mixin.py:190} INFO - Task instance is in running state
[2025-02-24T10:23:44.356+0800] {logging_mixin.py:190} INFO -  Previous state of the Task instance: queued
[2025-02-24T10:23:44.357+0800] {logging_mixin.py:190} INFO - Current task name:extract_crypto_data state:running start_date:2025-02-24 02:23:43.938198+00:00
[2025-02-24T10:23:44.359+0800] {logging_mixin.py:190} INFO - Dag name:muse_dag and current dag run status:running
[2025-02-24T10:23:44.361+0800] {taskinstance.py:732} INFO - ::endgroup::
[2025-02-24T10:23:44.369+0800] {subprocess.py:78} INFO - Tmp dir root location: /tmp
[2025-02-24T10:23:44.371+0800] {subprocess.py:88} INFO - Running command: ['/usr/bin/bash', '-c', '/mnt/c/Users/User/laurence/Muse_assessment/muse_env/bin/python3 /mnt/c/Users/User/laurence/Muse_assessment/src/extract_crypto.py']
[2025-02-24T10:23:44.377+0800] {subprocess.py:99} INFO - Output:
[2025-02-24T10:23:56.851+0800] {subprocess.py:106} INFO - /mnt/c/Users/User/laurence/Muse_assessment/src/extract_crypto.py:45 MovedIn20Warning: Deprecated API features detected! These feature(s) are not compatible with SQLAlchemy 2.0. To prevent incompatible upgrades prior to updating applications, ensure requirements files are pinned to "sqlalchemy<2.0". Set environment variable SQLALCHEMY_WARN_20=1 to show all deprecation warnings.  Set environment variable SQLALCHEMY_SILENCE_UBER_WARNING=1 to silence this message. (Background on SQLAlchemy 2.0 at: https://sqlalche.me/e/b8d9)
[2025-02-24T10:23:56.859+0800] {subprocess.py:106} INFO - reset new handlers!
[2025-02-24T10:23:56.861+0800] {subprocess.py:106} INFO - Start extracting bitcoin real-time price...
[2025-02-24T10:23:56.864+0800] {subprocess.py:106} INFO - [2025-02-24T10:23:56.852+0800] {extract_crypto.py:131} INFO - 2025-02-24 10:23:56.852500 Start extracting bitcoin real-time price...
[2025-02-24T10:23:56.983+0800] {subprocess.py:106} INFO - Done data extraction. Start storing to DB...
[2025-02-24T10:23:56.986+0800] {subprocess.py:106} INFO - [2025-02-24T10:23:56.979+0800] {extract_crypto.py:105} INFO - Done data extraction. Start storing to DB...
[2025-02-24T10:23:56.993+0800] {subprocess.py:106} INFO - 2025-02-24 10:23:56,993 INFO sqlalchemy.engine.Engine select pg_catalog.version()
[2025-02-24T10:23:56.995+0800] {subprocess.py:106} INFO - [2025-02-24T10:23:56.993+0800] {base.py:1863} INFO - select pg_catalog.version()
[2025-02-24T10:23:56.997+0800] {subprocess.py:106} INFO - 2025-02-24 10:23:56,995 INFO sqlalchemy.engine.Engine [raw sql] {}
[2025-02-24T10:23:56.999+0800] {subprocess.py:106} INFO - [2025-02-24T10:23:56.995+0800] {base.py:1868} INFO - [raw sql] {}
[2025-02-24T10:23:57.000+0800] {subprocess.py:106} INFO - 2025-02-24 10:23:56,997 INFO sqlalchemy.engine.Engine select current_schema()
[2025-02-24T10:23:57.002+0800] {subprocess.py:106} INFO - [2025-02-24T10:23:56.997+0800] {base.py:1863} INFO - select current_schema()
[2025-02-24T10:23:57.006+0800] {subprocess.py:106} INFO - 2025-02-24 10:23:56,998 INFO sqlalchemy.engine.Engine [raw sql] {}
[2025-02-24T10:23:57.008+0800] {subprocess.py:106} INFO - [2025-02-24T10:23:56.998+0800] {base.py:1868} INFO - [raw sql] {}
[2025-02-24T10:23:57.009+0800] {subprocess.py:106} INFO - 2025-02-24 10:23:56,999 INFO sqlalchemy.engine.Engine show standard_conforming_strings
[2025-02-24T10:23:57.011+0800] {subprocess.py:106} INFO - [2025-02-24T10:23:56.999+0800] {base.py:1863} INFO - show standard_conforming_strings
[2025-02-24T10:23:57.014+0800] {subprocess.py:106} INFO - 2025-02-24 10:23:57,000 INFO sqlalchemy.engine.Engine [raw sql] {}
[2025-02-24T10:23:57.018+0800] {subprocess.py:106} INFO - [2025-02-24T10:23:57.000+0800] {base.py:1868} INFO - [raw sql] {}
[2025-02-24T10:23:57.020+0800] {subprocess.py:106} INFO - 2025-02-24 10:23:57,002 INFO sqlalchemy.engine.Engine BEGIN (implicit)
[2025-02-24T10:23:57.022+0800] {subprocess.py:106} INFO - [2025-02-24T10:23:57.002+0800] {base.py:1032} INFO - BEGIN (implicit)
[2025-02-24T10:23:57.024+0800] {subprocess.py:106} INFO - 2025-02-24 10:23:57,004 INFO sqlalchemy.engine.Engine INSERT INTO muse_project (update_time, crypto_name, price, hour_change_rate, volume) VALUES (%(update_time)s, %(crypto_name)s, %(price)s, %(hour_change_rate)s, %(volume)s)
[2025-02-24T10:23:57.025+0800] {subprocess.py:106} INFO - [2025-02-24T10:23:57.004+0800] {base.py:1863} INFO - INSERT INTO muse_project (update_time, crypto_name, price, hour_change_rate, volume) VALUES (%(update_time)s, %(crypto_name)s, %(price)s, %(hour_change_rate)s, %(volume)s)
[2025-02-24T10:23:57.027+0800] {subprocess.py:106} INFO - 2025-02-24 10:23:57,005 INFO sqlalchemy.engine.Engine [generated in 0.00149s] ({'update_time': datetime.datetime(2025, 2, 24, 10, 23, 56, 978726), 'crypto_name': 'Bitcoin', 'price': 96055.92, 'hour_change_rate': -0.16, 'volume': 19361677158.0}, {'update_time': datetime.datetime(2025, 2, 24, 10, 23, 56, 978837), 'crypto_name': 'Ethereum', 'price': 2792.67, 'hour_change_rate': -0.21, 'volume': 21012554718.0}, {'update_time': datetime.datetime(2025, 2, 24, 10, 23, 56, 978932), 'crypto_name': 'XRP', 'price': 2.56, 'hour_change_rate': -0.3, 'volume': 2469935332.0}, {'update_time': datetime.datetime(2025, 2, 24, 10, 23, 56, 979040), 'crypto_name': 'Tether', 'price': 1.0, 'hour_change_rate': -0.0, 'volume': 56984885022.0}, {'update_time': datetime.datetime(2025, 2, 24, 10, 23, 56, 979134), 'crypto_name': 'BNB', 'price': 651.76, 'hour_change_rate': -0.38, 'volume': 1486376076.0}, {'update_time': datetime.datetime(2025, 2, 24, 10, 23, 56, 979224), 'crypto_name': 'Solana', 'price': 164.51, 'hour_change_rate': -0.44, 'volume': 1869606365.0}, {'update_time': datetime.datetime(2025, 2, 24, 10, 23, 56, 979322), 'crypto_name': 'USDC', 'price': 1.0, 'hour_change_rate': -0.01, 'volume': 5225693593.0}, {'update_time': datetime.datetime(2025, 2, 24, 10, 23, 56, 979410), 'crypto_name': 'Dogecoin', 'price': 0.2389, 'hour_change_rate': -1.01, 'volume': 754735353.0}, {'update_time': datetime.datetime(2025, 2, 24, 10, 23, 56, 979498), 'crypto_name': 'Cardano', 'price': 0.7658, 'hour_change_rate': -0.37, 'volume': 501514042.0}, {'update_time': datetime.datetime(2025, 2, 24, 10, 23, 56, 979587), 'crypto_name': 'TRON', 'price': 0.2449, 'hour_change_rate': -0.15, 'volume': 431280604.0})
[2025-02-24T10:23:57.028+0800] {subprocess.py:106} INFO - [2025-02-24T10:23:57.005+0800] {base.py:1868} INFO - [generated in 0.00149s] ({'update_time': datetime.datetime(2025, 2, 24, 10, 23, 56, 978726), 'crypto_name': 'Bitcoin', 'price': 96055.92, 'hour_change_rate': -0.16, 'volume': 19361677158.0}, {'update_time': datetime.datetime(2025, 2, 24, 10, 23, 56, 978837), 'crypto_name': 'Ethereum', 'price': 2792.67, 'hour_change_rate': -0.21, 'volume': 21012554718.0}, {'update_time': datetime.datetime(2025, 2, 24, 10, 23, 56, 978932), 'crypto_name': 'XRP', 'price': 2.56, 'hour_change_rate': -0.3, 'volume': 2469935332.0}, {'update_time': datetime.datetime(2025, 2, 24, 10, 23, 56, 979040), 'crypto_name': 'Tether', 'price': 1.0, 'hour_change_rate': -0.0, 'volume': 56984885022.0}, {'update_time': datetime.datetime(2025, 2, 24, 10, 23, 56, 979134), 'crypto_name': 'BNB', 'price': 651.76, 'hour_change_rate': -0.38, 'volume': 1486376076.0}, {'update_time': datetime.datetime(2025, 2, 24, 10, 23, 56, 979224), 'crypto_name': 'Solana', 'price': 164.51, 'hour_change_rate': -0.44, 'volume': 1869606365.0}, {'update_time': datetime.datetime(2025, 2, 24, 10, 23, 56, 979322), 'crypto_name': 'USDC', 'price': 1.0, 'hour_change_rate': -0.01, 'volume': 5225693593.0}, {'update_time': datetime.datetime(2025, 2, 24, 10, 23, 56, 979410), 'crypto_name': 'Dogecoin', 'price': 0.2389, 'hour_change_rate': -1.01, 'volume': 754735353.0}, {'update_time': datetime.datetime(2025, 2, 24, 10, 23, 56, 979498), 'crypto_name': 'Cardano', 'price': 0.7658, 'hour_change_rate': -0.37, 'volume': 501514042.0}, {'update_time': datetime.datetime(2025, 2, 24, 10, 23, 56, 979587), 'crypto_name': 'TRON', 'price': 0.2449, 'hour_change_rate': -0.15, 'volume': 431280604.0})
[2025-02-24T10:23:57.031+0800] {subprocess.py:106} INFO - 2025-02-24 10:23:57,008 INFO sqlalchemy.engine.Engine COMMIT
[2025-02-24T10:23:57.033+0800] {subprocess.py:106} INFO - [2025-02-24T10:23:57.008+0800] {base.py:1092} INFO - COMMIT
[2025-02-24T10:23:57.036+0800] {subprocess.py:106} INFO - Done bulk insert.
[2025-02-24T10:23:57.038+0800] {subprocess.py:106} INFO - Done price extraction.
[2025-02-24T10:23:57.039+0800] {subprocess.py:106} INFO - [2025-02-24T10:23:57.013+0800] {extract_crypto.py:135} INFO - 2025-02-24 10:23:57.013518 Done price extraction.
[2025-02-24T10:23:57.223+0800] {subprocess.py:110} INFO - Command exited with return code 0
[2025-02-24T10:23:57.281+0800] {taskinstance.py:341} INFO - ::group::Post task execution logs
[2025-02-24T10:23:57.283+0800] {taskinstance.py:353} INFO - Marking task as SUCCESS. dag_id=muse_dag, task_id=extract_crypto_data, run_id=scheduled__2025-02-23T10:31:17.902177+00:00, execution_date=20250223T103117, start_date=20250224T022343, end_date=20250224T022357
[2025-02-24T10:23:57.356+0800] {logging_mixin.py:190} INFO - Task instance in success state
[2025-02-24T10:23:57.358+0800] {logging_mixin.py:190} INFO -  Previous state of the Task instance: running
[2025-02-24T10:23:57.361+0800] {logging_mixin.py:190} INFO - Dag name:muse_dag queued_at:2025-02-24 02:23:10.345960+00:00
[2025-02-24T10:23:57.363+0800] {logging_mixin.py:190} INFO - Task hostname:LAPTOP-7NCGBFK9. operator:BashOperator
[2025-02-24T10:23:57.404+0800] {local_task_job_runner.py:266} INFO - Task exited with return code 0
[2025-02-24T10:23:57.434+0800] {taskinstance.py:3901} INFO - 0 downstream tasks scheduled from follow-on schedule check
[2025-02-24T10:23:57.437+0800] {local_task_job_runner.py:245} INFO - ::endgroup::
