[2025-02-24T13:00:25.457+0800] {local_task_job_runner.py:123} INFO - ::group::Pre task execution logs
[2025-02-24T13:00:25.473+0800] {taskinstance.py:2614} INFO - Dependencies all met for dep_context=non-requeueable deps ti=<TaskInstance: muse_dag.extract_crypto_data scheduled__2025-02-24T04:50:00+00:00 [queued]>
[2025-02-24T13:00:25.483+0800] {taskinstance.py:2614} INFO - Dependencies all met for dep_context=requeueable deps ti=<TaskInstance: muse_dag.extract_crypto_data scheduled__2025-02-24T04:50:00+00:00 [queued]>
[2025-02-24T13:00:25.484+0800] {taskinstance.py:2867} INFO - Starting attempt 1 of 2
[2025-02-24T13:00:25.512+0800] {taskinstance.py:2890} INFO - Executing <Task(BashOperator): extract_crypto_data> on 2025-02-24 04:50:00+00:00
[2025-02-24T13:00:25.515+0800] {standard_task_runner.py:72} INFO - Started process 113403 to run task
[2025-02-24T13:00:25.519+0800] {standard_task_runner.py:104} INFO - Running: ['airflow', 'tasks', 'run', 'muse_dag', 'extract_crypto_data', 'scheduled__2025-02-24T04:50:00+00:00', '--job-id', '48', '--raw', '--subdir', 'DAGS_FOLDER/muse_dag.py', '--cfg-path', '/tmp/tmprsa9f6pj']
[2025-02-24T13:00:25.521+0800] {standard_task_runner.py:105} INFO - Job 48: Subtask extract_crypto_data
[2025-02-24T13:00:25.611+0800] {task_command.py:467} INFO - Running <TaskInstance: muse_dag.extract_crypto_data scheduled__2025-02-24T04:50:00+00:00 [running]> on host LAPTOP-7NCGBFK9.
[2025-02-24T13:00:25.719+0800] {taskinstance.py:3134} INFO - Exporting env vars: AIRFLOW_CTX_DAG_OWNER='laurence' AIRFLOW_CTX_DAG_ID='muse_dag' AIRFLOW_CTX_TASK_ID='extract_crypto_data' AIRFLOW_CTX_EXECUTION_DATE='2025-02-24T04:50:00+00:00' AIRFLOW_CTX_TRY_NUMBER='1' AIRFLOW_CTX_DAG_RUN_ID='scheduled__2025-02-24T04:50:00+00:00'
[2025-02-24T13:00:25.721+0800] {logging_mixin.py:190} INFO - Task instance is in running state
[2025-02-24T13:00:25.722+0800] {logging_mixin.py:190} INFO -  Previous state of the Task instance: queued
[2025-02-24T13:00:25.723+0800] {logging_mixin.py:190} INFO - Current task name:extract_crypto_data state:running start_date:2025-02-24 05:00:25.474836+00:00
[2025-02-24T13:00:25.725+0800] {logging_mixin.py:190} INFO - Dag name:muse_dag and current dag run status:running
[2025-02-24T13:00:25.726+0800] {taskinstance.py:732} INFO - ::endgroup::
[2025-02-24T13:00:25.731+0800] {subprocess.py:78} INFO - Tmp dir root location: /tmp
[2025-02-24T13:00:25.732+0800] {subprocess.py:88} INFO - Running command: ['/usr/bin/bash', '-c', '/mnt/c/Users/User/laurence/Muse_assessment/muse_env/bin/python3 /mnt/c/Users/User/laurence/Muse_assessment/src/extract_crypto.py']
[2025-02-24T13:00:25.737+0800] {subprocess.py:99} INFO - Output:
[2025-02-24T13:00:37.346+0800] {subprocess.py:106} INFO - /mnt/c/Users/User/laurence/Muse_assessment/src/extract_crypto.py:45 MovedIn20Warning: Deprecated API features detected! These feature(s) are not compatible with SQLAlchemy 2.0. To prevent incompatible upgrades prior to updating applications, ensure requirements files are pinned to "sqlalchemy<2.0". Set environment variable SQLALCHEMY_WARN_20=1 to show all deprecation warnings.  Set environment variable SQLALCHEMY_SILENCE_UBER_WARNING=1 to silence this message. (Background on SQLAlchemy 2.0 at: https://sqlalche.me/e/b8d9)
[2025-02-24T13:00:37.351+0800] {subprocess.py:106} INFO - reset new handlers!
[2025-02-24T13:00:37.352+0800] {subprocess.py:106} INFO - Start extracting bitcoin real-time price...
[2025-02-24T13:00:37.353+0800] {subprocess.py:106} INFO - [2025-02-24T13:00:37.347+0800] {extract_crypto.py:131} INFO - 2025-02-24 13:00:37.347608 Start extracting bitcoin real-time price...
[2025-02-24T13:00:37.511+0800] {subprocess.py:106} INFO - Done data extraction. Start storing to DB...
[2025-02-24T13:00:37.524+0800] {subprocess.py:106} INFO - [2025-02-24T13:00:37.505+0800] {extract_crypto.py:105} INFO - Done data extraction. Start storing to DB...
[2025-02-24T13:00:37.535+0800] {subprocess.py:106} INFO - 2025-02-24 13:00:37,521 INFO sqlalchemy.engine.Engine select pg_catalog.version()
[2025-02-24T13:00:37.537+0800] {subprocess.py:106} INFO - [2025-02-24T13:00:37.521+0800] {base.py:1863} INFO - select pg_catalog.version()
[2025-02-24T13:00:37.540+0800] {subprocess.py:106} INFO - 2025-02-24 13:00:37,524 INFO sqlalchemy.engine.Engine [raw sql] {}
[2025-02-24T13:00:37.542+0800] {subprocess.py:106} INFO - [2025-02-24T13:00:37.524+0800] {base.py:1868} INFO - [raw sql] {}
[2025-02-24T13:00:37.545+0800] {subprocess.py:106} INFO - 2025-02-24 13:00:37,530 INFO sqlalchemy.engine.Engine select current_schema()
[2025-02-24T13:00:37.547+0800] {subprocess.py:106} INFO - [2025-02-24T13:00:37.530+0800] {base.py:1863} INFO - select current_schema()
[2025-02-24T13:00:37.550+0800] {subprocess.py:106} INFO - 2025-02-24 13:00:37,536 INFO sqlalchemy.engine.Engine [raw sql] {}
[2025-02-24T13:00:37.553+0800] {subprocess.py:106} INFO - [2025-02-24T13:00:37.536+0800] {base.py:1868} INFO - [raw sql] {}
[2025-02-24T13:00:37.557+0800] {subprocess.py:106} INFO - 2025-02-24 13:00:37,538 INFO sqlalchemy.engine.Engine show standard_conforming_strings
[2025-02-24T13:00:37.564+0800] {subprocess.py:106} INFO - [2025-02-24T13:00:37.538+0800] {base.py:1863} INFO - show standard_conforming_strings
[2025-02-24T13:00:37.566+0800] {subprocess.py:106} INFO - 2025-02-24 13:00:37,539 INFO sqlalchemy.engine.Engine [raw sql] {}
[2025-02-24T13:00:37.569+0800] {subprocess.py:106} INFO - [2025-02-24T13:00:37.539+0800] {base.py:1868} INFO - [raw sql] {}
[2025-02-24T13:00:37.573+0800] {subprocess.py:106} INFO - 2025-02-24 13:00:37,542 INFO sqlalchemy.engine.Engine BEGIN (implicit)
[2025-02-24T13:00:37.577+0800] {subprocess.py:106} INFO - [2025-02-24T13:00:37.542+0800] {base.py:1032} INFO - BEGIN (implicit)
[2025-02-24T13:00:37.579+0800] {subprocess.py:106} INFO - 2025-02-24 13:00:37,543 INFO sqlalchemy.engine.Engine INSERT INTO muse_project (update_time, crypto_name, price, hour_change_rate, volume) VALUES (%(update_time)s, %(crypto_name)s, %(price)s, %(hour_change_rate)s, %(volume)s)
[2025-02-24T13:00:37.581+0800] {subprocess.py:106} INFO - [2025-02-24T13:00:37.543+0800] {base.py:1863} INFO - INSERT INTO muse_project (update_time, crypto_name, price, hour_change_rate, volume) VALUES (%(update_time)s, %(crypto_name)s, %(price)s, %(hour_change_rate)s, %(volume)s)
[2025-02-24T13:00:37.584+0800] {subprocess.py:106} INFO - 2025-02-24 13:00:37,544 INFO sqlalchemy.engine.Engine [generated in 0.00120s] ({'update_time': datetime.datetime(2025, 2, 24, 13, 0, 37, 504943), 'crypto_name': 'Bitcoin', 'price': 95254.38, 'hour_change_rate': -0.27, 'volume': 21692302638.0}, {'update_time': datetime.datetime(2025, 2, 24, 13, 0, 37, 505071), 'crypto_name': 'Ethereum', 'price': 2700.78, 'hour_change_rate': -0.84, 'volume': 23178889553.0}, {'update_time': datetime.datetime(2025, 2, 24, 13, 0, 37, 505157), 'crypto_name': 'XRP', 'price': 2.47, 'hour_change_rate': -1.35, 'volume': 3265068776.0}, {'update_time': datetime.datetime(2025, 2, 24, 13, 0, 37, 505238), 'crypto_name': 'Tether', 'price': 1.0, 'hour_change_rate': 0.02, 'volume': 63061438914.0}, {'update_time': datetime.datetime(2025, 2, 24, 13, 0, 37, 505318), 'crypto_name': 'BNB', 'price': 641.49, 'hour_change_rate': -0.67, 'volume': 1533320754.0}, {'update_time': datetime.datetime(2025, 2, 24, 13, 0, 37, 505398), 'crypto_name': 'Solana', 'price': 159.16, 'hour_change_rate': -1.56, 'volume': 2507538879.0}, {'update_time': datetime.datetime(2025, 2, 24, 13, 0, 37, 505479), 'crypto_name': 'USDC', 'price': 1.0, 'hour_change_rate': 0.01, 'volume': 5958597547.0}, {'update_time': datetime.datetime(2025, 2, 24, 13, 0, 37, 505559), 'crypto_name': 'Dogecoin', 'price': 0.2299, 'hour_change_rate': -0.57, 'volume': 1097013448.0}, {'update_time': datetime.datetime(2025, 2, 24, 13, 0, 37, 505671), 'crypto_name': 'Cardano', 'price': 0.7365, 'hour_change_rate': -0.97, 'volume': 556537967.0}, {'update_time': datetime.datetime(2025, 2, 24, 13, 0, 37, 505760), 'crypto_name': 'TRON', 'price': 0.2428, 'hour_change_rate': -0.04, 'volume': 447838212.0})
[2025-02-24T13:00:37.588+0800] {subprocess.py:106} INFO - [2025-02-24T13:00:37.544+0800] {base.py:1868} INFO - [generated in 0.00120s] ({'update_time': datetime.datetime(2025, 2, 24, 13, 0, 37, 504943), 'crypto_name': 'Bitcoin', 'price': 95254.38, 'hour_change_rate': -0.27, 'volume': 21692302638.0}, {'update_time': datetime.datetime(2025, 2, 24, 13, 0, 37, 505071), 'crypto_name': 'Ethereum', 'price': 2700.78, 'hour_change_rate': -0.84, 'volume': 23178889553.0}, {'update_time': datetime.datetime(2025, 2, 24, 13, 0, 37, 505157), 'crypto_name': 'XRP', 'price': 2.47, 'hour_change_rate': -1.35, 'volume': 3265068776.0}, {'update_time': datetime.datetime(2025, 2, 24, 13, 0, 37, 505238), 'crypto_name': 'Tether', 'price': 1.0, 'hour_change_rate': 0.02, 'volume': 63061438914.0}, {'update_time': datetime.datetime(2025, 2, 24, 13, 0, 37, 505318), 'crypto_name': 'BNB', 'price': 641.49, 'hour_change_rate': -0.67, 'volume': 1533320754.0}, {'update_time': datetime.datetime(2025, 2, 24, 13, 0, 37, 505398), 'crypto_name': 'Solana', 'price': 159.16, 'hour_change_rate': -1.56, 'volume': 2507538879.0}, {'update_time': datetime.datetime(2025, 2, 24, 13, 0, 37, 505479), 'crypto_name': 'USDC', 'price': 1.0, 'hour_change_rate': 0.01, 'volume': 5958597547.0}, {'update_time': datetime.datetime(2025, 2, 24, 13, 0, 37, 505559), 'crypto_name': 'Dogecoin', 'price': 0.2299, 'hour_change_rate': -0.57, 'volume': 1097013448.0}, {'update_time': datetime.datetime(2025, 2, 24, 13, 0, 37, 505671), 'crypto_name': 'Cardano', 'price': 0.7365, 'hour_change_rate': -0.97, 'volume': 556537967.0}, {'update_time': datetime.datetime(2025, 2, 24, 13, 0, 37, 505760), 'crypto_name': 'TRON', 'price': 0.2428, 'hour_change_rate': -0.04, 'volume': 447838212.0})
[2025-02-24T13:00:37.593+0800] {subprocess.py:106} INFO - 2025-02-24 13:00:37,547 INFO sqlalchemy.engine.Engine COMMIT
[2025-02-24T13:00:37.596+0800] {subprocess.py:106} INFO - [2025-02-24T13:00:37.547+0800] {base.py:1092} INFO - COMMIT
[2025-02-24T13:00:37.600+0800] {subprocess.py:106} INFO - Done bulk insert.
[2025-02-24T13:00:37.603+0800] {subprocess.py:106} INFO - Done price extraction.
[2025-02-24T13:00:37.606+0800] {subprocess.py:106} INFO - [2025-02-24T13:00:37.553+0800] {extract_crypto.py:135} INFO - 2025-02-24 13:00:37.553003 Done price extraction.
[2025-02-24T13:00:37.735+0800] {subprocess.py:110} INFO - Command exited with return code 0
[2025-02-24T13:00:37.769+0800] {taskinstance.py:341} INFO - ::group::Post task execution logs
[2025-02-24T13:00:37.770+0800] {taskinstance.py:353} INFO - Marking task as SUCCESS. dag_id=muse_dag, task_id=extract_crypto_data, run_id=scheduled__2025-02-24T04:50:00+00:00, execution_date=20250224T045000, start_date=20250224T050025, end_date=20250224T050037
[2025-02-24T13:00:37.818+0800] {logging_mixin.py:190} INFO - Task instance in success state
[2025-02-24T13:00:37.819+0800] {logging_mixin.py:190} INFO -  Previous state of the Task instance: running
[2025-02-24T13:00:37.820+0800] {logging_mixin.py:190} INFO - Dag name:muse_dag queued_at:2025-02-24 05:00:02.073748+00:00
[2025-02-24T13:00:37.821+0800] {logging_mixin.py:190} INFO - Task hostname:LAPTOP-7NCGBFK9. operator:BashOperator
[2025-02-24T13:00:37.835+0800] {local_task_job_runner.py:266} INFO - Task exited with return code 0
[2025-02-24T13:00:37.854+0800] {taskinstance.py:3901} INFO - 0 downstream tasks scheduled from follow-on schedule check
[2025-02-24T13:00:37.856+0800] {local_task_job_runner.py:245} INFO - ::endgroup::
