[2025-02-24T13:10:24.103+0800] {local_task_job_runner.py:123} INFO - ::group::Pre task execution logs
[2025-02-24T13:10:24.120+0800] {taskinstance.py:2614} INFO - Dependencies all met for dep_context=non-requeueable deps ti=<TaskInstance: muse_dag.extract_crypto_data scheduled__2025-02-24T05:00:00+00:00 [queued]>
[2025-02-24T13:10:24.130+0800] {taskinstance.py:2614} INFO - Dependencies all met for dep_context=requeueable deps ti=<TaskInstance: muse_dag.extract_crypto_data scheduled__2025-02-24T05:00:00+00:00 [queued]>
[2025-02-24T13:10:24.131+0800] {taskinstance.py:2867} INFO - Starting attempt 1 of 2
[2025-02-24T13:10:24.165+0800] {taskinstance.py:2890} INFO - Executing <Task(BashOperator): extract_crypto_data> on 2025-02-24 05:00:00+00:00
[2025-02-24T13:10:24.168+0800] {standard_task_runner.py:72} INFO - Started process 118110 to run task
[2025-02-24T13:10:24.171+0800] {standard_task_runner.py:104} INFO - Running: ['airflow', 'tasks', 'run', 'muse_dag', 'extract_crypto_data', 'scheduled__2025-02-24T05:00:00+00:00', '--job-id', '49', '--raw', '--subdir', 'DAGS_FOLDER/muse_dag.py', '--cfg-path', '/tmp/tmpotdymr_q']
[2025-02-24T13:10:24.173+0800] {standard_task_runner.py:105} INFO - Job 49: Subtask extract_crypto_data
[2025-02-24T13:10:24.235+0800] {task_command.py:467} INFO - Running <TaskInstance: muse_dag.extract_crypto_data scheduled__2025-02-24T05:00:00+00:00 [running]> on host LAPTOP-7NCGBFK9.
[2025-02-24T13:10:24.333+0800] {taskinstance.py:3134} INFO - Exporting env vars: AIRFLOW_CTX_DAG_OWNER='laurence' AIRFLOW_CTX_DAG_ID='muse_dag' AIRFLOW_CTX_TASK_ID='extract_crypto_data' AIRFLOW_CTX_EXECUTION_DATE='2025-02-24T05:00:00+00:00' AIRFLOW_CTX_TRY_NUMBER='1' AIRFLOW_CTX_DAG_RUN_ID='scheduled__2025-02-24T05:00:00+00:00'
[2025-02-24T13:10:24.335+0800] {logging_mixin.py:190} INFO - Task instance is in running state
[2025-02-24T13:10:24.336+0800] {logging_mixin.py:190} INFO -  Previous state of the Task instance: queued
[2025-02-24T13:10:24.337+0800] {logging_mixin.py:190} INFO - Current task name:extract_crypto_data state:running start_date:2025-02-24 05:10:24.121813+00:00
[2025-02-24T13:10:24.338+0800] {logging_mixin.py:190} INFO - Dag name:muse_dag and current dag run status:running
[2025-02-24T13:10:24.339+0800] {taskinstance.py:732} INFO - ::endgroup::
[2025-02-24T13:10:24.342+0800] {subprocess.py:78} INFO - Tmp dir root location: /tmp
[2025-02-24T13:10:24.344+0800] {subprocess.py:88} INFO - Running command: ['/usr/bin/bash', '-c', '/mnt/c/Users/User/laurence/Muse_assessment/muse_env/bin/python3 /mnt/c/Users/User/laurence/Muse_assessment/src/extract_crypto.py']
[2025-02-24T13:10:24.349+0800] {subprocess.py:99} INFO - Output:
[2025-02-24T13:10:35.826+0800] {subprocess.py:106} INFO - /mnt/c/Users/User/laurence/Muse_assessment/src/extract_crypto.py:45 MovedIn20Warning: Deprecated API features detected! These feature(s) are not compatible with SQLAlchemy 2.0. To prevent incompatible upgrades prior to updating applications, ensure requirements files are pinned to "sqlalchemy<2.0". Set environment variable SQLALCHEMY_WARN_20=1 to show all deprecation warnings.  Set environment variable SQLALCHEMY_SILENCE_UBER_WARNING=1 to silence this message. (Background on SQLAlchemy 2.0 at: https://sqlalche.me/e/b8d9)
[2025-02-24T13:10:35.830+0800] {subprocess.py:106} INFO - reset new handlers!
[2025-02-24T13:10:35.831+0800] {subprocess.py:106} INFO - Start extracting bitcoin real-time price...
[2025-02-24T13:10:35.834+0800] {subprocess.py:106} INFO - [2025-02-24T13:10:35.827+0800] {extract_crypto.py:131} INFO - 2025-02-24 13:10:35.827565 Start extracting bitcoin real-time price...
[2025-02-24T13:10:35.924+0800] {subprocess.py:106} INFO - Done data extraction. Start storing to DB...
[2025-02-24T13:10:35.926+0800] {subprocess.py:106} INFO - [2025-02-24T13:10:35.920+0800] {extract_crypto.py:105} INFO - Done data extraction. Start storing to DB...
[2025-02-24T13:10:35.932+0800] {subprocess.py:106} INFO - 2025-02-24 13:10:35,932 INFO sqlalchemy.engine.Engine select pg_catalog.version()
[2025-02-24T13:10:35.934+0800] {subprocess.py:106} INFO - [2025-02-24T13:10:35.932+0800] {base.py:1863} INFO - select pg_catalog.version()
[2025-02-24T13:10:35.936+0800] {subprocess.py:106} INFO - 2025-02-24 13:10:35,934 INFO sqlalchemy.engine.Engine [raw sql] {}
[2025-02-24T13:10:35.938+0800] {subprocess.py:106} INFO - [2025-02-24T13:10:35.934+0800] {base.py:1868} INFO - [raw sql] {}
[2025-02-24T13:10:35.939+0800] {subprocess.py:106} INFO - 2025-02-24 13:10:35,935 INFO sqlalchemy.engine.Engine select current_schema()
[2025-02-24T13:10:35.941+0800] {subprocess.py:106} INFO - [2025-02-24T13:10:35.935+0800] {base.py:1863} INFO - select current_schema()
[2025-02-24T13:10:35.943+0800] {subprocess.py:106} INFO - 2025-02-24 13:10:35,936 INFO sqlalchemy.engine.Engine [raw sql] {}
[2025-02-24T13:10:35.946+0800] {subprocess.py:106} INFO - [2025-02-24T13:10:35.936+0800] {base.py:1868} INFO - [raw sql] {}
[2025-02-24T13:10:35.948+0800] {subprocess.py:106} INFO - 2025-02-24 13:10:35,938 INFO sqlalchemy.engine.Engine show standard_conforming_strings
[2025-02-24T13:10:35.951+0800] {subprocess.py:106} INFO - [2025-02-24T13:10:35.938+0800] {base.py:1863} INFO - show standard_conforming_strings
[2025-02-24T13:10:35.952+0800] {subprocess.py:106} INFO - 2025-02-24 13:10:35,939 INFO sqlalchemy.engine.Engine [raw sql] {}
[2025-02-24T13:10:35.955+0800] {subprocess.py:106} INFO - [2025-02-24T13:10:35.939+0800] {base.py:1868} INFO - [raw sql] {}
[2025-02-24T13:10:35.957+0800] {subprocess.py:106} INFO - 2025-02-24 13:10:35,940 INFO sqlalchemy.engine.Engine BEGIN (implicit)
[2025-02-24T13:10:35.958+0800] {subprocess.py:106} INFO - [2025-02-24T13:10:35.940+0800] {base.py:1032} INFO - BEGIN (implicit)
[2025-02-24T13:10:35.961+0800] {subprocess.py:106} INFO - 2025-02-24 13:10:35,941 INFO sqlalchemy.engine.Engine INSERT INTO muse_project (update_time, crypto_name, price, hour_change_rate, volume) VALUES (%(update_time)s, %(crypto_name)s, %(price)s, %(hour_change_rate)s, %(volume)s)
[2025-02-24T13:10:35.963+0800] {subprocess.py:106} INFO - [2025-02-24T13:10:35.941+0800] {base.py:1863} INFO - INSERT INTO muse_project (update_time, crypto_name, price, hour_change_rate, volume) VALUES (%(update_time)s, %(crypto_name)s, %(price)s, %(hour_change_rate)s, %(volume)s)
[2025-02-24T13:10:35.964+0800] {subprocess.py:106} INFO - 2025-02-24 13:10:35,942 INFO sqlalchemy.engine.Engine [generated in 0.00089s] ({'update_time': datetime.datetime(2025, 2, 24, 13, 10, 35, 919758), 'crypto_name': 'Bitcoin', 'price': 95272.35, 'hour_change_rate': -0.22, 'volume': 21853368777.0}, {'update_time': datetime.datetime(2025, 2, 24, 13, 10, 35, 919857), 'crypto_name': 'Ethereum', 'price': 2700.22, 'hour_change_rate': -0.5, 'volume': 24265699571.0}, {'update_time': datetime.datetime(2025, 2, 24, 13, 10, 35, 919938), 'crypto_name': 'XRP', 'price': 2.47, 'hour_change_rate': -0.39, 'volume': 3287751572.0}, {'update_time': datetime.datetime(2025, 2, 24, 13, 10, 35, 920022), 'crypto_name': 'Tether', 'price': 1.0, 'hour_change_rate': 0.03, 'volume': 63260687188.0}, {'update_time': datetime.datetime(2025, 2, 24, 13, 10, 35, 920104), 'crypto_name': 'BNB', 'price': 640.08, 'hour_change_rate': -0.69, 'volume': 1539254263.0}, {'update_time': datetime.datetime(2025, 2, 24, 13, 10, 35, 920183), 'crypto_name': 'Solana', 'price': 158.77, 'hour_change_rate': -1.42, 'volume': 2531526293.0}, {'update_time': datetime.datetime(2025, 2, 24, 13, 10, 35, 920269), 'crypto_name': 'USDC', 'price': 1.0, 'hour_change_rate': 0.01, 'volume': 6010731913.0}, {'update_time': datetime.datetime(2025, 2, 24, 13, 10, 35, 920348), 'crypto_name': 'Dogecoin', 'price': 0.2299, 'hour_change_rate': -0.21, 'volume': 1106485060.0}, {'update_time': datetime.datetime(2025, 2, 24, 13, 10, 35, 920428), 'crypto_name': 'Cardano', 'price': 0.7363, 'hour_change_rate': -0.42, 'volume': 556211197.0}, {'update_time': datetime.datetime(2025, 2, 24, 13, 10, 35, 920508), 'crypto_name': 'TRON', 'price': 0.2426, 'hour_change_rate': -0.05, 'volume': 449320133.0})
[2025-02-24T13:10:35.966+0800] {subprocess.py:106} INFO - [2025-02-24T13:10:35.942+0800] {base.py:1868} INFO - [generated in 0.00089s] ({'update_time': datetime.datetime(2025, 2, 24, 13, 10, 35, 919758), 'crypto_name': 'Bitcoin', 'price': 95272.35, 'hour_change_rate': -0.22, 'volume': 21853368777.0}, {'update_time': datetime.datetime(2025, 2, 24, 13, 10, 35, 919857), 'crypto_name': 'Ethereum', 'price': 2700.22, 'hour_change_rate': -0.5, 'volume': 24265699571.0}, {'update_time': datetime.datetime(2025, 2, 24, 13, 10, 35, 919938), 'crypto_name': 'XRP', 'price': 2.47, 'hour_change_rate': -0.39, 'volume': 3287751572.0}, {'update_time': datetime.datetime(2025, 2, 24, 13, 10, 35, 920022), 'crypto_name': 'Tether', 'price': 1.0, 'hour_change_rate': 0.03, 'volume': 63260687188.0}, {'update_time': datetime.datetime(2025, 2, 24, 13, 10, 35, 920104), 'crypto_name': 'BNB', 'price': 640.08, 'hour_change_rate': -0.69, 'volume': 1539254263.0}, {'update_time': datetime.datetime(2025, 2, 24, 13, 10, 35, 920183), 'crypto_name': 'Solana', 'price': 158.77, 'hour_change_rate': -1.42, 'volume': 2531526293.0}, {'update_time': datetime.datetime(2025, 2, 24, 13, 10, 35, 920269), 'crypto_name': 'USDC', 'price': 1.0, 'hour_change_rate': 0.01, 'volume': 6010731913.0}, {'update_time': datetime.datetime(2025, 2, 24, 13, 10, 35, 920348), 'crypto_name': 'Dogecoin', 'price': 0.2299, 'hour_change_rate': -0.21, 'volume': 1106485060.0}, {'update_time': datetime.datetime(2025, 2, 24, 13, 10, 35, 920428), 'crypto_name': 'Cardano', 'price': 0.7363, 'hour_change_rate': -0.42, 'volume': 556211197.0}, {'update_time': datetime.datetime(2025, 2, 24, 13, 10, 35, 920508), 'crypto_name': 'TRON', 'price': 0.2426, 'hour_change_rate': -0.05, 'volume': 449320133.0})
[2025-02-24T13:10:35.968+0800] {subprocess.py:106} INFO - 2025-02-24 13:10:35,945 INFO sqlalchemy.engine.Engine COMMIT
[2025-02-24T13:10:35.969+0800] {subprocess.py:106} INFO - [2025-02-24T13:10:35.945+0800] {base.py:1092} INFO - COMMIT
[2025-02-24T13:10:35.971+0800] {subprocess.py:106} INFO - Done bulk insert.
[2025-02-24T13:10:35.972+0800] {subprocess.py:106} INFO - Done price extraction.
[2025-02-24T13:10:35.974+0800] {subprocess.py:106} INFO - [2025-02-24T13:10:35.950+0800] {extract_crypto.py:135} INFO - 2025-02-24 13:10:35.950613 Done price extraction.
[2025-02-24T13:10:36.174+0800] {subprocess.py:110} INFO - Command exited with return code 0
[2025-02-24T13:10:36.245+0800] {taskinstance.py:341} INFO - ::group::Post task execution logs
[2025-02-24T13:10:36.247+0800] {taskinstance.py:353} INFO - Marking task as SUCCESS. dag_id=muse_dag, task_id=extract_crypto_data, run_id=scheduled__2025-02-24T05:00:00+00:00, execution_date=20250224T050000, start_date=20250224T051024, end_date=20250224T051036
[2025-02-24T13:10:36.334+0800] {logging_mixin.py:190} INFO - Task instance in success state
[2025-02-24T13:10:36.336+0800] {logging_mixin.py:190} INFO -  Previous state of the Task instance: running
[2025-02-24T13:10:36.338+0800] {logging_mixin.py:190} INFO - Dag name:muse_dag queued_at:2025-02-24 05:10:01.155964+00:00
[2025-02-24T13:10:36.340+0800] {logging_mixin.py:190} INFO - Task hostname:LAPTOP-7NCGBFK9. operator:BashOperator
[2025-02-24T13:10:36.367+0800] {local_task_job_runner.py:266} INFO - Task exited with return code 0
[2025-02-24T13:10:36.415+0800] {taskinstance.py:3901} INFO - 0 downstream tasks scheduled from follow-on schedule check
[2025-02-24T13:10:36.419+0800] {local_task_job_runner.py:245} INFO - ::endgroup::
