[2025-02-24T12:30:32.855+0800] {local_task_job_runner.py:123} INFO - ::group::Pre task execution logs
[2025-02-24T12:30:32.869+0800] {taskinstance.py:2614} INFO - Dependencies all met for dep_context=non-requeueable deps ti=<TaskInstance: muse_dag.extract_crypto_data scheduled__2025-02-24T04:20:00+00:00 [queued]>
[2025-02-24T12:30:32.878+0800] {taskinstance.py:2614} INFO - Dependencies all met for dep_context=requeueable deps ti=<TaskInstance: muse_dag.extract_crypto_data scheduled__2025-02-24T04:20:00+00:00 [queued]>
[2025-02-24T12:30:32.879+0800] {taskinstance.py:2867} INFO - Starting attempt 1 of 2
[2025-02-24T12:30:32.907+0800] {taskinstance.py:2890} INFO - Executing <Task(BashOperator): extract_crypto_data> on 2025-02-24 04:20:00+00:00
[2025-02-24T12:30:32.912+0800] {standard_task_runner.py:72} INFO - Started process 99378 to run task
[2025-02-24T12:30:32.917+0800] {standard_task_runner.py:104} INFO - Running: ['airflow', 'tasks', 'run', 'muse_dag', 'extract_crypto_data', 'scheduled__2025-02-24T04:20:00+00:00', '--job-id', '45', '--raw', '--subdir', 'DAGS_FOLDER/muse_dag.py', '--cfg-path', '/tmp/tmpxw63jhp8']
[2025-02-24T12:30:32.920+0800] {standard_task_runner.py:105} INFO - Job 45: Subtask extract_crypto_data
[2025-02-24T12:30:33.028+0800] {task_command.py:467} INFO - Running <TaskInstance: muse_dag.extract_crypto_data scheduled__2025-02-24T04:20:00+00:00 [running]> on host LAPTOP-7NCGBFK9.
[2025-02-24T12:30:33.176+0800] {taskinstance.py:3134} INFO - Exporting env vars: AIRFLOW_CTX_DAG_OWNER='laurence' AIRFLOW_CTX_DAG_ID='muse_dag' AIRFLOW_CTX_TASK_ID='extract_crypto_data' AIRFLOW_CTX_EXECUTION_DATE='2025-02-24T04:20:00+00:00' AIRFLOW_CTX_TRY_NUMBER='1' AIRFLOW_CTX_DAG_RUN_ID='scheduled__2025-02-24T04:20:00+00:00'
[2025-02-24T12:30:33.188+0800] {logging_mixin.py:190} INFO - Task instance is in running state
[2025-02-24T12:30:33.193+0800] {logging_mixin.py:190} INFO -  Previous state of the Task instance: queued
[2025-02-24T12:30:33.208+0800] {logging_mixin.py:190} INFO - Current task name:extract_crypto_data state:running start_date:2025-02-24 04:30:32.870638+00:00
[2025-02-24T12:30:33.216+0800] {logging_mixin.py:190} INFO - Dag name:muse_dag and current dag run status:running
[2025-02-24T12:30:33.227+0800] {taskinstance.py:732} INFO - ::endgroup::
[2025-02-24T12:30:33.265+0800] {subprocess.py:78} INFO - Tmp dir root location: /tmp
[2025-02-24T12:30:33.271+0800] {subprocess.py:88} INFO - Running command: ['/usr/bin/bash', '-c', '/mnt/c/Users/User/laurence/Muse_assessment/muse_env/bin/python3 /mnt/c/Users/User/laurence/Muse_assessment/src/extract_crypto.py']
[2025-02-24T12:30:33.282+0800] {subprocess.py:99} INFO - Output:
[2025-02-24T12:30:48.524+0800] {subprocess.py:106} INFO - /mnt/c/Users/User/laurence/Muse_assessment/src/extract_crypto.py:45 MovedIn20Warning: Deprecated API features detected! These feature(s) are not compatible with SQLAlchemy 2.0. To prevent incompatible upgrades prior to updating applications, ensure requirements files are pinned to "sqlalchemy<2.0". Set environment variable SQLALCHEMY_WARN_20=1 to show all deprecation warnings.  Set environment variable SQLALCHEMY_SILENCE_UBER_WARNING=1 to silence this message. (Background on SQLAlchemy 2.0 at: https://sqlalche.me/e/b8d9)
[2025-02-24T12:30:48.539+0800] {subprocess.py:106} INFO - reset new handlers!
[2025-02-24T12:30:48.541+0800] {subprocess.py:106} INFO - Start extracting bitcoin real-time price...
[2025-02-24T12:30:48.543+0800] {subprocess.py:106} INFO - [2025-02-24T12:30:48.525+0800] {extract_crypto.py:131} INFO - 2025-02-24 12:30:48.524989 Start extracting bitcoin real-time price...
[2025-02-24T12:30:48.655+0800] {subprocess.py:106} INFO - Done data extraction. Start storing to DB...
[2025-02-24T12:30:48.660+0800] {subprocess.py:106} INFO - [2025-02-24T12:30:48.650+0800] {extract_crypto.py:105} INFO - Done data extraction. Start storing to DB...
[2025-02-24T12:30:48.665+0800] {subprocess.py:106} INFO - 2025-02-24 12:30:48,664 INFO sqlalchemy.engine.Engine select pg_catalog.version()
[2025-02-24T12:30:48.666+0800] {subprocess.py:106} INFO - [2025-02-24T12:30:48.664+0800] {base.py:1863} INFO - select pg_catalog.version()
[2025-02-24T12:30:48.668+0800] {subprocess.py:106} INFO - 2025-02-24 12:30:48,666 INFO sqlalchemy.engine.Engine [raw sql] {}
[2025-02-24T12:30:48.670+0800] {subprocess.py:106} INFO - [2025-02-24T12:30:48.666+0800] {base.py:1868} INFO - [raw sql] {}
[2025-02-24T12:30:48.672+0800] {subprocess.py:106} INFO - 2025-02-24 12:30:48,667 INFO sqlalchemy.engine.Engine select current_schema()
[2025-02-24T12:30:48.674+0800] {subprocess.py:106} INFO - [2025-02-24T12:30:48.667+0800] {base.py:1863} INFO - select current_schema()
[2025-02-24T12:30:48.675+0800] {subprocess.py:106} INFO - 2025-02-24 12:30:48,668 INFO sqlalchemy.engine.Engine [raw sql] {}
[2025-02-24T12:30:48.676+0800] {subprocess.py:106} INFO - [2025-02-24T12:30:48.668+0800] {base.py:1868} INFO - [raw sql] {}
[2025-02-24T12:30:48.678+0800] {subprocess.py:106} INFO - 2025-02-24 12:30:48,670 INFO sqlalchemy.engine.Engine show standard_conforming_strings
[2025-02-24T12:30:48.679+0800] {subprocess.py:106} INFO - [2025-02-24T12:30:48.670+0800] {base.py:1863} INFO - show standard_conforming_strings
[2025-02-24T12:30:48.681+0800] {subprocess.py:106} INFO - 2025-02-24 12:30:48,671 INFO sqlalchemy.engine.Engine [raw sql] {}
[2025-02-24T12:30:48.683+0800] {subprocess.py:106} INFO - [2025-02-24T12:30:48.671+0800] {base.py:1868} INFO - [raw sql] {}
[2025-02-24T12:30:48.685+0800] {subprocess.py:106} INFO - 2025-02-24 12:30:48,672 INFO sqlalchemy.engine.Engine BEGIN (implicit)
[2025-02-24T12:30:48.686+0800] {subprocess.py:106} INFO - [2025-02-24T12:30:48.672+0800] {base.py:1032} INFO - BEGIN (implicit)
[2025-02-24T12:30:48.689+0800] {subprocess.py:106} INFO - 2025-02-24 12:30:48,674 INFO sqlalchemy.engine.Engine INSERT INTO muse_project (update_time, crypto_name, price, hour_change_rate, volume) VALUES (%(update_time)s, %(crypto_name)s, %(price)s, %(hour_change_rate)s, %(volume)s)
[2025-02-24T12:30:48.691+0800] {subprocess.py:106} INFO - [2025-02-24T12:30:48.674+0800] {base.py:1863} INFO - INSERT INTO muse_project (update_time, crypto_name, price, hour_change_rate, volume) VALUES (%(update_time)s, %(crypto_name)s, %(price)s, %(hour_change_rate)s, %(volume)s)
[2025-02-24T12:30:48.693+0800] {subprocess.py:106} INFO - 2025-02-24 12:30:48,675 INFO sqlalchemy.engine.Engine [generated in 0.00100s] ({'update_time': datetime.datetime(2025, 2, 24, 12, 30, 48, 649979), 'crypto_name': 'Bitcoin', 'price': 95405.7, 'hour_change_rate': -0.3, 'volume': 20779303757.0}, {'update_time': datetime.datetime(2025, 2, 24, 12, 30, 48, 650079), 'crypto_name': 'Ethereum', 'price': 2710.0, 'hour_change_rate': -1.73, 'volume': 23096332629.0}, {'update_time': datetime.datetime(2025, 2, 24, 12, 30, 48, 650164), 'crypto_name': 'XRP', 'price': 2.48, 'hour_change_rate': -1.28, 'volume': 3014286249.0}, {'update_time': datetime.datetime(2025, 2, 24, 12, 30, 48, 650247), 'crypto_name': 'Tether', 'price': 1.0, 'hour_change_rate': -0.01, 'volume': 60907449721.0}, {'update_time': datetime.datetime(2025, 2, 24, 12, 30, 48, 650327), 'crypto_name': 'BNB', 'price': 644.06, 'hour_change_rate': -0.73, 'volume': 1502138273.0}, {'update_time': datetime.datetime(2025, 2, 24, 12, 30, 48, 650409), 'crypto_name': 'Solana', 'price': 160.45, 'hour_change_rate': -0.97, 'volume': 2221642328.0}, {'update_time': datetime.datetime(2025, 2, 24, 12, 30, 48, 650490), 'crypto_name': 'USDC', 'price': 0.9998, 'hour_change_rate': 0.0, 'volume': 5974155075.0}, {'update_time': datetime.datetime(2025, 2, 24, 12, 30, 48, 650569), 'crypto_name': 'Dogecoin', 'price': 0.23, 'hour_change_rate': -0.86, 'volume': 1018427931.0}, {'update_time': datetime.datetime(2025, 2, 24, 12, 30, 48, 650650), 'crypto_name': 'Cardano', 'price': 0.739, 'hour_change_rate': -1.35, 'volume': 551826224.0}, {'update_time': datetime.datetime(2025, 2, 24, 12, 30, 48, 650735), 'crypto_name': 'TRON', 'price': 0.2429, 'hour_change_rate': -0.35, 'volume': 435896001.0})
[2025-02-24T12:30:48.695+0800] {subprocess.py:106} INFO - [2025-02-24T12:30:48.675+0800] {base.py:1868} INFO - [generated in 0.00100s] ({'update_time': datetime.datetime(2025, 2, 24, 12, 30, 48, 649979), 'crypto_name': 'Bitcoin', 'price': 95405.7, 'hour_change_rate': -0.3, 'volume': 20779303757.0}, {'update_time': datetime.datetime(2025, 2, 24, 12, 30, 48, 650079), 'crypto_name': 'Ethereum', 'price': 2710.0, 'hour_change_rate': -1.73, 'volume': 23096332629.0}, {'update_time': datetime.datetime(2025, 2, 24, 12, 30, 48, 650164), 'crypto_name': 'XRP', 'price': 2.48, 'hour_change_rate': -1.28, 'volume': 3014286249.0}, {'update_time': datetime.datetime(2025, 2, 24, 12, 30, 48, 650247), 'crypto_name': 'Tether', 'price': 1.0, 'hour_change_rate': -0.01, 'volume': 60907449721.0}, {'update_time': datetime.datetime(2025, 2, 24, 12, 30, 48, 650327), 'crypto_name': 'BNB', 'price': 644.06, 'hour_change_rate': -0.73, 'volume': 1502138273.0}, {'update_time': datetime.datetime(2025, 2, 24, 12, 30, 48, 650409), 'crypto_name': 'Solana', 'price': 160.45, 'hour_change_rate': -0.97, 'volume': 2221642328.0}, {'update_time': datetime.datetime(2025, 2, 24, 12, 30, 48, 650490), 'crypto_name': 'USDC', 'price': 0.9998, 'hour_change_rate': 0.0, 'volume': 5974155075.0}, {'update_time': datetime.datetime(2025, 2, 24, 12, 30, 48, 650569), 'crypto_name': 'Dogecoin', 'price': 0.23, 'hour_change_rate': -0.86, 'volume': 1018427931.0}, {'update_time': datetime.datetime(2025, 2, 24, 12, 30, 48, 650650), 'crypto_name': 'Cardano', 'price': 0.739, 'hour_change_rate': -1.35, 'volume': 551826224.0}, {'update_time': datetime.datetime(2025, 2, 24, 12, 30, 48, 650735), 'crypto_name': 'TRON', 'price': 0.2429, 'hour_change_rate': -0.35, 'volume': 435896001.0})
[2025-02-24T12:30:48.697+0800] {subprocess.py:106} INFO - 2025-02-24 12:30:48,677 INFO sqlalchemy.engine.Engine COMMIT
[2025-02-24T12:30:48.699+0800] {subprocess.py:106} INFO - [2025-02-24T12:30:48.677+0800] {base.py:1092} INFO - COMMIT
[2025-02-24T12:30:48.701+0800] {subprocess.py:106} INFO - Done bulk insert.
[2025-02-24T12:30:48.703+0800] {subprocess.py:106} INFO - Done price extraction.
[2025-02-24T12:30:48.704+0800] {subprocess.py:106} INFO - [2025-02-24T12:30:48.682+0800] {extract_crypto.py:135} INFO - 2025-02-24 12:30:48.682369 Done price extraction.
[2025-02-24T12:30:48.880+0800] {subprocess.py:110} INFO - Command exited with return code 0
[2025-02-24T12:30:48.929+0800] {taskinstance.py:341} INFO - ::group::Post task execution logs
[2025-02-24T12:30:48.931+0800] {taskinstance.py:353} INFO - Marking task as SUCCESS. dag_id=muse_dag, task_id=extract_crypto_data, run_id=scheduled__2025-02-24T04:20:00+00:00, execution_date=20250224T042000, start_date=20250224T043032, end_date=20250224T043048
[2025-02-24T12:30:49.007+0800] {logging_mixin.py:190} INFO - Task instance in success state
[2025-02-24T12:30:49.009+0800] {logging_mixin.py:190} INFO -  Previous state of the Task instance: running
[2025-02-24T12:30:49.011+0800] {logging_mixin.py:190} INFO - Dag name:muse_dag queued_at:2025-02-24 04:30:01.889274+00:00
[2025-02-24T12:30:49.013+0800] {logging_mixin.py:190} INFO - Task hostname:LAPTOP-7NCGBFK9. operator:BashOperator
[2025-02-24T12:30:49.049+0800] {local_task_job_runner.py:266} INFO - Task exited with return code 0
[2025-02-24T12:30:49.078+0800] {taskinstance.py:3901} INFO - 0 downstream tasks scheduled from follow-on schedule check
[2025-02-24T12:30:49.081+0800] {local_task_job_runner.py:245} INFO - ::endgroup::
