[2025-02-24T11:06:12.144+0800] {local_task_job_runner.py:123} INFO - ::group::Pre task execution logs
[2025-02-24T11:06:12.167+0800] {taskinstance.py:2614} INFO - Dependencies all met for dep_context=non-requeueable deps ti=<TaskInstance: muse_dag.extract_crypto_data scheduled__2025-02-23T10:40:00+00:00 [queued]>
[2025-02-24T11:06:12.182+0800] {taskinstance.py:2614} INFO - Dependencies all met for dep_context=requeueable deps ti=<TaskInstance: muse_dag.extract_crypto_data scheduled__2025-02-23T10:40:00+00:00 [queued]>
[2025-02-24T11:06:12.184+0800] {taskinstance.py:2867} INFO - Starting attempt 2 of 2
[2025-02-24T11:06:12.229+0800] {taskinstance.py:2890} INFO - Executing <Task(BashOperator): extract_crypto_data> on 2025-02-23 10:40:00+00:00
[2025-02-24T11:06:12.234+0800] {standard_task_runner.py:72} INFO - Started process 59922 to run task
[2025-02-24T11:06:12.238+0800] {standard_task_runner.py:104} INFO - Running: ['airflow', 'tasks', 'run', 'muse_dag', 'extract_crypto_data', 'scheduled__2025-02-23T10:40:00+00:00', '--job-id', '29', '--raw', '--subdir', 'DAGS_FOLDER/muse_dag.py', '--cfg-path', '/tmp/tmp565vikb1']
[2025-02-24T11:06:12.240+0800] {standard_task_runner.py:105} INFO - Job 29: Subtask extract_crypto_data
[2025-02-24T11:06:12.340+0800] {task_command.py:467} INFO - Running <TaskInstance: muse_dag.extract_crypto_data scheduled__2025-02-23T10:40:00+00:00 [running]> on host LAPTOP-7NCGBFK9.
[2025-02-24T11:06:12.479+0800] {taskinstance.py:3134} INFO - Exporting env vars: AIRFLOW_CTX_DAG_OWNER='laurence' AIRFLOW_CTX_DAG_ID='muse_dag' AIRFLOW_CTX_TASK_ID='extract_crypto_data' AIRFLOW_CTX_EXECUTION_DATE='2025-02-23T10:40:00+00:00' AIRFLOW_CTX_TRY_NUMBER='2' AIRFLOW_CTX_DAG_RUN_ID='scheduled__2025-02-23T10:40:00+00:00'
[2025-02-24T11:06:12.482+0800] {logging_mixin.py:190} INFO - Task instance is in running state
[2025-02-24T11:06:12.484+0800] {logging_mixin.py:190} INFO -  Previous state of the Task instance: queued
[2025-02-24T11:06:12.486+0800] {logging_mixin.py:190} INFO - Current task name:extract_crypto_data state:running start_date:2025-02-24 03:06:12.169261+00:00
[2025-02-24T11:06:12.487+0800] {logging_mixin.py:190} INFO - Dag name:muse_dag and current dag run status:running
[2025-02-24T11:06:12.490+0800] {taskinstance.py:732} INFO - ::endgroup::
[2025-02-24T11:06:12.497+0800] {subprocess.py:78} INFO - Tmp dir root location: /tmp
[2025-02-24T11:06:12.501+0800] {subprocess.py:88} INFO - Running command: ['/usr/bin/bash', '-c', '/mnt/c/Users/User/laurence/Muse_assessment/muse_env/bin/python3 /mnt/c/Users/User/laurence/Muse_assessment/src/extract_crypto.py']
[2025-02-24T11:06:12.507+0800] {subprocess.py:99} INFO - Output:
[2025-02-24T11:06:25.782+0800] {subprocess.py:106} INFO - /mnt/c/Users/User/laurence/Muse_assessment/src/extract_crypto.py:45 MovedIn20Warning: Deprecated API features detected! These feature(s) are not compatible with SQLAlchemy 2.0. To prevent incompatible upgrades prior to updating applications, ensure requirements files are pinned to "sqlalchemy<2.0". Set environment variable SQLALCHEMY_WARN_20=1 to show all deprecation warnings.  Set environment variable SQLALCHEMY_SILENCE_UBER_WARNING=1 to silence this message. (Background on SQLAlchemy 2.0 at: https://sqlalche.me/e/b8d9)
[2025-02-24T11:06:25.786+0800] {subprocess.py:106} INFO - reset new handlers!
[2025-02-24T11:06:25.787+0800] {subprocess.py:106} INFO - Start extracting bitcoin real-time price...
[2025-02-24T11:06:25.788+0800] {subprocess.py:106} INFO - [2025-02-24T11:06:25.783+0800] {extract_crypto.py:131} INFO - 2025-02-24 11:06:25.783129 Start extracting bitcoin real-time price...
[2025-02-24T11:06:25.946+0800] {subprocess.py:106} INFO - Done data extraction. Start storing to DB...
[2025-02-24T11:06:25.949+0800] {subprocess.py:106} INFO - [2025-02-24T11:06:25.943+0800] {extract_crypto.py:105} INFO - Done data extraction. Start storing to DB...
[2025-02-24T11:06:25.959+0800] {subprocess.py:106} INFO - 2025-02-24 11:06:25,959 INFO sqlalchemy.engine.Engine select pg_catalog.version()
[2025-02-24T11:06:25.961+0800] {subprocess.py:106} INFO - [2025-02-24T11:06:25.959+0800] {base.py:1863} INFO - select pg_catalog.version()
[2025-02-24T11:06:25.964+0800] {subprocess.py:106} INFO - 2025-02-24 11:06:25,961 INFO sqlalchemy.engine.Engine [raw sql] {}
[2025-02-24T11:06:25.965+0800] {subprocess.py:106} INFO - [2025-02-24T11:06:25.961+0800] {base.py:1868} INFO - [raw sql] {}
[2025-02-24T11:06:25.967+0800] {subprocess.py:106} INFO - 2025-02-24 11:06:25,963 INFO sqlalchemy.engine.Engine select current_schema()
[2025-02-24T11:06:25.970+0800] {subprocess.py:106} INFO - [2025-02-24T11:06:25.963+0800] {base.py:1863} INFO - select current_schema()
[2025-02-24T11:06:25.971+0800] {subprocess.py:106} INFO - 2025-02-24 11:06:25,964 INFO sqlalchemy.engine.Engine [raw sql] {}
[2025-02-24T11:06:25.973+0800] {subprocess.py:106} INFO - [2025-02-24T11:06:25.964+0800] {base.py:1868} INFO - [raw sql] {}
[2025-02-24T11:06:25.974+0800] {subprocess.py:106} INFO - 2025-02-24 11:06:25,965 INFO sqlalchemy.engine.Engine show standard_conforming_strings
[2025-02-24T11:06:25.975+0800] {subprocess.py:106} INFO - [2025-02-24T11:06:25.965+0800] {base.py:1863} INFO - show standard_conforming_strings
[2025-02-24T11:06:25.977+0800] {subprocess.py:106} INFO - 2025-02-24 11:06:25,967 INFO sqlalchemy.engine.Engine [raw sql] {}
[2025-02-24T11:06:25.979+0800] {subprocess.py:106} INFO - [2025-02-24T11:06:25.967+0800] {base.py:1868} INFO - [raw sql] {}
[2025-02-24T11:06:25.980+0800] {subprocess.py:106} INFO - 2025-02-24 11:06:25,969 INFO sqlalchemy.engine.Engine BEGIN (implicit)
[2025-02-24T11:06:25.983+0800] {subprocess.py:106} INFO - [2025-02-24T11:06:25.969+0800] {base.py:1032} INFO - BEGIN (implicit)
[2025-02-24T11:06:25.985+0800] {subprocess.py:106} INFO - 2025-02-24 11:06:25,971 INFO sqlalchemy.engine.Engine INSERT INTO muse_project (update_time, crypto_name, price, hour_change_rate, volume) VALUES (%(update_time)s, %(crypto_name)s, %(price)s, %(hour_change_rate)s, %(volume)s)
[2025-02-24T11:06:25.987+0800] {subprocess.py:106} INFO - [2025-02-24T11:06:25.971+0800] {base.py:1863} INFO - INSERT INTO muse_project (update_time, crypto_name, price, hour_change_rate, volume) VALUES (%(update_time)s, %(crypto_name)s, %(price)s, %(hour_change_rate)s, %(volume)s)
[2025-02-24T11:06:25.989+0800] {subprocess.py:106} INFO - 2025-02-24 11:06:25,972 INFO sqlalchemy.engine.Engine [generated in 0.00102s] ({'update_time': datetime.datetime(2025, 2, 24, 11, 6, 25, 942363), 'crypto_name': 'Bitcoin', 'price': 95823.43, 'hour_change_rate': -0.17, 'volume': 19641670577.0}, {'update_time': datetime.datetime(2025, 2, 24, 11, 6, 25, 942477), 'crypto_name': 'Ethereum', 'price': 2777.79, 'hour_change_rate': -0.46, 'volume': 21748014339.0}, {'update_time': datetime.datetime(2025, 2, 24, 11, 6, 25, 942573), 'crypto_name': 'XRP', 'price': 2.54, 'hour_change_rate': -0.14, 'volume': 2495773616.0}, {'update_time': datetime.datetime(2025, 2, 24, 11, 6, 25, 942665), 'crypto_name': 'Tether', 'price': 1.0, 'hour_change_rate': 0.02, 'volume': 57776689452.0}, {'update_time': datetime.datetime(2025, 2, 24, 11, 6, 25, 942755), 'crypto_name': 'BNB', 'price': 650.1, 'hour_change_rate': -0.16, 'volume': 1486622860.0}, {'update_time': datetime.datetime(2025, 2, 24, 11, 6, 25, 942842), 'crypto_name': 'Solana', 'price': 163.46, 'hour_change_rate': -0.07, 'volume': 1945766095.0}, {'update_time': datetime.datetime(2025, 2, 24, 11, 6, 25, 942930), 'crypto_name': 'USDC', 'price': 1.0, 'hour_change_rate': 0.02, 'volume': 5112416627.0}, {'update_time': datetime.datetime(2025, 2, 24, 11, 6, 25, 943045), 'crypto_name': 'Dogecoin', 'price': 0.2366, 'hour_change_rate': -1.07, 'volume': 802944987.0}, {'update_time': datetime.datetime(2025, 2, 24, 11, 6, 25, 943134), 'crypto_name': 'Cardano', 'price': 0.7606, 'hour_change_rate': -0.5, 'volume': 511604071.0}, {'update_time': datetime.datetime(2025, 2, 24, 11, 6, 25, 943231), 'crypto_name': 'TRON', 'price': 0.2448, 'hour_change_rate': 0.01, 'volume': 434292148.0})
[2025-02-24T11:06:25.991+0800] {subprocess.py:106} INFO - [2025-02-24T11:06:25.972+0800] {base.py:1868} INFO - [generated in 0.00102s] ({'update_time': datetime.datetime(2025, 2, 24, 11, 6, 25, 942363), 'crypto_name': 'Bitcoin', 'price': 95823.43, 'hour_change_rate': -0.17, 'volume': 19641670577.0}, {'update_time': datetime.datetime(2025, 2, 24, 11, 6, 25, 942477), 'crypto_name': 'Ethereum', 'price': 2777.79, 'hour_change_rate': -0.46, 'volume': 21748014339.0}, {'update_time': datetime.datetime(2025, 2, 24, 11, 6, 25, 942573), 'crypto_name': 'XRP', 'price': 2.54, 'hour_change_rate': -0.14, 'volume': 2495773616.0}, {'update_time': datetime.datetime(2025, 2, 24, 11, 6, 25, 942665), 'crypto_name': 'Tether', 'price': 1.0, 'hour_change_rate': 0.02, 'volume': 57776689452.0}, {'update_time': datetime.datetime(2025, 2, 24, 11, 6, 25, 942755), 'crypto_name': 'BNB', 'price': 650.1, 'hour_change_rate': -0.16, 'volume': 1486622860.0}, {'update_time': datetime.datetime(2025, 2, 24, 11, 6, 25, 942842), 'crypto_name': 'Solana', 'price': 163.46, 'hour_change_rate': -0.07, 'volume': 1945766095.0}, {'update_time': datetime.datetime(2025, 2, 24, 11, 6, 25, 942930), 'crypto_name': 'USDC', 'price': 1.0, 'hour_change_rate': 0.02, 'volume': 5112416627.0}, {'update_time': datetime.datetime(2025, 2, 24, 11, 6, 25, 943045), 'crypto_name': 'Dogecoin', 'price': 0.2366, 'hour_change_rate': -1.07, 'volume': 802944987.0}, {'update_time': datetime.datetime(2025, 2, 24, 11, 6, 25, 943134), 'crypto_name': 'Cardano', 'price': 0.7606, 'hour_change_rate': -0.5, 'volume': 511604071.0}, {'update_time': datetime.datetime(2025, 2, 24, 11, 6, 25, 943231), 'crypto_name': 'TRON', 'price': 0.2448, 'hour_change_rate': 0.01, 'volume': 434292148.0})
[2025-02-24T11:06:25.993+0800] {subprocess.py:106} INFO - 2025-02-24 11:06:25,976 INFO sqlalchemy.engine.Engine COMMIT
[2025-02-24T11:06:25.995+0800] {subprocess.py:106} INFO - [2025-02-24T11:06:25.976+0800] {base.py:1092} INFO - COMMIT
[2025-02-24T11:06:25.997+0800] {subprocess.py:106} INFO - Done bulk insert.
[2025-02-24T11:06:25.999+0800] {subprocess.py:106} INFO - Done price extraction.
[2025-02-24T11:06:26.002+0800] {subprocess.py:106} INFO - [2025-02-24T11:06:25.982+0800] {extract_crypto.py:135} INFO - 2025-02-24 11:06:25.982004 Done price extraction.
[2025-02-24T11:06:26.229+0800] {subprocess.py:110} INFO - Command exited with return code 0
[2025-02-24T11:06:26.293+0800] {taskinstance.py:341} INFO - ::group::Post task execution logs
[2025-02-24T11:06:26.295+0800] {taskinstance.py:353} INFO - Marking task as SUCCESS. dag_id=muse_dag, task_id=extract_crypto_data, run_id=scheduled__2025-02-23T10:40:00+00:00, execution_date=20250223T104000, start_date=20250224T030612, end_date=20250224T030626
[2025-02-24T11:06:26.384+0800] {logging_mixin.py:190} INFO - Task instance in success state
[2025-02-24T11:06:26.385+0800] {logging_mixin.py:190} INFO -  Previous state of the Task instance: running
[2025-02-24T11:06:26.387+0800] {logging_mixin.py:190} INFO - Dag name:muse_dag queued_at:2025-02-24 03:04:29.741456+00:00
[2025-02-24T11:06:26.389+0800] {logging_mixin.py:190} INFO - Task hostname:LAPTOP-7NCGBFK9. operator:BashOperator
[2025-02-24T11:06:26.405+0800] {local_task_job_runner.py:266} INFO - Task exited with return code 0
[2025-02-24T11:06:26.431+0800] {taskinstance.py:3901} INFO - 0 downstream tasks scheduled from follow-on schedule check
[2025-02-24T11:06:26.434+0800] {local_task_job_runner.py:245} INFO - ::endgroup::
