[2025-02-24T10:22:52.107+0800] {local_task_job_runner.py:123} INFO - ::group::Pre task execution logs
[2025-02-24T10:22:52.125+0800] {taskinstance.py:2614} INFO - Dependencies all met for dep_context=non-requeueable deps ti=<TaskInstance: muse_dag.extract_crypto_data scheduled__2025-02-23T10:21:17.902177+00:00 [queued]>
[2025-02-24T10:22:52.135+0800] {taskinstance.py:2614} INFO - Dependencies all met for dep_context=requeueable deps ti=<TaskInstance: muse_dag.extract_crypto_data scheduled__2025-02-23T10:21:17.902177+00:00 [queued]>
[2025-02-24T10:22:52.136+0800] {taskinstance.py:2867} INFO - Starting attempt 1 of 2
[2025-02-24T10:22:52.172+0800] {taskinstance.py:2890} INFO - Executing <Task(BashOperator): extract_crypto_data> on 2025-02-23 10:21:17.902177+00:00
[2025-02-24T10:22:52.176+0800] {standard_task_runner.py:72} INFO - Started process 40018 to run task
[2025-02-24T10:22:52.180+0800] {standard_task_runner.py:104} INFO - Running: ['airflow', 'tasks', 'run', 'muse_dag', 'extract_crypto_data', 'scheduled__2025-02-23T10:21:17.902177+00:00', '--job-id', '24', '--raw', '--subdir', 'DAGS_FOLDER/muse_dag.py', '--cfg-path', '/tmp/tmp2096elk5']
[2025-02-24T10:22:52.183+0800] {standard_task_runner.py:105} INFO - Job 24: Subtask extract_crypto_data
[2025-02-24T10:22:52.346+0800] {task_command.py:467} INFO - Running <TaskInstance: muse_dag.extract_crypto_data scheduled__2025-02-23T10:21:17.902177+00:00 [running]> on host LAPTOP-7NCGBFK9.
[2025-02-24T10:22:52.525+0800] {taskinstance.py:3134} INFO - Exporting env vars: AIRFLOW_CTX_DAG_OWNER='laurence' AIRFLOW_CTX_DAG_ID='muse_dag' AIRFLOW_CTX_TASK_ID='extract_crypto_data' AIRFLOW_CTX_EXECUTION_DATE='2025-02-23T10:21:17.902177+00:00' AIRFLOW_CTX_TRY_NUMBER='1' AIRFLOW_CTX_DAG_RUN_ID='scheduled__2025-02-23T10:21:17.902177+00:00'
[2025-02-24T10:22:52.530+0800] {logging_mixin.py:190} INFO - Task instance is in running state
[2025-02-24T10:22:52.533+0800] {logging_mixin.py:190} INFO -  Previous state of the Task instance: queued
[2025-02-24T10:22:52.536+0800] {logging_mixin.py:190} INFO - Current task name:extract_crypto_data state:running start_date:2025-02-24 02:22:52.126297+00:00
[2025-02-24T10:22:52.539+0800] {logging_mixin.py:190} INFO - Dag name:muse_dag and current dag run status:running
[2025-02-24T10:22:52.542+0800] {taskinstance.py:732} INFO - ::endgroup::
[2025-02-24T10:22:52.557+0800] {subprocess.py:78} INFO - Tmp dir root location: /tmp
[2025-02-24T10:22:52.561+0800] {subprocess.py:88} INFO - Running command: ['/usr/bin/bash', '-c', '/mnt/c/Users/User/laurence/Muse_assessment/muse_env/bin/python3 /mnt/c/Users/User/laurence/Muse_assessment/src/extract_crypto.py']
[2025-02-24T10:22:52.569+0800] {subprocess.py:99} INFO - Output:
[2025-02-24T10:23:07.669+0800] {subprocess.py:106} INFO - /mnt/c/Users/User/laurence/Muse_assessment/src/extract_crypto.py:45 MovedIn20Warning: Deprecated API features detected! These feature(s) are not compatible with SQLAlchemy 2.0. To prevent incompatible upgrades prior to updating applications, ensure requirements files are pinned to "sqlalchemy<2.0". Set environment variable SQLALCHEMY_WARN_20=1 to show all deprecation warnings.  Set environment variable SQLALCHEMY_SILENCE_UBER_WARNING=1 to silence this message. (Background on SQLAlchemy 2.0 at: https://sqlalche.me/e/b8d9)
[2025-02-24T10:23:07.675+0800] {subprocess.py:106} INFO - reset new handlers!
[2025-02-24T10:23:07.677+0800] {subprocess.py:106} INFO - Start extracting bitcoin real-time price...
[2025-02-24T10:23:07.679+0800] {subprocess.py:106} INFO - [2025-02-24T10:23:07.670+0800] {extract_crypto.py:131} INFO - 2025-02-24 10:23:07.670288 Start extracting bitcoin real-time price...
[2025-02-24T10:23:07.789+0800] {subprocess.py:106} INFO - Done data extraction. Start storing to DB...
[2025-02-24T10:23:07.792+0800] {subprocess.py:106} INFO - [2025-02-24T10:23:07.785+0800] {extract_crypto.py:105} INFO - Done data extraction. Start storing to DB...
[2025-02-24T10:23:07.801+0800] {subprocess.py:106} INFO - 2025-02-24 10:23:07,801 INFO sqlalchemy.engine.Engine select pg_catalog.version()
[2025-02-24T10:23:07.803+0800] {subprocess.py:106} INFO - [2025-02-24T10:23:07.801+0800] {base.py:1863} INFO - select pg_catalog.version()
[2025-02-24T10:23:07.805+0800] {subprocess.py:106} INFO - 2025-02-24 10:23:07,803 INFO sqlalchemy.engine.Engine [raw sql] {}
[2025-02-24T10:23:07.807+0800] {subprocess.py:106} INFO - [2025-02-24T10:23:07.803+0800] {base.py:1868} INFO - [raw sql] {}
[2025-02-24T10:23:07.809+0800] {subprocess.py:106} INFO - 2025-02-24 10:23:07,805 INFO sqlalchemy.engine.Engine select current_schema()
[2025-02-24T10:23:07.811+0800] {subprocess.py:106} INFO - [2025-02-24T10:23:07.805+0800] {base.py:1863} INFO - select current_schema()
[2025-02-24T10:23:07.812+0800] {subprocess.py:106} INFO - 2025-02-24 10:23:07,806 INFO sqlalchemy.engine.Engine [raw sql] {}
[2025-02-24T10:23:07.814+0800] {subprocess.py:106} INFO - [2025-02-24T10:23:07.806+0800] {base.py:1868} INFO - [raw sql] {}
[2025-02-24T10:23:07.816+0800] {subprocess.py:106} INFO - 2025-02-24 10:23:07,808 INFO sqlalchemy.engine.Engine show standard_conforming_strings
[2025-02-24T10:23:07.818+0800] {subprocess.py:106} INFO - [2025-02-24T10:23:07.808+0800] {base.py:1863} INFO - show standard_conforming_strings
[2025-02-24T10:23:07.820+0800] {subprocess.py:106} INFO - 2025-02-24 10:23:07,809 INFO sqlalchemy.engine.Engine [raw sql] {}
[2025-02-24T10:23:07.822+0800] {subprocess.py:106} INFO - [2025-02-24T10:23:07.809+0800] {base.py:1868} INFO - [raw sql] {}
[2025-02-24T10:23:07.824+0800] {subprocess.py:106} INFO - 2025-02-24 10:23:07,811 INFO sqlalchemy.engine.Engine BEGIN (implicit)
[2025-02-24T10:23:07.826+0800] {subprocess.py:106} INFO - [2025-02-24T10:23:07.811+0800] {base.py:1032} INFO - BEGIN (implicit)
[2025-02-24T10:23:07.828+0800] {subprocess.py:106} INFO - 2025-02-24 10:23:07,813 INFO sqlalchemy.engine.Engine INSERT INTO muse_project (update_time, crypto_name, price, hour_change_rate, volume) VALUES (%(update_time)s, %(crypto_name)s, %(price)s, %(hour_change_rate)s, %(volume)s)
[2025-02-24T10:23:07.832+0800] {subprocess.py:106} INFO - [2025-02-24T10:23:07.813+0800] {base.py:1863} INFO - INSERT INTO muse_project (update_time, crypto_name, price, hour_change_rate, volume) VALUES (%(update_time)s, %(crypto_name)s, %(price)s, %(hour_change_rate)s, %(volume)s)
[2025-02-24T10:23:07.835+0800] {subprocess.py:106} INFO - 2025-02-24 10:23:07,814 INFO sqlalchemy.engine.Engine [generated in 0.00108s] ({'update_time': datetime.datetime(2025, 2, 24, 10, 23, 7, 784532), 'crypto_name': 'Bitcoin', 'price': 96055.92, 'hour_change_rate': -0.16, 'volume': 19361677158.0}, {'update_time': datetime.datetime(2025, 2, 24, 10, 23, 7, 784668), 'crypto_name': 'Ethereum', 'price': 2792.67, 'hour_change_rate': -0.21, 'volume': 21012554718.0}, {'update_time': datetime.datetime(2025, 2, 24, 10, 23, 7, 784777), 'crypto_name': 'XRP', 'price': 2.56, 'hour_change_rate': -0.3, 'volume': 2469935332.0}, {'update_time': datetime.datetime(2025, 2, 24, 10, 23, 7, 784877), 'crypto_name': 'Tether', 'price': 1.0, 'hour_change_rate': -0.0, 'volume': 56984885022.0}, {'update_time': datetime.datetime(2025, 2, 24, 10, 23, 7, 784977), 'crypto_name': 'BNB', 'price': 651.76, 'hour_change_rate': -0.38, 'volume': 1486376076.0}, {'update_time': datetime.datetime(2025, 2, 24, 10, 23, 7, 785076), 'crypto_name': 'Solana', 'price': 164.51, 'hour_change_rate': -0.44, 'volume': 1869606365.0}, {'update_time': datetime.datetime(2025, 2, 24, 10, 23, 7, 785173), 'crypto_name': 'USDC', 'price': 1.0, 'hour_change_rate': -0.01, 'volume': 5225693593.0}, {'update_time': datetime.datetime(2025, 2, 24, 10, 23, 7, 785267), 'crypto_name': 'Dogecoin', 'price': 0.2389, 'hour_change_rate': -1.01, 'volume': 754735353.0}, {'update_time': datetime.datetime(2025, 2, 24, 10, 23, 7, 785363), 'crypto_name': 'Cardano', 'price': 0.7658, 'hour_change_rate': -0.37, 'volume': 501514042.0}, {'update_time': datetime.datetime(2025, 2, 24, 10, 23, 7, 785456), 'crypto_name': 'TRON', 'price': 0.2449, 'hour_change_rate': -0.15, 'volume': 431280604.0})
[2025-02-24T10:23:07.838+0800] {subprocess.py:106} INFO - [2025-02-24T10:23:07.814+0800] {base.py:1868} INFO - [generated in 0.00108s] ({'update_time': datetime.datetime(2025, 2, 24, 10, 23, 7, 784532), 'crypto_name': 'Bitcoin', 'price': 96055.92, 'hour_change_rate': -0.16, 'volume': 19361677158.0}, {'update_time': datetime.datetime(2025, 2, 24, 10, 23, 7, 784668), 'crypto_name': 'Ethereum', 'price': 2792.67, 'hour_change_rate': -0.21, 'volume': 21012554718.0}, {'update_time': datetime.datetime(2025, 2, 24, 10, 23, 7, 784777), 'crypto_name': 'XRP', 'price': 2.56, 'hour_change_rate': -0.3, 'volume': 2469935332.0}, {'update_time': datetime.datetime(2025, 2, 24, 10, 23, 7, 784877), 'crypto_name': 'Tether', 'price': 1.0, 'hour_change_rate': -0.0, 'volume': 56984885022.0}, {'update_time': datetime.datetime(2025, 2, 24, 10, 23, 7, 784977), 'crypto_name': 'BNB', 'price': 651.76, 'hour_change_rate': -0.38, 'volume': 1486376076.0}, {'update_time': datetime.datetime(2025, 2, 24, 10, 23, 7, 785076), 'crypto_name': 'Solana', 'price': 164.51, 'hour_change_rate': -0.44, 'volume': 1869606365.0}, {'update_time': datetime.datetime(2025, 2, 24, 10, 23, 7, 785173), 'crypto_name': 'USDC', 'price': 1.0, 'hour_change_rate': -0.01, 'volume': 5225693593.0}, {'update_time': datetime.datetime(2025, 2, 24, 10, 23, 7, 785267), 'crypto_name': 'Dogecoin', 'price': 0.2389, 'hour_change_rate': -1.01, 'volume': 754735353.0}, {'update_time': datetime.datetime(2025, 2, 24, 10, 23, 7, 785363), 'crypto_name': 'Cardano', 'price': 0.7658, 'hour_change_rate': -0.37, 'volume': 501514042.0}, {'update_time': datetime.datetime(2025, 2, 24, 10, 23, 7, 785456), 'crypto_name': 'TRON', 'price': 0.2449, 'hour_change_rate': -0.15, 'volume': 431280604.0})
[2025-02-24T10:23:07.840+0800] {subprocess.py:106} INFO - 2025-02-24 10:23:07,817 INFO sqlalchemy.engine.Engine COMMIT
[2025-02-24T10:23:07.842+0800] {subprocess.py:106} INFO - [2025-02-24T10:23:07.817+0800] {base.py:1092} INFO - COMMIT
[2025-02-24T10:23:07.844+0800] {subprocess.py:106} INFO - Done bulk insert.
[2025-02-24T10:23:07.846+0800] {subprocess.py:106} INFO - Done price extraction.
[2025-02-24T10:23:07.848+0800] {subprocess.py:106} INFO - [2025-02-24T10:23:07.823+0800] {extract_crypto.py:135} INFO - 2025-02-24 10:23:07.823295 Done price extraction.
[2025-02-24T10:23:08.034+0800] {subprocess.py:110} INFO - Command exited with return code 0
[2025-02-24T10:23:08.093+0800] {taskinstance.py:341} INFO - ::group::Post task execution logs
[2025-02-24T10:23:08.095+0800] {taskinstance.py:353} INFO - Marking task as SUCCESS. dag_id=muse_dag, task_id=extract_crypto_data, run_id=scheduled__2025-02-23T10:21:17.902177+00:00, execution_date=20250223T102117, start_date=20250224T022252, end_date=20250224T022308
[2025-02-24T10:23:08.185+0800] {logging_mixin.py:190} INFO - Task instance in success state
[2025-02-24T10:23:08.188+0800] {logging_mixin.py:190} INFO -  Previous state of the Task instance: running
[2025-02-24T10:23:08.189+0800] {logging_mixin.py:190} INFO - Dag name:muse_dag queued_at:2025-02-24 02:22:17.623053+00:00
[2025-02-24T10:23:08.191+0800] {logging_mixin.py:190} INFO - Task hostname:LAPTOP-7NCGBFK9. operator:BashOperator
[2025-02-24T10:23:08.209+0800] {local_task_job_runner.py:266} INFO - Task exited with return code 0
[2025-02-24T10:23:08.240+0800] {taskinstance.py:3901} INFO - 0 downstream tasks scheduled from follow-on schedule check
[2025-02-24T10:23:08.243+0800] {local_task_job_runner.py:245} INFO - ::endgroup::
