[2025-02-24T11:20:31.472+0800] {local_task_job_runner.py:123} INFO - ::group::Pre task execution logs
[2025-02-24T11:20:31.495+0800] {taskinstance.py:2614} INFO - Dependencies all met for dep_context=non-requeueable deps ti=<TaskInstance: muse_dag.extract_crypto_data scheduled__2025-02-24T03:10:00+00:00 [queued]>
[2025-02-24T11:20:31.511+0800] {taskinstance.py:2614} INFO - Dependencies all met for dep_context=requeueable deps ti=<TaskInstance: muse_dag.extract_crypto_data scheduled__2025-02-24T03:10:00+00:00 [queued]>
[2025-02-24T11:20:31.513+0800] {taskinstance.py:2867} INFO - Starting attempt 1 of 2
[2025-02-24T11:20:31.559+0800] {taskinstance.py:2890} INFO - Executing <Task(BashOperator): extract_crypto_data> on 2025-02-24 03:10:00+00:00
[2025-02-24T11:20:31.563+0800] {standard_task_runner.py:72} INFO - Started process 66524 to run task
[2025-02-24T11:20:31.567+0800] {standard_task_runner.py:104} INFO - Running: ['airflow', 'tasks', 'run', 'muse_dag', 'extract_crypto_data', 'scheduled__2025-02-24T03:10:00+00:00', '--job-id', '38', '--raw', '--subdir', 'DAGS_FOLDER/muse_dag.py', '--cfg-path', '/tmp/tmpgpdphlmc']
[2025-02-24T11:20:31.569+0800] {standard_task_runner.py:105} INFO - Job 38: Subtask extract_crypto_data
[2025-02-24T11:20:31.739+0800] {task_command.py:467} INFO - Running <TaskInstance: muse_dag.extract_crypto_data scheduled__2025-02-24T03:10:00+00:00 [running]> on host LAPTOP-7NCGBFK9.
[2025-02-24T11:20:31.892+0800] {taskinstance.py:3134} INFO - Exporting env vars: AIRFLOW_CTX_DAG_OWNER='laurence' AIRFLOW_CTX_DAG_ID='muse_dag' AIRFLOW_CTX_TASK_ID='extract_crypto_data' AIRFLOW_CTX_EXECUTION_DATE='2025-02-24T03:10:00+00:00' AIRFLOW_CTX_TRY_NUMBER='1' AIRFLOW_CTX_DAG_RUN_ID='scheduled__2025-02-24T03:10:00+00:00'
[2025-02-24T11:20:31.895+0800] {logging_mixin.py:190} INFO - Task instance is in running state
[2025-02-24T11:20:31.898+0800] {logging_mixin.py:190} INFO -  Previous state of the Task instance: queued
[2025-02-24T11:20:31.900+0800] {logging_mixin.py:190} INFO - Current task name:extract_crypto_data state:running start_date:2025-02-24 03:20:31.497063+00:00
[2025-02-24T11:20:31.903+0800] {logging_mixin.py:190} INFO - Dag name:muse_dag and current dag run status:running
[2025-02-24T11:20:31.906+0800] {taskinstance.py:732} INFO - ::endgroup::
[2025-02-24T11:20:31.916+0800] {subprocess.py:78} INFO - Tmp dir root location: /tmp
[2025-02-24T11:20:31.919+0800] {subprocess.py:88} INFO - Running command: ['/usr/bin/bash', '-c', '/mnt/c/Users/User/laurence/Muse_assessment/muse_env/bin/python3 /mnt/c/Users/User/laurence/Muse_assessment/src/extract_crypto.py']
[2025-02-24T11:20:31.926+0800] {subprocess.py:99} INFO - Output:
[2025-02-24T11:20:47.511+0800] {subprocess.py:106} INFO - /mnt/c/Users/User/laurence/Muse_assessment/src/extract_crypto.py:45 MovedIn20Warning: Deprecated API features detected! These feature(s) are not compatible with SQLAlchemy 2.0. To prevent incompatible upgrades prior to updating applications, ensure requirements files are pinned to "sqlalchemy<2.0". Set environment variable SQLALCHEMY_WARN_20=1 to show all deprecation warnings.  Set environment variable SQLALCHEMY_SILENCE_UBER_WARNING=1 to silence this message. (Background on SQLAlchemy 2.0 at: https://sqlalche.me/e/b8d9)
[2025-02-24T11:20:47.524+0800] {subprocess.py:106} INFO - reset new handlers!
[2025-02-24T11:20:47.527+0800] {subprocess.py:106} INFO - Start extracting bitcoin real-time price...
[2025-02-24T11:20:47.530+0800] {subprocess.py:106} INFO - [2025-02-24T11:20:47.512+0800] {extract_crypto.py:131} INFO - 2025-02-24 11:20:47.512616 Start extracting bitcoin real-time price...
[2025-02-24T11:20:47.660+0800] {subprocess.py:106} INFO - Done data extraction. Start storing to DB...
[2025-02-24T11:20:47.663+0800] {subprocess.py:106} INFO - [2025-02-24T11:20:47.656+0800] {extract_crypto.py:105} INFO - Done data extraction. Start storing to DB...
[2025-02-24T11:20:47.670+0800] {subprocess.py:106} INFO - 2025-02-24 11:20:47,670 INFO sqlalchemy.engine.Engine select pg_catalog.version()
[2025-02-24T11:20:47.672+0800] {subprocess.py:106} INFO - [2025-02-24T11:20:47.670+0800] {base.py:1863} INFO - select pg_catalog.version()
[2025-02-24T11:20:47.674+0800] {subprocess.py:106} INFO - 2025-02-24 11:20:47,672 INFO sqlalchemy.engine.Engine [raw sql] {}
[2025-02-24T11:20:47.677+0800] {subprocess.py:106} INFO - [2025-02-24T11:20:47.672+0800] {base.py:1868} INFO - [raw sql] {}
[2025-02-24T11:20:47.679+0800] {subprocess.py:106} INFO - 2025-02-24 11:20:47,674 INFO sqlalchemy.engine.Engine select current_schema()
[2025-02-24T11:20:47.680+0800] {subprocess.py:106} INFO - [2025-02-24T11:20:47.674+0800] {base.py:1863} INFO - select current_schema()
[2025-02-24T11:20:47.682+0800] {subprocess.py:106} INFO - 2025-02-24 11:20:47,675 INFO sqlalchemy.engine.Engine [raw sql] {}
[2025-02-24T11:20:47.683+0800] {subprocess.py:106} INFO - [2025-02-24T11:20:47.675+0800] {base.py:1868} INFO - [raw sql] {}
[2025-02-24T11:20:47.685+0800] {subprocess.py:106} INFO - 2025-02-24 11:20:47,678 INFO sqlalchemy.engine.Engine show standard_conforming_strings
[2025-02-24T11:20:47.686+0800] {subprocess.py:106} INFO - [2025-02-24T11:20:47.678+0800] {base.py:1863} INFO - show standard_conforming_strings
[2025-02-24T11:20:47.688+0800] {subprocess.py:106} INFO - 2025-02-24 11:20:47,679 INFO sqlalchemy.engine.Engine [raw sql] {}
[2025-02-24T11:20:47.690+0800] {subprocess.py:106} INFO - [2025-02-24T11:20:47.679+0800] {base.py:1868} INFO - [raw sql] {}
[2025-02-24T11:20:47.693+0800] {subprocess.py:106} INFO - 2025-02-24 11:20:47,680 INFO sqlalchemy.engine.Engine BEGIN (implicit)
[2025-02-24T11:20:47.695+0800] {subprocess.py:106} INFO - [2025-02-24T11:20:47.680+0800] {base.py:1032} INFO - BEGIN (implicit)
[2025-02-24T11:20:47.697+0800] {subprocess.py:106} INFO - 2025-02-24 11:20:47,682 INFO sqlalchemy.engine.Engine INSERT INTO muse_project (update_time, crypto_name, price, hour_change_rate, volume) VALUES (%(update_time)s, %(crypto_name)s, %(price)s, %(hour_change_rate)s, %(volume)s)
[2025-02-24T11:20:47.699+0800] {subprocess.py:106} INFO - [2025-02-24T11:20:47.682+0800] {base.py:1863} INFO - INSERT INTO muse_project (update_time, crypto_name, price, hour_change_rate, volume) VALUES (%(update_time)s, %(crypto_name)s, %(price)s, %(hour_change_rate)s, %(volume)s)
[2025-02-24T11:20:47.703+0800] {subprocess.py:106} INFO - 2025-02-24 11:20:47,683 INFO sqlalchemy.engine.Engine [generated in 0.00103s] ({'update_time': datetime.datetime(2025, 2, 24, 11, 20, 47, 655244), 'crypto_name': 'Bitcoin', 'price': 95690.3, 'hour_change_rate': -0.42, 'volume': 19144845504.0}, {'update_time': datetime.datetime(2025, 2, 24, 11, 20, 47, 655346), 'crypto_name': 'Ethereum', 'price': 2758.15, 'hour_change_rate': -1.23, 'volume': 21581014399.0}, {'update_time': datetime.datetime(2025, 2, 24, 11, 20, 47, 655460), 'crypto_name': 'XRP', 'price': 2.52, 'hour_change_rate': -1.4, 'volume': 2535243273.0}, {'update_time': datetime.datetime(2025, 2, 24, 11, 20, 47, 655555), 'crypto_name': 'Tether', 'price': 1.0, 'hour_change_rate': 0.02, 'volume': 57875770661.0}, {'update_time': datetime.datetime(2025, 2, 24, 11, 20, 47, 655638), 'crypto_name': 'BNB', 'price': 649.51, 'hour_change_rate': -0.4, 'volume': 1488808787.0}, {'update_time': datetime.datetime(2025, 2, 24, 11, 20, 47, 655721), 'crypto_name': 'Solana', 'price': 161.9, 'hour_change_rate': -1.64, 'volume': 1993354384.0}, {'update_time': datetime.datetime(2025, 2, 24, 11, 20, 47, 655802), 'crypto_name': 'USDC', 'price': 1.0, 'hour_change_rate': 0.01, 'volume': 5412251412.0}, {'update_time': datetime.datetime(2025, 2, 24, 11, 20, 47, 655882), 'crypto_name': 'Dogecoin', 'price': 0.233, 'hour_change_rate': -2.62, 'volume': 843145941.0}, {'update_time': datetime.datetime(2025, 2, 24, 11, 20, 47, 655959), 'crypto_name': 'Cardano', 'price': 0.7515, 'hour_change_rate': -1.89, 'volume': 517700079.0}, {'update_time': datetime.datetime(2025, 2, 24, 11, 20, 47, 656039), 'crypto_name': 'TRON', 'price': 0.2441, 'hour_change_rate': -0.34, 'volume': 433619480.0})
[2025-02-24T11:20:47.704+0800] {subprocess.py:106} INFO - [2025-02-24T11:20:47.683+0800] {base.py:1868} INFO - [generated in 0.00103s] ({'update_time': datetime.datetime(2025, 2, 24, 11, 20, 47, 655244), 'crypto_name': 'Bitcoin', 'price': 95690.3, 'hour_change_rate': -0.42, 'volume': 19144845504.0}, {'update_time': datetime.datetime(2025, 2, 24, 11, 20, 47, 655346), 'crypto_name': 'Ethereum', 'price': 2758.15, 'hour_change_rate': -1.23, 'volume': 21581014399.0}, {'update_time': datetime.datetime(2025, 2, 24, 11, 20, 47, 655460), 'crypto_name': 'XRP', 'price': 2.52, 'hour_change_rate': -1.4, 'volume': 2535243273.0}, {'update_time': datetime.datetime(2025, 2, 24, 11, 20, 47, 655555), 'crypto_name': 'Tether', 'price': 1.0, 'hour_change_rate': 0.02, 'volume': 57875770661.0}, {'update_time': datetime.datetime(2025, 2, 24, 11, 20, 47, 655638), 'crypto_name': 'BNB', 'price': 649.51, 'hour_change_rate': -0.4, 'volume': 1488808787.0}, {'update_time': datetime.datetime(2025, 2, 24, 11, 20, 47, 655721), 'crypto_name': 'Solana', 'price': 161.9, 'hour_change_rate': -1.64, 'volume': 1993354384.0}, {'update_time': datetime.datetime(2025, 2, 24, 11, 20, 47, 655802), 'crypto_name': 'USDC', 'price': 1.0, 'hour_change_rate': 0.01, 'volume': 5412251412.0}, {'update_time': datetime.datetime(2025, 2, 24, 11, 20, 47, 655882), 'crypto_name': 'Dogecoin', 'price': 0.233, 'hour_change_rate': -2.62, 'volume': 843145941.0}, {'update_time': datetime.datetime(2025, 2, 24, 11, 20, 47, 655959), 'crypto_name': 'Cardano', 'price': 0.7515, 'hour_change_rate': -1.89, 'volume': 517700079.0}, {'update_time': datetime.datetime(2025, 2, 24, 11, 20, 47, 656039), 'crypto_name': 'TRON', 'price': 0.2441, 'hour_change_rate': -0.34, 'volume': 433619480.0})
[2025-02-24T11:20:47.707+0800] {subprocess.py:106} INFO - 2025-02-24 11:20:47,685 INFO sqlalchemy.engine.Engine COMMIT
[2025-02-24T11:20:47.710+0800] {subprocess.py:106} INFO - [2025-02-24T11:20:47.685+0800] {base.py:1092} INFO - COMMIT
[2025-02-24T11:20:47.712+0800] {subprocess.py:106} INFO - Done bulk insert.
[2025-02-24T11:20:47.713+0800] {subprocess.py:106} INFO - Done price extraction.
[2025-02-24T11:20:47.715+0800] {subprocess.py:106} INFO - [2025-02-24T11:20:47.690+0800] {extract_crypto.py:135} INFO - 2025-02-24 11:20:47.690661 Done price extraction.
[2025-02-24T11:20:47.879+0800] {subprocess.py:110} INFO - Command exited with return code 0
[2025-02-24T11:20:47.932+0800] {taskinstance.py:341} INFO - ::group::Post task execution logs
[2025-02-24T11:20:47.933+0800] {taskinstance.py:353} INFO - Marking task as SUCCESS. dag_id=muse_dag, task_id=extract_crypto_data, run_id=scheduled__2025-02-24T03:10:00+00:00, execution_date=20250224T031000, start_date=20250224T032031, end_date=20250224T032047
[2025-02-24T11:20:47.987+0800] {logging_mixin.py:190} INFO - Task instance in success state
[2025-02-24T11:20:47.989+0800] {logging_mixin.py:190} INFO -  Previous state of the Task instance: running
[2025-02-24T11:20:47.989+0800] {logging_mixin.py:190} INFO - Dag name:muse_dag queued_at:2025-02-24 03:20:01.295305+00:00
[2025-02-24T11:20:47.990+0800] {logging_mixin.py:190} INFO - Task hostname:LAPTOP-7NCGBFK9. operator:BashOperator
[2025-02-24T11:20:48.026+0800] {local_task_job_runner.py:266} INFO - Task exited with return code 0
[2025-02-24T11:20:48.154+0800] {taskinstance.py:3901} INFO - 0 downstream tasks scheduled from follow-on schedule check
[2025-02-24T11:20:48.159+0800] {local_task_job_runner.py:245} INFO - ::endgroup::
