[2025-02-24T10:20:08.789+0800] {local_task_job_runner.py:123} INFO - ::group::Pre task execution logs
[2025-02-24T10:20:08.823+0800] {taskinstance.py:2614} INFO - Dependencies all met for dep_context=non-requeueable deps ti=<TaskInstance: muse_dag.extract_crypto_data scheduled__2025-02-01T01:20:00+00:00 [queued]>
[2025-02-24T10:20:08.837+0800] {taskinstance.py:2614} INFO - Dependencies all met for dep_context=requeueable deps ti=<TaskInstance: muse_dag.extract_crypto_data scheduled__2025-02-01T01:20:00+00:00 [queued]>
[2025-02-24T10:20:08.838+0800] {taskinstance.py:2867} INFO - Starting attempt 1 of 2
[2025-02-24T10:20:08.884+0800] {taskinstance.py:2890} INFO - Executing <Task(BashOperator): extract_crypto_data> on 2025-02-01 01:20:00+00:00
[2025-02-24T10:20:08.898+0800] {standard_task_runner.py:72} INFO - Started process 38788 to run task
[2025-02-24T10:20:08.901+0800] {standard_task_runner.py:104} INFO - Running: ['airflow', 'tasks', 'run', 'muse_dag', 'extract_crypto_data', 'scheduled__2025-02-01T01:20:00+00:00', '--job-id', '21', '--raw', '--subdir', 'DAGS_FOLDER/muse_dag.py', '--cfg-path', '/tmp/tmpro5roavj']
[2025-02-24T10:20:08.906+0800] {standard_task_runner.py:105} INFO - Job 21: Subtask extract_crypto_data
[2025-02-24T10:20:09.032+0800] {task_command.py:467} INFO - Running <TaskInstance: muse_dag.extract_crypto_data scheduled__2025-02-01T01:20:00+00:00 [running]> on host LAPTOP-7NCGBFK9.
[2025-02-24T10:20:09.187+0800] {taskinstance.py:3134} INFO - Exporting env vars: AIRFLOW_CTX_DAG_OWNER='laurence' AIRFLOW_CTX_DAG_ID='muse_dag' AIRFLOW_CTX_TASK_ID='extract_crypto_data' AIRFLOW_CTX_EXECUTION_DATE='2025-02-01T01:20:00+00:00' AIRFLOW_CTX_TRY_NUMBER='1' AIRFLOW_CTX_DAG_RUN_ID='scheduled__2025-02-01T01:20:00+00:00'
[2025-02-24T10:20:09.190+0800] {logging_mixin.py:190} INFO - Task instance is in running state
[2025-02-24T10:20:09.192+0800] {logging_mixin.py:190} INFO -  Previous state of the Task instance: queued
[2025-02-24T10:20:09.195+0800] {logging_mixin.py:190} INFO - Current task name:extract_crypto_data state:running start_date:2025-02-24 02:20:08.825094+00:00
[2025-02-24T10:20:09.196+0800] {logging_mixin.py:190} INFO - Dag name:muse_dag and current dag run status:running
[2025-02-24T10:20:09.198+0800] {taskinstance.py:732} INFO - ::endgroup::
[2025-02-24T10:20:09.208+0800] {subprocess.py:78} INFO - Tmp dir root location: /tmp
[2025-02-24T10:20:09.212+0800] {subprocess.py:88} INFO - Running command: ['/usr/bin/bash', '-c', '/mnt/c/Users/User/laurence/Muse_assessment/muse_env/bin/python3 /mnt/c/Users/User/laurence/Muse_assessment/src/extract_crypto.py']
[2025-02-24T10:20:09.218+0800] {subprocess.py:99} INFO - Output:
[2025-02-24T10:20:22.820+0800] {subprocess.py:106} INFO - /mnt/c/Users/User/laurence/Muse_assessment/src/extract_crypto.py:45 MovedIn20Warning: Deprecated API features detected! These feature(s) are not compatible with SQLAlchemy 2.0. To prevent incompatible upgrades prior to updating applications, ensure requirements files are pinned to "sqlalchemy<2.0". Set environment variable SQLALCHEMY_WARN_20=1 to show all deprecation warnings.  Set environment variable SQLALCHEMY_SILENCE_UBER_WARNING=1 to silence this message. (Background on SQLAlchemy 2.0 at: https://sqlalche.me/e/b8d9)
[2025-02-24T10:20:22.824+0800] {subprocess.py:106} INFO - reset new handlers!
[2025-02-24T10:20:22.825+0800] {subprocess.py:106} INFO - Start extracting bitcoin real-time price...
[2025-02-24T10:20:22.830+0800] {subprocess.py:106} INFO - [2025-02-24T10:20:22.821+0800] {extract_crypto.py:131} INFO - 2025-02-24 10:20:22.821274 Start extracting bitcoin real-time price...
[2025-02-24T10:20:22.928+0800] {subprocess.py:106} INFO - Done data extraction. Start storing to DB...
[2025-02-24T10:20:22.931+0800] {subprocess.py:106} INFO - [2025-02-24T10:20:22.925+0800] {extract_crypto.py:105} INFO - Done data extraction. Start storing to DB...
[2025-02-24T10:20:22.938+0800] {subprocess.py:106} INFO - 2025-02-24 10:20:22,937 INFO sqlalchemy.engine.Engine select pg_catalog.version()
[2025-02-24T10:20:22.939+0800] {subprocess.py:106} INFO - [2025-02-24T10:20:22.937+0800] {base.py:1863} INFO - select pg_catalog.version()
[2025-02-24T10:20:22.941+0800] {subprocess.py:106} INFO - 2025-02-24 10:20:22,939 INFO sqlalchemy.engine.Engine [raw sql] {}
[2025-02-24T10:20:22.944+0800] {subprocess.py:106} INFO - [2025-02-24T10:20:22.939+0800] {base.py:1868} INFO - [raw sql] {}
[2025-02-24T10:20:22.946+0800] {subprocess.py:106} INFO - 2025-02-24 10:20:22,941 INFO sqlalchemy.engine.Engine select current_schema()
[2025-02-24T10:20:22.948+0800] {subprocess.py:106} INFO - [2025-02-24T10:20:22.941+0800] {base.py:1863} INFO - select current_schema()
[2025-02-24T10:20:22.950+0800] {subprocess.py:106} INFO - 2025-02-24 10:20:22,942 INFO sqlalchemy.engine.Engine [raw sql] {}
[2025-02-24T10:20:22.954+0800] {subprocess.py:106} INFO - [2025-02-24T10:20:22.942+0800] {base.py:1868} INFO - [raw sql] {}
[2025-02-24T10:20:22.956+0800] {subprocess.py:106} INFO - 2025-02-24 10:20:22,943 INFO sqlalchemy.engine.Engine show standard_conforming_strings
[2025-02-24T10:20:22.959+0800] {subprocess.py:106} INFO - [2025-02-24T10:20:22.943+0800] {base.py:1863} INFO - show standard_conforming_strings
[2025-02-24T10:20:22.966+0800] {subprocess.py:106} INFO - 2025-02-24 10:20:22,945 INFO sqlalchemy.engine.Engine [raw sql] {}
[2025-02-24T10:20:22.968+0800] {subprocess.py:106} INFO - [2025-02-24T10:20:22.945+0800] {base.py:1868} INFO - [raw sql] {}
[2025-02-24T10:20:22.970+0800] {subprocess.py:106} INFO - 2025-02-24 10:20:22,947 INFO sqlalchemy.engine.Engine BEGIN (implicit)
[2025-02-24T10:20:22.972+0800] {subprocess.py:106} INFO - [2025-02-24T10:20:22.947+0800] {base.py:1032} INFO - BEGIN (implicit)
[2025-02-24T10:20:22.976+0800] {subprocess.py:106} INFO - 2025-02-24 10:20:22,948 INFO sqlalchemy.engine.Engine INSERT INTO muse_project (update_time, crypto_name, price, hour_change_rate, volume) VALUES (%(update_time)s, %(crypto_name)s, %(price)s, %(hour_change_rate)s, %(volume)s)
[2025-02-24T10:20:22.979+0800] {subprocess.py:106} INFO - [2025-02-24T10:20:22.948+0800] {base.py:1863} INFO - INSERT INTO muse_project (update_time, crypto_name, price, hour_change_rate, volume) VALUES (%(update_time)s, %(crypto_name)s, %(price)s, %(hour_change_rate)s, %(volume)s)
[2025-02-24T10:20:22.981+0800] {subprocess.py:106} INFO - 2025-02-24 10:20:22,949 INFO sqlalchemy.engine.Engine [generated in 0.00107s] ({'update_time': datetime.datetime(2025, 2, 24, 10, 20, 22, 924070), 'crypto_name': 'Bitcoin', 'price': 96061.08, 'hour_change_rate': -0.13, 'volume': 18621096667.0}, {'update_time': datetime.datetime(2025, 2, 24, 10, 20, 22, 924196), 'crypto_name': 'Ethereum', 'price': 2792.48, 'hour_change_rate': -0.21, 'volume': 20943846945.0}, {'update_time': datetime.datetime(2025, 2, 24, 10, 20, 22, 924289), 'crypto_name': 'XRP', 'price': 2.56, 'hour_change_rate': -0.14, 'volume': 2466576918.0}, {'update_time': datetime.datetime(2025, 2, 24, 10, 20, 22, 924378), 'crypto_name': 'Tether', 'price': 1.0, 'hour_change_rate': 0.01, 'volume': 56892267243.0}, {'update_time': datetime.datetime(2025, 2, 24, 10, 20, 22, 924480), 'crypto_name': 'BNB', 'price': 652.05, 'hour_change_rate': -0.3, 'volume': 1488721719.0}, {'update_time': datetime.datetime(2025, 2, 24, 10, 20, 22, 924589), 'crypto_name': 'Solana', 'price': 164.6, 'hour_change_rate': -0.37, 'volume': 1866810250.0}, {'update_time': datetime.datetime(2025, 2, 24, 10, 20, 22, 924747), 'crypto_name': 'USDC', 'price': 0.9999, 'hour_change_rate': -0.01, 'volume': 5167566802.0}, {'update_time': datetime.datetime(2025, 2, 24, 10, 20, 22, 924864), 'crypto_name': 'Dogecoin', 'price': 0.2393, 'hour_change_rate': -0.91, 'volume': 752022994.0}, {'update_time': datetime.datetime(2025, 2, 24, 10, 20, 22, 924957), 'crypto_name': 'Cardano', 'price': 0.766, 'hour_change_rate': -0.34, 'volume': 501309675.0}, {'update_time': datetime.datetime(2025, 2, 24, 10, 20, 22, 925045), 'crypto_name': 'TRON', 'price': 0.245, 'hour_change_rate': -0.11, 'volume': 431526216.0})
[2025-02-24T10:20:22.984+0800] {subprocess.py:106} INFO - [2025-02-24T10:20:22.949+0800] {base.py:1868} INFO - [generated in 0.00107s] ({'update_time': datetime.datetime(2025, 2, 24, 10, 20, 22, 924070), 'crypto_name': 'Bitcoin', 'price': 96061.08, 'hour_change_rate': -0.13, 'volume': 18621096667.0}, {'update_time': datetime.datetime(2025, 2, 24, 10, 20, 22, 924196), 'crypto_name': 'Ethereum', 'price': 2792.48, 'hour_change_rate': -0.21, 'volume': 20943846945.0}, {'update_time': datetime.datetime(2025, 2, 24, 10, 20, 22, 924289), 'crypto_name': 'XRP', 'price': 2.56, 'hour_change_rate': -0.14, 'volume': 2466576918.0}, {'update_time': datetime.datetime(2025, 2, 24, 10, 20, 22, 924378), 'crypto_name': 'Tether', 'price': 1.0, 'hour_change_rate': 0.01, 'volume': 56892267243.0}, {'update_time': datetime.datetime(2025, 2, 24, 10, 20, 22, 924480), 'crypto_name': 'BNB', 'price': 652.05, 'hour_change_rate': -0.3, 'volume': 1488721719.0}, {'update_time': datetime.datetime(2025, 2, 24, 10, 20, 22, 924589), 'crypto_name': 'Solana', 'price': 164.6, 'hour_change_rate': -0.37, 'volume': 1866810250.0}, {'update_time': datetime.datetime(2025, 2, 24, 10, 20, 22, 924747), 'crypto_name': 'USDC', 'price': 0.9999, 'hour_change_rate': -0.01, 'volume': 5167566802.0}, {'update_time': datetime.datetime(2025, 2, 24, 10, 20, 22, 924864), 'crypto_name': 'Dogecoin', 'price': 0.2393, 'hour_change_rate': -0.91, 'volume': 752022994.0}, {'update_time': datetime.datetime(2025, 2, 24, 10, 20, 22, 924957), 'crypto_name': 'Cardano', 'price': 0.766, 'hour_change_rate': -0.34, 'volume': 501309675.0}, {'update_time': datetime.datetime(2025, 2, 24, 10, 20, 22, 925045), 'crypto_name': 'TRON', 'price': 0.245, 'hour_change_rate': -0.11, 'volume': 431526216.0})
[2025-02-24T10:20:22.987+0800] {subprocess.py:106} INFO - 2025-02-24 10:20:22,952 INFO sqlalchemy.engine.Engine COMMIT
[2025-02-24T10:20:22.989+0800] {subprocess.py:106} INFO - [2025-02-24T10:20:22.952+0800] {base.py:1092} INFO - COMMIT
[2025-02-24T10:20:22.991+0800] {subprocess.py:106} INFO - Done bulk insert.
[2025-02-24T10:20:22.993+0800] {subprocess.py:106} INFO - Done price extraction.
[2025-02-24T10:20:22.995+0800] {subprocess.py:106} INFO - [2025-02-24T10:20:22.958+0800] {extract_crypto.py:135} INFO - 2025-02-24 10:20:22.958522 Done price extraction.
[2025-02-24T10:20:23.179+0800] {subprocess.py:110} INFO - Command exited with return code 0
[2025-02-24T10:20:23.248+0800] {taskinstance.py:341} INFO - ::group::Post task execution logs
[2025-02-24T10:20:23.249+0800] {taskinstance.py:353} INFO - Marking task as SUCCESS. dag_id=muse_dag, task_id=extract_crypto_data, run_id=scheduled__2025-02-01T01:20:00+00:00, execution_date=20250201T012000, start_date=20250224T022008, end_date=20250224T022023
[2025-02-24T10:20:23.330+0800] {logging_mixin.py:190} INFO - Task instance in success state
[2025-02-24T10:20:23.333+0800] {logging_mixin.py:190} INFO -  Previous state of the Task instance: running
[2025-02-24T10:20:23.334+0800] {logging_mixin.py:190} INFO - Dag name:muse_dag queued_at:2025-02-24 02:18:57.859559+00:00
[2025-02-24T10:20:23.336+0800] {logging_mixin.py:190} INFO - Task hostname:LAPTOP-7NCGBFK9. operator:BashOperator
[2025-02-24T10:20:23.375+0800] {local_task_job_runner.py:266} INFO - Task exited with return code 0
[2025-02-24T10:20:23.405+0800] {taskinstance.py:3901} INFO - 0 downstream tasks scheduled from follow-on schedule check
[2025-02-24T10:20:23.407+0800] {local_task_job_runner.py:245} INFO - ::endgroup::
