[2025-02-24T11:16:30.887+0800] {local_task_job_runner.py:123} INFO - ::group::Pre task execution logs
[2025-02-24T11:16:30.909+0800] {taskinstance.py:2614} INFO - Dependencies all met for dep_context=non-requeueable deps ti=<TaskInstance: muse_dag.extract_crypto_data scheduled__2025-02-23T11:30:00+00:00 [queued]>
[2025-02-24T11:16:30.923+0800] {taskinstance.py:2614} INFO - Dependencies all met for dep_context=requeueable deps ti=<TaskInstance: muse_dag.extract_crypto_data scheduled__2025-02-23T11:30:00+00:00 [queued]>
[2025-02-24T11:16:30.924+0800] {taskinstance.py:2867} INFO - Starting attempt 2 of 2
[2025-02-24T11:16:30.957+0800] {taskinstance.py:2890} INFO - Executing <Task(BashOperator): extract_crypto_data> on 2025-02-23 11:30:00+00:00
[2025-02-24T11:16:30.960+0800] {standard_task_runner.py:72} INFO - Started process 64639 to run task
[2025-02-24T11:16:30.963+0800] {standard_task_runner.py:104} INFO - Running: ['airflow', 'tasks', 'run', 'muse_dag', 'extract_crypto_data', 'scheduled__2025-02-23T11:30:00+00:00', '--job-id', '35', '--raw', '--subdir', 'DAGS_FOLDER/muse_dag.py', '--cfg-path', '/tmp/tmp0vsh412m']
[2025-02-24T11:16:30.967+0800] {standard_task_runner.py:105} INFO - Job 35: Subtask extract_crypto_data
[2025-02-24T11:16:31.187+0800] {task_command.py:467} INFO - Running <TaskInstance: muse_dag.extract_crypto_data scheduled__2025-02-23T11:30:00+00:00 [running]> on host LAPTOP-7NCGBFK9.
[2025-02-24T11:16:31.346+0800] {taskinstance.py:3134} INFO - Exporting env vars: AIRFLOW_CTX_DAG_OWNER='laurence' AIRFLOW_CTX_DAG_ID='muse_dag' AIRFLOW_CTX_TASK_ID='extract_crypto_data' AIRFLOW_CTX_EXECUTION_DATE='2025-02-23T11:30:00+00:00' AIRFLOW_CTX_TRY_NUMBER='2' AIRFLOW_CTX_DAG_RUN_ID='scheduled__2025-02-23T11:30:00+00:00'
[2025-02-24T11:16:31.349+0800] {logging_mixin.py:190} INFO - Task instance is in running state
[2025-02-24T11:16:31.352+0800] {logging_mixin.py:190} INFO -  Previous state of the Task instance: queued
[2025-02-24T11:16:31.354+0800] {logging_mixin.py:190} INFO - Current task name:extract_crypto_data state:running start_date:2025-02-24 03:16:30.911257+00:00
[2025-02-24T11:16:31.355+0800] {logging_mixin.py:190} INFO - Dag name:muse_dag and current dag run status:running
[2025-02-24T11:16:31.357+0800] {taskinstance.py:732} INFO - ::endgroup::
[2025-02-24T11:16:31.367+0800] {subprocess.py:78} INFO - Tmp dir root location: /tmp
[2025-02-24T11:16:31.370+0800] {subprocess.py:88} INFO - Running command: ['/usr/bin/bash', '-c', '/mnt/c/Users/User/laurence/Muse_assessment/muse_env/bin/python3 /mnt/c/Users/User/laurence/Muse_assessment/src/extract_crypto.py']
[2025-02-24T11:16:31.377+0800] {subprocess.py:99} INFO - Output:
[2025-02-24T11:16:45.527+0800] {subprocess.py:106} INFO - /mnt/c/Users/User/laurence/Muse_assessment/src/extract_crypto.py:45 MovedIn20Warning: Deprecated API features detected! These feature(s) are not compatible with SQLAlchemy 2.0. To prevent incompatible upgrades prior to updating applications, ensure requirements files are pinned to "sqlalchemy<2.0". Set environment variable SQLALCHEMY_WARN_20=1 to show all deprecation warnings.  Set environment variable SQLALCHEMY_SILENCE_UBER_WARNING=1 to silence this message. (Background on SQLAlchemy 2.0 at: https://sqlalche.me/e/b8d9)
[2025-02-24T11:16:45.533+0800] {subprocess.py:106} INFO - reset new handlers!
[2025-02-24T11:16:45.535+0800] {subprocess.py:106} INFO - Start extracting bitcoin real-time price...
[2025-02-24T11:16:45.537+0800] {subprocess.py:106} INFO - [2025-02-24T11:16:45.527+0800] {extract_crypto.py:131} INFO - 2025-02-24 11:16:45.527851 Start extracting bitcoin real-time price...
[2025-02-24T11:16:45.634+0800] {subprocess.py:106} INFO - Done data extraction. Start storing to DB...
[2025-02-24T11:16:45.636+0800] {subprocess.py:106} INFO - [2025-02-24T11:16:45.632+0800] {extract_crypto.py:105} INFO - Done data extraction. Start storing to DB...
[2025-02-24T11:16:45.646+0800] {subprocess.py:106} INFO - 2025-02-24 11:16:45,646 INFO sqlalchemy.engine.Engine select pg_catalog.version()
[2025-02-24T11:16:45.647+0800] {subprocess.py:106} INFO - [2025-02-24T11:16:45.646+0800] {base.py:1863} INFO - select pg_catalog.version()
[2025-02-24T11:16:45.649+0800] {subprocess.py:106} INFO - 2025-02-24 11:16:45,647 INFO sqlalchemy.engine.Engine [raw sql] {}
[2025-02-24T11:16:45.651+0800] {subprocess.py:106} INFO - [2025-02-24T11:16:45.647+0800] {base.py:1868} INFO - [raw sql] {}
[2025-02-24T11:16:45.653+0800] {subprocess.py:106} INFO - 2025-02-24 11:16:45,649 INFO sqlalchemy.engine.Engine select current_schema()
[2025-02-24T11:16:45.654+0800] {subprocess.py:106} INFO - [2025-02-24T11:16:45.649+0800] {base.py:1863} INFO - select current_schema()
[2025-02-24T11:16:45.655+0800] {subprocess.py:106} INFO - 2025-02-24 11:16:45,649 INFO sqlalchemy.engine.Engine [raw sql] {}
[2025-02-24T11:16:45.657+0800] {subprocess.py:106} INFO - [2025-02-24T11:16:45.649+0800] {base.py:1868} INFO - [raw sql] {}
[2025-02-24T11:16:45.659+0800] {subprocess.py:106} INFO - 2025-02-24 11:16:45,651 INFO sqlalchemy.engine.Engine show standard_conforming_strings
[2025-02-24T11:16:45.661+0800] {subprocess.py:106} INFO - [2025-02-24T11:16:45.651+0800] {base.py:1863} INFO - show standard_conforming_strings
[2025-02-24T11:16:45.662+0800] {subprocess.py:106} INFO - 2025-02-24 11:16:45,652 INFO sqlalchemy.engine.Engine [raw sql] {}
[2025-02-24T11:16:45.663+0800] {subprocess.py:106} INFO - [2025-02-24T11:16:45.652+0800] {base.py:1868} INFO - [raw sql] {}
[2025-02-24T11:16:45.664+0800] {subprocess.py:106} INFO - 2025-02-24 11:16:45,654 INFO sqlalchemy.engine.Engine BEGIN (implicit)
[2025-02-24T11:16:45.666+0800] {subprocess.py:106} INFO - [2025-02-24T11:16:45.654+0800] {base.py:1032} INFO - BEGIN (implicit)
[2025-02-24T11:16:45.670+0800] {subprocess.py:106} INFO - 2025-02-24 11:16:45,655 INFO sqlalchemy.engine.Engine INSERT INTO muse_project (update_time, crypto_name, price, hour_change_rate, volume) VALUES (%(update_time)s, %(crypto_name)s, %(price)s, %(hour_change_rate)s, %(volume)s)
[2025-02-24T11:16:45.675+0800] {subprocess.py:106} INFO - [2025-02-24T11:16:45.655+0800] {base.py:1863} INFO - INSERT INTO muse_project (update_time, crypto_name, price, hour_change_rate, volume) VALUES (%(update_time)s, %(crypto_name)s, %(price)s, %(hour_change_rate)s, %(volume)s)
[2025-02-24T11:16:45.677+0800] {subprocess.py:106} INFO - 2025-02-24 11:16:45,656 INFO sqlalchemy.engine.Engine [generated in 0.00105s] ({'update_time': datetime.datetime(2025, 2, 24, 11, 16, 45, 631420), 'crypto_name': 'Bitcoin', 'price': 95738.84, 'hour_change_rate': -0.37, 'volume': 18983686810.0}, {'update_time': datetime.datetime(2025, 2, 24, 11, 16, 45, 631521), 'crypto_name': 'Ethereum', 'price': 2764.74, 'hour_change_rate': -1.08, 'volume': 21222087202.0}, {'update_time': datetime.datetime(2025, 2, 24, 11, 16, 45, 631609), 'crypto_name': 'XRP', 'price': 2.53, 'hour_change_rate': -1.11, 'volume': 2514961574.0}, {'update_time': datetime.datetime(2025, 2, 24, 11, 16, 45, 631691), 'crypto_name': 'Tether', 'price': 1.0, 'hour_change_rate': 0.01, 'volume': 57869587567.0}, {'update_time': datetime.datetime(2025, 2, 24, 11, 16, 45, 631772), 'crypto_name': 'BNB', 'price': 648.7, 'hour_change_rate': -0.49, 'volume': 1486427736.0}, {'update_time': datetime.datetime(2025, 2, 24, 11, 16, 45, 631851), 'crypto_name': 'Solana', 'price': 162.38, 'hour_change_rate': -0.93, 'volume': 1969789906.0}, {'update_time': datetime.datetime(2025, 2, 24, 11, 16, 45, 631929), 'crypto_name': 'USDC', 'price': 0.9999, 'hour_change_rate': -0.01, 'volume': 5344014773.0}, {'update_time': datetime.datetime(2025, 2, 24, 11, 16, 45, 632007), 'crypto_name': 'Dogecoin', 'price': 0.2334, 'hour_change_rate': -2.33, 'volume': 829682789.0}, {'update_time': datetime.datetime(2025, 2, 24, 11, 16, 45, 632096), 'crypto_name': 'Cardano', 'price': 0.7541, 'hour_change_rate': -1.48, 'volume': 514837577.0}, {'update_time': datetime.datetime(2025, 2, 24, 11, 16, 45, 632186), 'crypto_name': 'TRON', 'price': 0.2445, 'hour_change_rate': -0.16, 'volume': 433703911.0})
[2025-02-24T11:16:45.679+0800] {subprocess.py:106} INFO - [2025-02-24T11:16:45.656+0800] {base.py:1868} INFO - [generated in 0.00105s] ({'update_time': datetime.datetime(2025, 2, 24, 11, 16, 45, 631420), 'crypto_name': 'Bitcoin', 'price': 95738.84, 'hour_change_rate': -0.37, 'volume': 18983686810.0}, {'update_time': datetime.datetime(2025, 2, 24, 11, 16, 45, 631521), 'crypto_name': 'Ethereum', 'price': 2764.74, 'hour_change_rate': -1.08, 'volume': 21222087202.0}, {'update_time': datetime.datetime(2025, 2, 24, 11, 16, 45, 631609), 'crypto_name': 'XRP', 'price': 2.53, 'hour_change_rate': -1.11, 'volume': 2514961574.0}, {'update_time': datetime.datetime(2025, 2, 24, 11, 16, 45, 631691), 'crypto_name': 'Tether', 'price': 1.0, 'hour_change_rate': 0.01, 'volume': 57869587567.0}, {'update_time': datetime.datetime(2025, 2, 24, 11, 16, 45, 631772), 'crypto_name': 'BNB', 'price': 648.7, 'hour_change_rate': -0.49, 'volume': 1486427736.0}, {'update_time': datetime.datetime(2025, 2, 24, 11, 16, 45, 631851), 'crypto_name': 'Solana', 'price': 162.38, 'hour_change_rate': -0.93, 'volume': 1969789906.0}, {'update_time': datetime.datetime(2025, 2, 24, 11, 16, 45, 631929), 'crypto_name': 'USDC', 'price': 0.9999, 'hour_change_rate': -0.01, 'volume': 5344014773.0}, {'update_time': datetime.datetime(2025, 2, 24, 11, 16, 45, 632007), 'crypto_name': 'Dogecoin', 'price': 0.2334, 'hour_change_rate': -2.33, 'volume': 829682789.0}, {'update_time': datetime.datetime(2025, 2, 24, 11, 16, 45, 632096), 'crypto_name': 'Cardano', 'price': 0.7541, 'hour_change_rate': -1.48, 'volume': 514837577.0}, {'update_time': datetime.datetime(2025, 2, 24, 11, 16, 45, 632186), 'crypto_name': 'TRON', 'price': 0.2445, 'hour_change_rate': -0.16, 'volume': 433703911.0})
[2025-02-24T11:16:45.682+0800] {subprocess.py:106} INFO - 2025-02-24 11:16:45,658 INFO sqlalchemy.engine.Engine COMMIT
[2025-02-24T11:16:45.684+0800] {subprocess.py:106} INFO - [2025-02-24T11:16:45.658+0800] {base.py:1092} INFO - COMMIT
[2025-02-24T11:16:45.686+0800] {subprocess.py:106} INFO - Done bulk insert.
[2025-02-24T11:16:45.688+0800] {subprocess.py:106} INFO - Done price extraction.
[2025-02-24T11:16:45.689+0800] {subprocess.py:106} INFO - [2025-02-24T11:16:45.663+0800] {extract_crypto.py:135} INFO - 2025-02-24 11:16:45.663828 Done price extraction.
[2025-02-24T11:16:45.884+0800] {subprocess.py:110} INFO - Command exited with return code 0
[2025-02-24T11:16:45.947+0800] {taskinstance.py:341} INFO - ::group::Post task execution logs
[2025-02-24T11:16:45.949+0800] {taskinstance.py:353} INFO - Marking task as SUCCESS. dag_id=muse_dag, task_id=extract_crypto_data, run_id=scheduled__2025-02-23T11:30:00+00:00, execution_date=20250223T113000, start_date=20250224T031630, end_date=20250224T031645
[2025-02-24T11:16:46.023+0800] {logging_mixin.py:190} INFO - Task instance in success state
[2025-02-24T11:16:46.024+0800] {logging_mixin.py:190} INFO -  Previous state of the Task instance: running
[2025-02-24T11:16:46.025+0800] {logging_mixin.py:190} INFO - Dag name:muse_dag queued_at:2025-02-24 03:10:19.052277+00:00
[2025-02-24T11:16:46.026+0800] {logging_mixin.py:190} INFO - Task hostname:LAPTOP-7NCGBFK9. operator:BashOperator
[2025-02-24T11:16:46.053+0800] {local_task_job_runner.py:266} INFO - Task exited with return code 0
[2025-02-24T11:16:46.081+0800] {taskinstance.py:3901} INFO - 0 downstream tasks scheduled from follow-on schedule check
[2025-02-24T11:16:46.082+0800] {local_task_job_runner.py:245} INFO - ::endgroup::
