[2025-02-24T13:40:36.236+0800] {local_task_job_runner.py:123} INFO - ::group::Pre task execution logs
[2025-02-24T13:40:36.258+0800] {taskinstance.py:2614} INFO - Dependencies all met for dep_context=non-requeueable deps ti=<TaskInstance: muse_dag.extract_crypto_data scheduled__2025-02-24T05:30:00+00:00 [queued]>
[2025-02-24T13:40:36.273+0800] {taskinstance.py:2614} INFO - Dependencies all met for dep_context=requeueable deps ti=<TaskInstance: muse_dag.extract_crypto_data scheduled__2025-02-24T05:30:00+00:00 [queued]>
[2025-02-24T13:40:36.275+0800] {taskinstance.py:2867} INFO - Starting attempt 1 of 2
[2025-02-24T13:40:36.319+0800] {taskinstance.py:2890} INFO - Executing <Task(BashOperator): extract_crypto_data> on 2025-02-24 05:30:00+00:00
[2025-02-24T13:40:36.323+0800] {standard_task_runner.py:72} INFO - Started process 132328 to run task
[2025-02-24T13:40:36.327+0800] {standard_task_runner.py:104} INFO - Running: ['airflow', 'tasks', 'run', 'muse_dag', 'extract_crypto_data', 'scheduled__2025-02-24T05:30:00+00:00', '--job-id', '52', '--raw', '--subdir', 'DAGS_FOLDER/muse_dag.py', '--cfg-path', '/tmp/tmpdb5z6w0j']
[2025-02-24T13:40:36.330+0800] {standard_task_runner.py:105} INFO - Job 52: Subtask extract_crypto_data
[2025-02-24T13:40:36.440+0800] {task_command.py:467} INFO - Running <TaskInstance: muse_dag.extract_crypto_data scheduled__2025-02-24T05:30:00+00:00 [running]> on host LAPTOP-7NCGBFK9.
[2025-02-24T13:40:36.582+0800] {taskinstance.py:3134} INFO - Exporting env vars: AIRFLOW_CTX_DAG_OWNER='laurence' AIRFLOW_CTX_DAG_ID='muse_dag' AIRFLOW_CTX_TASK_ID='extract_crypto_data' AIRFLOW_CTX_EXECUTION_DATE='2025-02-24T05:30:00+00:00' AIRFLOW_CTX_TRY_NUMBER='1' AIRFLOW_CTX_DAG_RUN_ID='scheduled__2025-02-24T05:30:00+00:00'
[2025-02-24T13:40:36.585+0800] {logging_mixin.py:190} INFO - Task instance is in running state
[2025-02-24T13:40:36.588+0800] {logging_mixin.py:190} INFO -  Previous state of the Task instance: queued
[2025-02-24T13:40:36.590+0800] {logging_mixin.py:190} INFO - Current task name:extract_crypto_data state:running start_date:2025-02-24 05:40:36.260256+00:00
[2025-02-24T13:40:36.592+0800] {logging_mixin.py:190} INFO - Dag name:muse_dag and current dag run status:running
[2025-02-24T13:40:36.595+0800] {taskinstance.py:732} INFO - ::endgroup::
[2025-02-24T13:40:36.608+0800] {subprocess.py:78} INFO - Tmp dir root location: /tmp
[2025-02-24T13:40:36.613+0800] {subprocess.py:88} INFO - Running command: ['/usr/bin/bash', '-c', '/mnt/c/Users/User/laurence/Muse_assessment/muse_env/bin/python3 /mnt/c/Users/User/laurence/Muse_assessment/src/extract_crypto.py']
[2025-02-24T13:40:36.625+0800] {subprocess.py:99} INFO - Output:
[2025-02-24T13:40:54.258+0800] {subprocess.py:106} INFO - /mnt/c/Users/User/laurence/Muse_assessment/src/extract_crypto.py:45 MovedIn20Warning: Deprecated API features detected! These feature(s) are not compatible with SQLAlchemy 2.0. To prevent incompatible upgrades prior to updating applications, ensure requirements files are pinned to "sqlalchemy<2.0". Set environment variable SQLALCHEMY_WARN_20=1 to show all deprecation warnings.  Set environment variable SQLALCHEMY_SILENCE_UBER_WARNING=1 to silence this message. (Background on SQLAlchemy 2.0 at: https://sqlalche.me/e/b8d9)
[2025-02-24T13:40:54.264+0800] {subprocess.py:106} INFO - reset new handlers!
[2025-02-24T13:40:54.266+0800] {subprocess.py:106} INFO - Start extracting bitcoin real-time price...
[2025-02-24T13:40:54.268+0800] {subprocess.py:106} INFO - [2025-02-24T13:40:54.259+0800] {extract_crypto.py:131} INFO - 2025-02-24 13:40:54.259622 Start extracting bitcoin real-time price...
[2025-02-24T13:40:54.406+0800] {subprocess.py:106} INFO - Done data extraction. Start storing to DB...
[2025-02-24T13:40:54.409+0800] {subprocess.py:106} INFO - [2025-02-24T13:40:54.402+0800] {extract_crypto.py:105} INFO - Done data extraction. Start storing to DB...
[2025-02-24T13:40:54.417+0800] {subprocess.py:106} INFO - 2025-02-24 13:40:54,417 INFO sqlalchemy.engine.Engine select pg_catalog.version()
[2025-02-24T13:40:54.419+0800] {subprocess.py:106} INFO - [2025-02-24T13:40:54.417+0800] {base.py:1863} INFO - select pg_catalog.version()
[2025-02-24T13:40:54.421+0800] {subprocess.py:106} INFO - 2025-02-24 13:40:54,418 INFO sqlalchemy.engine.Engine [raw sql] {}
[2025-02-24T13:40:54.424+0800] {subprocess.py:106} INFO - [2025-02-24T13:40:54.418+0800] {base.py:1868} INFO - [raw sql] {}
[2025-02-24T13:40:54.426+0800] {subprocess.py:106} INFO - 2025-02-24 13:40:54,420 INFO sqlalchemy.engine.Engine select current_schema()
[2025-02-24T13:40:54.428+0800] {subprocess.py:106} INFO - [2025-02-24T13:40:54.420+0800] {base.py:1863} INFO - select current_schema()
[2025-02-24T13:40:54.430+0800] {subprocess.py:106} INFO - 2025-02-24 13:40:54,421 INFO sqlalchemy.engine.Engine [raw sql] {}
[2025-02-24T13:40:54.432+0800] {subprocess.py:106} INFO - [2025-02-24T13:40:54.421+0800] {base.py:1868} INFO - [raw sql] {}
[2025-02-24T13:40:54.434+0800] {subprocess.py:106} INFO - 2025-02-24 13:40:54,423 INFO sqlalchemy.engine.Engine show standard_conforming_strings
[2025-02-24T13:40:54.437+0800] {subprocess.py:106} INFO - [2025-02-24T13:40:54.423+0800] {base.py:1863} INFO - show standard_conforming_strings
[2025-02-24T13:40:54.440+0800] {subprocess.py:106} INFO - 2025-02-24 13:40:54,423 INFO sqlalchemy.engine.Engine [raw sql] {}
[2025-02-24T13:40:54.442+0800] {subprocess.py:106} INFO - [2025-02-24T13:40:54.423+0800] {base.py:1868} INFO - [raw sql] {}
[2025-02-24T13:40:54.446+0800] {subprocess.py:106} INFO - 2025-02-24 13:40:54,425 INFO sqlalchemy.engine.Engine BEGIN (implicit)
[2025-02-24T13:40:54.450+0800] {subprocess.py:106} INFO - [2025-02-24T13:40:54.425+0800] {base.py:1032} INFO - BEGIN (implicit)
[2025-02-24T13:40:54.453+0800] {subprocess.py:106} INFO - 2025-02-24 13:40:54,427 INFO sqlalchemy.engine.Engine INSERT INTO muse_project (update_time, crypto_name, price, hour_change_rate, volume) VALUES (%(update_time)s, %(crypto_name)s, %(price)s, %(hour_change_rate)s, %(volume)s)
[2025-02-24T13:40:54.457+0800] {subprocess.py:106} INFO - [2025-02-24T13:40:54.427+0800] {base.py:1863} INFO - INSERT INTO muse_project (update_time, crypto_name, price, hour_change_rate, volume) VALUES (%(update_time)s, %(crypto_name)s, %(price)s, %(hour_change_rate)s, %(volume)s)
[2025-02-24T13:40:54.462+0800] {subprocess.py:106} INFO - 2025-02-24 13:40:54,428 INFO sqlalchemy.engine.Engine [generated in 0.00120s] ({'update_time': datetime.datetime(2025, 2, 24, 13, 40, 54, 402104), 'crypto_name': 'Bitcoin', 'price': 95627.04, 'hour_change_rate': 0.48, 'volume': 22085473939.0}, {'update_time': datetime.datetime(2025, 2, 24, 13, 40, 54, 402212), 'crypto_name': 'Ethereum', 'price': 2720.86, 'hour_change_rate': 0.9, 'volume': 24346176563.0}, {'update_time': datetime.datetime(2025, 2, 24, 13, 40, 54, 402307), 'crypto_name': 'XRP', 'price': 2.49, 'hour_change_rate': 0.97, 'volume': 3396927746.0}, {'update_time': datetime.datetime(2025, 2, 24, 13, 40, 54, 402420), 'crypto_name': 'Tether', 'price': 1.0, 'hour_change_rate': 0.01, 'volume': 63699067930.0}, {'update_time': datetime.datetime(2025, 2, 24, 13, 40, 54, 402511), 'crypto_name': 'BNB', 'price': 644.3, 'hour_change_rate': 0.47, 'volume': 1551416736.0}, {'update_time': datetime.datetime(2025, 2, 24, 13, 40, 54, 402599), 'crypto_name': 'Solana', 'price': 159.8, 'hour_change_rate': 0.14, 'volume': 2628427517.0}, {'update_time': datetime.datetime(2025, 2, 24, 13, 40, 54, 402687), 'crypto_name': 'USDC', 'price': 0.9999, 'hour_change_rate': 0.0, 'volume': 6078224248.0}, {'update_time': datetime.datetime(2025, 2, 24, 13, 40, 54, 402774), 'crypto_name': 'Dogecoin', 'price': 0.2317, 'hour_change_rate': 1.43, 'volume': 1134781068.0}, {'update_time': datetime.datetime(2025, 2, 24, 13, 40, 54, 402861), 'crypto_name': 'Cardano', 'price': 0.7398, 'hour_change_rate': 0.66, 'volume': 560507551.0}, {'update_time': datetime.datetime(2025, 2, 24, 13, 40, 54, 402947), 'crypto_name': 'TRON', 'price': 0.2429, 'hour_change_rate': 0.19, 'volume': 452846691.0})
[2025-02-24T13:40:54.465+0800] {subprocess.py:106} INFO - [2025-02-24T13:40:54.428+0800] {base.py:1868} INFO - [generated in 0.00120s] ({'update_time': datetime.datetime(2025, 2, 24, 13, 40, 54, 402104), 'crypto_name': 'Bitcoin', 'price': 95627.04, 'hour_change_rate': 0.48, 'volume': 22085473939.0}, {'update_time': datetime.datetime(2025, 2, 24, 13, 40, 54, 402212), 'crypto_name': 'Ethereum', 'price': 2720.86, 'hour_change_rate': 0.9, 'volume': 24346176563.0}, {'update_time': datetime.datetime(2025, 2, 24, 13, 40, 54, 402307), 'crypto_name': 'XRP', 'price': 2.49, 'hour_change_rate': 0.97, 'volume': 3396927746.0}, {'update_time': datetime.datetime(2025, 2, 24, 13, 40, 54, 402420), 'crypto_name': 'Tether', 'price': 1.0, 'hour_change_rate': 0.01, 'volume': 63699067930.0}, {'update_time': datetime.datetime(2025, 2, 24, 13, 40, 54, 402511), 'crypto_name': 'BNB', 'price': 644.3, 'hour_change_rate': 0.47, 'volume': 1551416736.0}, {'update_time': datetime.datetime(2025, 2, 24, 13, 40, 54, 402599), 'crypto_name': 'Solana', 'price': 159.8, 'hour_change_rate': 0.14, 'volume': 2628427517.0}, {'update_time': datetime.datetime(2025, 2, 24, 13, 40, 54, 402687), 'crypto_name': 'USDC', 'price': 0.9999, 'hour_change_rate': 0.0, 'volume': 6078224248.0}, {'update_time': datetime.datetime(2025, 2, 24, 13, 40, 54, 402774), 'crypto_name': 'Dogecoin', 'price': 0.2317, 'hour_change_rate': 1.43, 'volume': 1134781068.0}, {'update_time': datetime.datetime(2025, 2, 24, 13, 40, 54, 402861), 'crypto_name': 'Cardano', 'price': 0.7398, 'hour_change_rate': 0.66, 'volume': 560507551.0}, {'update_time': datetime.datetime(2025, 2, 24, 13, 40, 54, 402947), 'crypto_name': 'TRON', 'price': 0.2429, 'hour_change_rate': 0.19, 'volume': 452846691.0})
[2025-02-24T13:40:54.467+0800] {subprocess.py:106} INFO - 2025-02-24 13:40:54,431 INFO sqlalchemy.engine.Engine COMMIT
[2025-02-24T13:40:54.470+0800] {subprocess.py:106} INFO - [2025-02-24T13:40:54.431+0800] {base.py:1092} INFO - COMMIT
[2025-02-24T13:40:54.473+0800] {subprocess.py:106} INFO - Done bulk insert.
[2025-02-24T13:40:54.476+0800] {subprocess.py:106} INFO - Done price extraction.
[2025-02-24T13:40:54.481+0800] {subprocess.py:106} INFO - [2025-02-24T13:40:54.437+0800] {extract_crypto.py:135} INFO - 2025-02-24 13:40:54.437663 Done price extraction.
[2025-02-24T13:40:54.650+0800] {subprocess.py:110} INFO - Command exited with return code 0
[2025-02-24T13:40:54.712+0800] {taskinstance.py:341} INFO - ::group::Post task execution logs
[2025-02-24T13:40:54.714+0800] {taskinstance.py:353} INFO - Marking task as SUCCESS. dag_id=muse_dag, task_id=extract_crypto_data, run_id=scheduled__2025-02-24T05:30:00+00:00, execution_date=20250224T053000, start_date=20250224T054036, end_date=20250224T054054
[2025-02-24T13:40:54.805+0800] {logging_mixin.py:190} INFO - Task instance in success state
[2025-02-24T13:40:54.808+0800] {logging_mixin.py:190} INFO -  Previous state of the Task instance: running
[2025-02-24T13:40:54.810+0800] {logging_mixin.py:190} INFO - Dag name:muse_dag queued_at:2025-02-24 05:40:01.646097+00:00
[2025-02-24T13:40:54.812+0800] {logging_mixin.py:190} INFO - Task hostname:LAPTOP-7NCGBFK9. operator:BashOperator
[2025-02-24T13:40:54.829+0800] {local_task_job_runner.py:266} INFO - Task exited with return code 0
[2025-02-24T13:40:54.855+0800] {taskinstance.py:3901} INFO - 0 downstream tasks scheduled from follow-on schedule check
[2025-02-24T13:40:54.858+0800] {local_task_job_runner.py:245} INFO - ::endgroup::
