[2025-02-24T11:08:35.132+0800] {local_task_job_runner.py:123} INFO - ::group::Pre task execution logs
[2025-02-24T11:08:35.149+0800] {taskinstance.py:2614} INFO - Dependencies all met for dep_context=non-requeueable deps ti=<TaskInstance: muse_dag.extract_crypto_data scheduled__2025-02-23T11:10:00+00:00 [queued]>
[2025-02-24T11:08:35.159+0800] {taskinstance.py:2614} INFO - Dependencies all met for dep_context=requeueable deps ti=<TaskInstance: muse_dag.extract_crypto_data scheduled__2025-02-23T11:10:00+00:00 [queued]>
[2025-02-24T11:08:35.160+0800] {taskinstance.py:2867} INFO - Starting attempt 1 of 2
[2025-02-24T11:08:35.192+0800] {taskinstance.py:2890} INFO - Executing <Task(BashOperator): extract_crypto_data> on 2025-02-23 11:10:00+00:00
[2025-02-24T11:08:35.195+0800] {standard_task_runner.py:72} INFO - Started process 61011 to run task
[2025-02-24T11:08:35.198+0800] {standard_task_runner.py:104} INFO - Running: ['airflow', 'tasks', 'run', 'muse_dag', 'extract_crypto_data', 'scheduled__2025-02-23T11:10:00+00:00', '--job-id', '32', '--raw', '--subdir', 'DAGS_FOLDER/muse_dag.py', '--cfg-path', '/tmp/tmpll12mdce']
[2025-02-24T11:08:35.200+0800] {standard_task_runner.py:105} INFO - Job 32: Subtask extract_crypto_data
[2025-02-24T11:08:35.322+0800] {task_command.py:467} INFO - Running <TaskInstance: muse_dag.extract_crypto_data scheduled__2025-02-23T11:10:00+00:00 [running]> on host LAPTOP-7NCGBFK9.
[2025-02-24T11:08:35.562+0800] {taskinstance.py:3134} INFO - Exporting env vars: AIRFLOW_CTX_DAG_OWNER='laurence' AIRFLOW_CTX_DAG_ID='muse_dag' AIRFLOW_CTX_TASK_ID='extract_crypto_data' AIRFLOW_CTX_EXECUTION_DATE='2025-02-23T11:10:00+00:00' AIRFLOW_CTX_TRY_NUMBER='1' AIRFLOW_CTX_DAG_RUN_ID='scheduled__2025-02-23T11:10:00+00:00'
[2025-02-24T11:08:35.565+0800] {logging_mixin.py:190} INFO - Task instance is in running state
[2025-02-24T11:08:35.568+0800] {logging_mixin.py:190} INFO -  Previous state of the Task instance: queued
[2025-02-24T11:08:35.570+0800] {logging_mixin.py:190} INFO - Current task name:extract_crypto_data state:running start_date:2025-02-24 03:08:35.150891+00:00
[2025-02-24T11:08:35.571+0800] {logging_mixin.py:190} INFO - Dag name:muse_dag and current dag run status:running
[2025-02-24T11:08:35.574+0800] {taskinstance.py:732} INFO - ::endgroup::
[2025-02-24T11:08:35.585+0800] {subprocess.py:78} INFO - Tmp dir root location: /tmp
[2025-02-24T11:08:35.587+0800] {subprocess.py:88} INFO - Running command: ['/usr/bin/bash', '-c', '/mnt/c/Users/User/laurence/Muse_assessment/muse_env/bin/python3 /mnt/c/Users/User/laurence/Muse_assessment/src/extract_crypto.py']
[2025-02-24T11:08:35.594+0800] {subprocess.py:99} INFO - Output:
[2025-02-24T11:08:52.556+0800] {subprocess.py:106} INFO - /mnt/c/Users/User/laurence/Muse_assessment/src/extract_crypto.py:45 MovedIn20Warning: Deprecated API features detected! These feature(s) are not compatible with SQLAlchemy 2.0. To prevent incompatible upgrades prior to updating applications, ensure requirements files are pinned to "sqlalchemy<2.0". Set environment variable SQLALCHEMY_WARN_20=1 to show all deprecation warnings.  Set environment variable SQLALCHEMY_SILENCE_UBER_WARNING=1 to silence this message. (Background on SQLAlchemy 2.0 at: https://sqlalche.me/e/b8d9)
[2025-02-24T11:08:52.563+0800] {subprocess.py:106} INFO - reset new handlers!
[2025-02-24T11:08:52.564+0800] {subprocess.py:106} INFO - Start extracting bitcoin real-time price...
[2025-02-24T11:08:52.567+0800] {subprocess.py:106} INFO - [2025-02-24T11:08:52.557+0800] {extract_crypto.py:131} INFO - 2025-02-24 11:08:52.557318 Start extracting bitcoin real-time price...
[2025-02-24T11:08:52.661+0800] {subprocess.py:106} INFO - Done data extraction. Start storing to DB...
[2025-02-24T11:08:52.665+0800] {subprocess.py:106} INFO - [2025-02-24T11:08:52.658+0800] {extract_crypto.py:105} INFO - Done data extraction. Start storing to DB...
[2025-02-24T11:08:52.674+0800] {subprocess.py:106} INFO - 2025-02-24 11:08:52,673 INFO sqlalchemy.engine.Engine select pg_catalog.version()
[2025-02-24T11:08:52.677+0800] {subprocess.py:106} INFO - [2025-02-24T11:08:52.673+0800] {base.py:1863} INFO - select pg_catalog.version()
[2025-02-24T11:08:52.683+0800] {subprocess.py:106} INFO - 2025-02-24 11:08:52,676 INFO sqlalchemy.engine.Engine [raw sql] {}
[2025-02-24T11:08:52.687+0800] {subprocess.py:106} INFO - [2025-02-24T11:08:52.676+0800] {base.py:1868} INFO - [raw sql] {}
[2025-02-24T11:08:52.688+0800] {subprocess.py:106} INFO - 2025-02-24 11:08:52,680 INFO sqlalchemy.engine.Engine select current_schema()
[2025-02-24T11:08:52.690+0800] {subprocess.py:106} INFO - [2025-02-24T11:08:52.680+0800] {base.py:1863} INFO - select current_schema()
[2025-02-24T11:08:52.692+0800] {subprocess.py:106} INFO - 2025-02-24 11:08:52,682 INFO sqlalchemy.engine.Engine [raw sql] {}
[2025-02-24T11:08:52.695+0800] {subprocess.py:106} INFO - [2025-02-24T11:08:52.682+0800] {base.py:1868} INFO - [raw sql] {}
[2025-02-24T11:08:52.696+0800] {subprocess.py:106} INFO - 2025-02-24 11:08:52,686 INFO sqlalchemy.engine.Engine show standard_conforming_strings
[2025-02-24T11:08:52.698+0800] {subprocess.py:106} INFO - [2025-02-24T11:08:52.686+0800] {base.py:1863} INFO - show standard_conforming_strings
[2025-02-24T11:08:52.700+0800] {subprocess.py:106} INFO - 2025-02-24 11:08:52,688 INFO sqlalchemy.engine.Engine [raw sql] {}
[2025-02-24T11:08:52.702+0800] {subprocess.py:106} INFO - [2025-02-24T11:08:52.688+0800] {base.py:1868} INFO - [raw sql] {}
[2025-02-24T11:08:52.704+0800] {subprocess.py:106} INFO - 2025-02-24 11:08:52,690 INFO sqlalchemy.engine.Engine BEGIN (implicit)
[2025-02-24T11:08:52.706+0800] {subprocess.py:106} INFO - [2025-02-24T11:08:52.690+0800] {base.py:1032} INFO - BEGIN (implicit)
[2025-02-24T11:08:52.707+0800] {subprocess.py:106} INFO - 2025-02-24 11:08:52,691 INFO sqlalchemy.engine.Engine INSERT INTO muse_project (update_time, crypto_name, price, hour_change_rate, volume) VALUES (%(update_time)s, %(crypto_name)s, %(price)s, %(hour_change_rate)s, %(volume)s)
[2025-02-24T11:08:52.709+0800] {subprocess.py:106} INFO - [2025-02-24T11:08:52.691+0800] {base.py:1863} INFO - INSERT INTO muse_project (update_time, crypto_name, price, hour_change_rate, volume) VALUES (%(update_time)s, %(crypto_name)s, %(price)s, %(hour_change_rate)s, %(volume)s)
[2025-02-24T11:08:52.711+0800] {subprocess.py:106} INFO - 2025-02-24 11:08:52,692 INFO sqlalchemy.engine.Engine [generated in 0.00101s] ({'update_time': datetime.datetime(2025, 2, 24, 11, 8, 52, 657404), 'crypto_name': 'Bitcoin', 'price': 95725.95, 'hour_change_rate': -0.2, 'volume': 18749239676.0}, {'update_time': datetime.datetime(2025, 2, 24, 11, 8, 52, 657537), 'crypto_name': 'Ethereum', 'price': 2765.18, 'hour_change_rate': -0.85, 'volume': 20848198786.0}, {'update_time': datetime.datetime(2025, 2, 24, 11, 8, 52, 657654), 'crypto_name': 'XRP', 'price': 2.53, 'hour_change_rate': -0.7, 'volume': 2501650755.0}, {'update_time': datetime.datetime(2025, 2, 24, 11, 8, 52, 657756), 'crypto_name': 'Tether', 'price': 1.0, 'hour_change_rate': 0.01, 'volume': 57373254723.0}, {'update_time': datetime.datetime(2025, 2, 24, 11, 8, 52, 657853), 'crypto_name': 'BNB', 'price': 648.94, 'hour_change_rate': -0.35, 'volume': 1484873508.0}, {'update_time': datetime.datetime(2025, 2, 24, 11, 8, 52, 657949), 'crypto_name': 'Solana', 'price': 162.6, 'hour_change_rate': -0.7, 'volume': 1960402436.0}, {'update_time': datetime.datetime(2025, 2, 24, 11, 8, 52, 658046), 'crypto_name': 'USDC', 'price': 0.9999, 'hour_change_rate': 0.0, 'volume': 5060097927.0}, {'update_time': datetime.datetime(2025, 2, 24, 11, 8, 52, 658142), 'crypto_name': 'Dogecoin', 'price': 0.2349, 'hour_change_rate': -1.74, 'volume': 819590031.0}, {'update_time': datetime.datetime(2025, 2, 24, 11, 8, 52, 658239), 'crypto_name': 'Cardano', 'price': 0.7569, 'hour_change_rate': -1.05, 'volume': 512037431.0}, {'update_time': datetime.datetime(2025, 2, 24, 11, 8, 52, 658336), 'crypto_name': 'TRON', 'price': 0.2448, 'hour_change_rate': -0.03, 'volume': 433575769.0})
[2025-02-24T11:08:52.714+0800] {subprocess.py:106} INFO - [2025-02-24T11:08:52.692+0800] {base.py:1868} INFO - [generated in 0.00101s] ({'update_time': datetime.datetime(2025, 2, 24, 11, 8, 52, 657404), 'crypto_name': 'Bitcoin', 'price': 95725.95, 'hour_change_rate': -0.2, 'volume': 18749239676.0}, {'update_time': datetime.datetime(2025, 2, 24, 11, 8, 52, 657537), 'crypto_name': 'Ethereum', 'price': 2765.18, 'hour_change_rate': -0.85, 'volume': 20848198786.0}, {'update_time': datetime.datetime(2025, 2, 24, 11, 8, 52, 657654), 'crypto_name': 'XRP', 'price': 2.53, 'hour_change_rate': -0.7, 'volume': 2501650755.0}, {'update_time': datetime.datetime(2025, 2, 24, 11, 8, 52, 657756), 'crypto_name': 'Tether', 'price': 1.0, 'hour_change_rate': 0.01, 'volume': 57373254723.0}, {'update_time': datetime.datetime(2025, 2, 24, 11, 8, 52, 657853), 'crypto_name': 'BNB', 'price': 648.94, 'hour_change_rate': -0.35, 'volume': 1484873508.0}, {'update_time': datetime.datetime(2025, 2, 24, 11, 8, 52, 657949), 'crypto_name': 'Solana', 'price': 162.6, 'hour_change_rate': -0.7, 'volume': 1960402436.0}, {'update_time': datetime.datetime(2025, 2, 24, 11, 8, 52, 658046), 'crypto_name': 'USDC', 'price': 0.9999, 'hour_change_rate': 0.0, 'volume': 5060097927.0}, {'update_time': datetime.datetime(2025, 2, 24, 11, 8, 52, 658142), 'crypto_name': 'Dogecoin', 'price': 0.2349, 'hour_change_rate': -1.74, 'volume': 819590031.0}, {'update_time': datetime.datetime(2025, 2, 24, 11, 8, 52, 658239), 'crypto_name': 'Cardano', 'price': 0.7569, 'hour_change_rate': -1.05, 'volume': 512037431.0}, {'update_time': datetime.datetime(2025, 2, 24, 11, 8, 52, 658336), 'crypto_name': 'TRON', 'price': 0.2448, 'hour_change_rate': -0.03, 'volume': 433575769.0})
[2025-02-24T11:08:52.716+0800] {subprocess.py:106} INFO - 2025-02-24 11:08:52,695 INFO sqlalchemy.engine.Engine COMMIT
[2025-02-24T11:08:52.718+0800] {subprocess.py:106} INFO - [2025-02-24T11:08:52.695+0800] {base.py:1092} INFO - COMMIT
[2025-02-24T11:08:52.720+0800] {subprocess.py:106} INFO - Done bulk insert.
[2025-02-24T11:08:52.722+0800] {subprocess.py:106} INFO - Done price extraction.
[2025-02-24T11:08:52.724+0800] {subprocess.py:106} INFO - [2025-02-24T11:08:52.698+0800] {extract_crypto.py:135} INFO - 2025-02-24 11:08:52.698401 Done price extraction.
[2025-02-24T11:08:52.902+0800] {subprocess.py:110} INFO - Command exited with return code 0
[2025-02-24T11:08:52.959+0800] {taskinstance.py:341} INFO - ::group::Post task execution logs
[2025-02-24T11:08:52.961+0800] {taskinstance.py:353} INFO - Marking task as SUCCESS. dag_id=muse_dag, task_id=extract_crypto_data, run_id=scheduled__2025-02-23T11:10:00+00:00, execution_date=20250223T111000, start_date=20250224T030835, end_date=20250224T030852
[2025-02-24T11:08:53.065+0800] {logging_mixin.py:190} INFO - Task instance in success state
[2025-02-24T11:08:53.067+0800] {logging_mixin.py:190} INFO -  Previous state of the Task instance: running
[2025-02-24T11:08:53.070+0800] {logging_mixin.py:190} INFO - Dag name:muse_dag queued_at:2025-02-24 03:07:19.138870+00:00
[2025-02-24T11:08:53.074+0800] {logging_mixin.py:190} INFO - Task hostname:LAPTOP-7NCGBFK9. operator:BashOperator
[2025-02-24T11:08:53.085+0800] {local_task_job_runner.py:266} INFO - Task exited with return code 0
[2025-02-24T11:08:53.110+0800] {taskinstance.py:3901} INFO - 0 downstream tasks scheduled from follow-on schedule check
[2025-02-24T11:08:53.113+0800] {local_task_job_runner.py:245} INFO - ::endgroup::
