[2025-02-24T11:07:47.865+0800] {local_task_job_runner.py:123} INFO - ::group::Pre task execution logs
[2025-02-24T11:07:47.886+0800] {taskinstance.py:2614} INFO - Dependencies all met for dep_context=non-requeueable deps ti=<TaskInstance: muse_dag.extract_crypto_data scheduled__2025-02-23T11:00:00+00:00 [queued]>
[2025-02-24T11:07:47.897+0800] {taskinstance.py:2614} INFO - Dependencies all met for dep_context=requeueable deps ti=<TaskInstance: muse_dag.extract_crypto_data scheduled__2025-02-23T11:00:00+00:00 [queued]>
[2025-02-24T11:07:47.898+0800] {taskinstance.py:2867} INFO - Starting attempt 1 of 2
[2025-02-24T11:07:47.929+0800] {taskinstance.py:2890} INFO - Executing <Task(BashOperator): extract_crypto_data> on 2025-02-23 11:00:00+00:00
[2025-02-24T11:07:47.932+0800] {standard_task_runner.py:72} INFO - Started process 60646 to run task
[2025-02-24T11:07:47.935+0800] {standard_task_runner.py:104} INFO - Running: ['airflow', 'tasks', 'run', 'muse_dag', 'extract_crypto_data', 'scheduled__2025-02-23T11:00:00+00:00', '--job-id', '31', '--raw', '--subdir', 'DAGS_FOLDER/muse_dag.py', '--cfg-path', '/tmp/tmplsy72f2q']
[2025-02-24T11:07:47.937+0800] {standard_task_runner.py:105} INFO - Job 31: Subtask extract_crypto_data
[2025-02-24T11:07:48.006+0800] {task_command.py:467} INFO - Running <TaskInstance: muse_dag.extract_crypto_data scheduled__2025-02-23T11:00:00+00:00 [running]> on host LAPTOP-7NCGBFK9.
[2025-02-24T11:07:48.114+0800] {taskinstance.py:3134} INFO - Exporting env vars: AIRFLOW_CTX_DAG_OWNER='laurence' AIRFLOW_CTX_DAG_ID='muse_dag' AIRFLOW_CTX_TASK_ID='extract_crypto_data' AIRFLOW_CTX_EXECUTION_DATE='2025-02-23T11:00:00+00:00' AIRFLOW_CTX_TRY_NUMBER='1' AIRFLOW_CTX_DAG_RUN_ID='scheduled__2025-02-23T11:00:00+00:00'
[2025-02-24T11:07:48.118+0800] {logging_mixin.py:190} INFO - Task instance is in running state
[2025-02-24T11:07:48.121+0800] {logging_mixin.py:190} INFO -  Previous state of the Task instance: queued
[2025-02-24T11:07:48.125+0800] {logging_mixin.py:190} INFO - Current task name:extract_crypto_data state:running start_date:2025-02-24 03:07:47.887210+00:00
[2025-02-24T11:07:48.127+0800] {logging_mixin.py:190} INFO - Dag name:muse_dag and current dag run status:running
[2025-02-24T11:07:48.130+0800] {taskinstance.py:732} INFO - ::endgroup::
[2025-02-24T11:07:48.142+0800] {subprocess.py:78} INFO - Tmp dir root location: /tmp
[2025-02-24T11:07:48.145+0800] {subprocess.py:88} INFO - Running command: ['/usr/bin/bash', '-c', '/mnt/c/Users/User/laurence/Muse_assessment/muse_env/bin/python3 /mnt/c/Users/User/laurence/Muse_assessment/src/extract_crypto.py']
[2025-02-24T11:07:48.152+0800] {subprocess.py:99} INFO - Output:
[2025-02-24T11:08:02.213+0800] {subprocess.py:106} INFO - /mnt/c/Users/User/laurence/Muse_assessment/src/extract_crypto.py:45 MovedIn20Warning: Deprecated API features detected! These feature(s) are not compatible with SQLAlchemy 2.0. To prevent incompatible upgrades prior to updating applications, ensure requirements files are pinned to "sqlalchemy<2.0". Set environment variable SQLALCHEMY_WARN_20=1 to show all deprecation warnings.  Set environment variable SQLALCHEMY_SILENCE_UBER_WARNING=1 to silence this message. (Background on SQLAlchemy 2.0 at: https://sqlalche.me/e/b8d9)
[2025-02-24T11:08:02.220+0800] {subprocess.py:106} INFO - reset new handlers!
[2025-02-24T11:08:02.222+0800] {subprocess.py:106} INFO - Start extracting bitcoin real-time price...
[2025-02-24T11:08:02.224+0800] {subprocess.py:106} INFO - [2025-02-24T11:08:02.214+0800] {extract_crypto.py:131} INFO - 2025-02-24 11:08:02.214475 Start extracting bitcoin real-time price...
[2025-02-24T11:08:02.346+0800] {subprocess.py:106} INFO - Done data extraction. Start storing to DB...
[2025-02-24T11:08:02.350+0800] {subprocess.py:106} INFO - [2025-02-24T11:08:02.342+0800] {extract_crypto.py:105} INFO - Done data extraction. Start storing to DB...
[2025-02-24T11:08:02.359+0800] {subprocess.py:106} INFO - 2025-02-24 11:08:02,359 INFO sqlalchemy.engine.Engine select pg_catalog.version()
[2025-02-24T11:08:02.362+0800] {subprocess.py:106} INFO - [2025-02-24T11:08:02.359+0800] {base.py:1863} INFO - select pg_catalog.version()
[2025-02-24T11:08:02.365+0800] {subprocess.py:106} INFO - 2025-02-24 11:08:02,361 INFO sqlalchemy.engine.Engine [raw sql] {}
[2025-02-24T11:08:02.368+0800] {subprocess.py:106} INFO - [2025-02-24T11:08:02.361+0800] {base.py:1868} INFO - [raw sql] {}
[2025-02-24T11:08:02.370+0800] {subprocess.py:106} INFO - 2025-02-24 11:08:02,363 INFO sqlalchemy.engine.Engine select current_schema()
[2025-02-24T11:08:02.372+0800] {subprocess.py:106} INFO - [2025-02-24T11:08:02.363+0800] {base.py:1863} INFO - select current_schema()
[2025-02-24T11:08:02.374+0800] {subprocess.py:106} INFO - 2025-02-24 11:08:02,365 INFO sqlalchemy.engine.Engine [raw sql] {}
[2025-02-24T11:08:02.376+0800] {subprocess.py:106} INFO - [2025-02-24T11:08:02.365+0800] {base.py:1868} INFO - [raw sql] {}
[2025-02-24T11:08:02.378+0800] {subprocess.py:106} INFO - 2025-02-24 11:08:02,366 INFO sqlalchemy.engine.Engine show standard_conforming_strings
[2025-02-24T11:08:02.379+0800] {subprocess.py:106} INFO - [2025-02-24T11:08:02.366+0800] {base.py:1863} INFO - show standard_conforming_strings
[2025-02-24T11:08:02.381+0800] {subprocess.py:106} INFO - 2025-02-24 11:08:02,368 INFO sqlalchemy.engine.Engine [raw sql] {}
[2025-02-24T11:08:02.384+0800] {subprocess.py:106} INFO - [2025-02-24T11:08:02.368+0800] {base.py:1868} INFO - [raw sql] {}
[2025-02-24T11:08:02.386+0800] {subprocess.py:106} INFO - 2025-02-24 11:08:02,370 INFO sqlalchemy.engine.Engine BEGIN (implicit)
[2025-02-24T11:08:02.388+0800] {subprocess.py:106} INFO - [2025-02-24T11:08:02.370+0800] {base.py:1032} INFO - BEGIN (implicit)
[2025-02-24T11:08:02.392+0800] {subprocess.py:106} INFO - 2025-02-24 11:08:02,372 INFO sqlalchemy.engine.Engine INSERT INTO muse_project (update_time, crypto_name, price, hour_change_rate, volume) VALUES (%(update_time)s, %(crypto_name)s, %(price)s, %(hour_change_rate)s, %(volume)s)
[2025-02-24T11:08:02.394+0800] {subprocess.py:106} INFO - [2025-02-24T11:08:02.372+0800] {base.py:1863} INFO - INSERT INTO muse_project (update_time, crypto_name, price, hour_change_rate, volume) VALUES (%(update_time)s, %(crypto_name)s, %(price)s, %(hour_change_rate)s, %(volume)s)
[2025-02-24T11:08:02.396+0800] {subprocess.py:106} INFO - 2025-02-24 11:08:02,373 INFO sqlalchemy.engine.Engine [generated in 0.00115s] ({'update_time': datetime.datetime(2025, 2, 24, 11, 8, 2, 341267), 'crypto_name': 'Bitcoin', 'price': 95747.08, 'hour_change_rate': -0.13, 'volume': 19570329133.0}, {'update_time': datetime.datetime(2025, 2, 24, 11, 8, 2, 341456), 'crypto_name': 'Ethereum', 'price': 2768.92, 'hour_change_rate': -0.75, 'volume': 21519743857.0}, {'update_time': datetime.datetime(2025, 2, 24, 11, 8, 2, 341607), 'crypto_name': 'XRP', 'price': 2.54, 'hour_change_rate': -0.4, 'volume': 2500336559.0}, {'update_time': datetime.datetime(2025, 2, 24, 11, 8, 2, 341750), 'crypto_name': 'Tether', 'price': 1.0, 'hour_change_rate': 0.02, 'volume': 57620074685.0}, {'update_time': datetime.datetime(2025, 2, 24, 11, 8, 2, 341891), 'crypto_name': 'BNB', 'price': 649.89, 'hour_change_rate': -0.19, 'volume': 1484682766.0}, {'update_time': datetime.datetime(2025, 2, 24, 11, 8, 2, 342027), 'crypto_name': 'Solana', 'price': 163.08, 'hour_change_rate': -0.32, 'volume': 1957988825.0}, {'update_time': datetime.datetime(2025, 2, 24, 11, 8, 2, 342286), 'crypto_name': 'USDC', 'price': 0.9999, 'hour_change_rate': 0.0, 'volume': 5124310223.0}, {'update_time': datetime.datetime(2025, 2, 24, 11, 8, 2, 342442), 'crypto_name': 'Dogecoin', 'price': 0.2349, 'hour_change_rate': -1.85, 'volume': 807362655.0}, {'update_time': datetime.datetime(2025, 2, 24, 11, 8, 2, 342580), 'crypto_name': 'Cardano', 'price': 0.7573, 'hour_change_rate': -0.99, 'volume': 512247485.0}, {'update_time': datetime.datetime(2025, 2, 24, 11, 8, 2, 342716), 'crypto_name': 'TRON', 'price': 0.2448, 'hour_change_rate': -0.01, 'volume': 433694439.0})
[2025-02-24T11:08:02.399+0800] {subprocess.py:106} INFO - [2025-02-24T11:08:02.373+0800] {base.py:1868} INFO - [generated in 0.00115s] ({'update_time': datetime.datetime(2025, 2, 24, 11, 8, 2, 341267), 'crypto_name': 'Bitcoin', 'price': 95747.08, 'hour_change_rate': -0.13, 'volume': 19570329133.0}, {'update_time': datetime.datetime(2025, 2, 24, 11, 8, 2, 341456), 'crypto_name': 'Ethereum', 'price': 2768.92, 'hour_change_rate': -0.75, 'volume': 21519743857.0}, {'update_time': datetime.datetime(2025, 2, 24, 11, 8, 2, 341607), 'crypto_name': 'XRP', 'price': 2.54, 'hour_change_rate': -0.4, 'volume': 2500336559.0}, {'update_time': datetime.datetime(2025, 2, 24, 11, 8, 2, 341750), 'crypto_name': 'Tether', 'price': 1.0, 'hour_change_rate': 0.02, 'volume': 57620074685.0}, {'update_time': datetime.datetime(2025, 2, 24, 11, 8, 2, 341891), 'crypto_name': 'BNB', 'price': 649.89, 'hour_change_rate': -0.19, 'volume': 1484682766.0}, {'update_time': datetime.datetime(2025, 2, 24, 11, 8, 2, 342027), 'crypto_name': 'Solana', 'price': 163.08, 'hour_change_rate': -0.32, 'volume': 1957988825.0}, {'update_time': datetime.datetime(2025, 2, 24, 11, 8, 2, 342286), 'crypto_name': 'USDC', 'price': 0.9999, 'hour_change_rate': 0.0, 'volume': 5124310223.0}, {'update_time': datetime.datetime(2025, 2, 24, 11, 8, 2, 342442), 'crypto_name': 'Dogecoin', 'price': 0.2349, 'hour_change_rate': -1.85, 'volume': 807362655.0}, {'update_time': datetime.datetime(2025, 2, 24, 11, 8, 2, 342580), 'crypto_name': 'Cardano', 'price': 0.7573, 'hour_change_rate': -0.99, 'volume': 512247485.0}, {'update_time': datetime.datetime(2025, 2, 24, 11, 8, 2, 342716), 'crypto_name': 'TRON', 'price': 0.2448, 'hour_change_rate': -0.01, 'volume': 433694439.0})
[2025-02-24T11:08:02.402+0800] {subprocess.py:106} INFO - 2025-02-24 11:08:02,375 INFO sqlalchemy.engine.Engine COMMIT
[2025-02-24T11:08:02.405+0800] {subprocess.py:106} INFO - [2025-02-24T11:08:02.375+0800] {base.py:1092} INFO - COMMIT
[2025-02-24T11:08:02.407+0800] {subprocess.py:106} INFO - Done bulk insert.
[2025-02-24T11:08:02.409+0800] {subprocess.py:106} INFO - Done price extraction.
[2025-02-24T11:08:02.412+0800] {subprocess.py:106} INFO - [2025-02-24T11:08:02.380+0800] {extract_crypto.py:135} INFO - 2025-02-24 11:08:02.380905 Done price extraction.
[2025-02-24T11:08:02.619+0800] {subprocess.py:110} INFO - Command exited with return code 0
[2025-02-24T11:08:02.694+0800] {taskinstance.py:341} INFO - ::group::Post task execution logs
[2025-02-24T11:08:02.697+0800] {taskinstance.py:353} INFO - Marking task as SUCCESS. dag_id=muse_dag, task_id=extract_crypto_data, run_id=scheduled__2025-02-23T11:00:00+00:00, execution_date=20250223T110000, start_date=20250224T030747, end_date=20250224T030802
[2025-02-24T11:08:02.778+0800] {logging_mixin.py:190} INFO - Task instance in success state
[2025-02-24T11:08:02.780+0800] {logging_mixin.py:190} INFO -  Previous state of the Task instance: running
[2025-02-24T11:08:02.782+0800] {logging_mixin.py:190} INFO - Dag name:muse_dag queued_at:2025-02-24 03:05:42.944925+00:00
[2025-02-24T11:08:02.784+0800] {logging_mixin.py:190} INFO - Task hostname:LAPTOP-7NCGBFK9. operator:BashOperator
[2025-02-24T11:08:02.795+0800] {local_task_job_runner.py:266} INFO - Task exited with return code 0
[2025-02-24T11:08:02.821+0800] {taskinstance.py:3901} INFO - 0 downstream tasks scheduled from follow-on schedule check
[2025-02-24T11:08:02.824+0800] {local_task_job_runner.py:245} INFO - ::endgroup::
