[2025-02-24T12:50:24.487+0800] {local_task_job_runner.py:123} INFO - ::group::Pre task execution logs
[2025-02-24T12:50:24.504+0800] {taskinstance.py:2614} INFO - Dependencies all met for dep_context=non-requeueable deps ti=<TaskInstance: muse_dag.extract_crypto_data scheduled__2025-02-24T04:40:00+00:00 [queued]>
[2025-02-24T12:50:24.514+0800] {taskinstance.py:2614} INFO - Dependencies all met for dep_context=requeueable deps ti=<TaskInstance: muse_dag.extract_crypto_data scheduled__2025-02-24T04:40:00+00:00 [queued]>
[2025-02-24T12:50:24.515+0800] {taskinstance.py:2867} INFO - Starting attempt 1 of 2
[2025-02-24T12:50:24.545+0800] {taskinstance.py:2890} INFO - Executing <Task(BashOperator): extract_crypto_data> on 2025-02-24 04:40:00+00:00
[2025-02-24T12:50:24.548+0800] {standard_task_runner.py:72} INFO - Started process 108682 to run task
[2025-02-24T12:50:24.551+0800] {standard_task_runner.py:104} INFO - Running: ['airflow', 'tasks', 'run', 'muse_dag', 'extract_crypto_data', 'scheduled__2025-02-24T04:40:00+00:00', '--job-id', '47', '--raw', '--subdir', 'DAGS_FOLDER/muse_dag.py', '--cfg-path', '/tmp/tmpl7s2rwza']
[2025-02-24T12:50:24.553+0800] {standard_task_runner.py:105} INFO - Job 47: Subtask extract_crypto_data
[2025-02-24T12:50:24.637+0800] {task_command.py:467} INFO - Running <TaskInstance: muse_dag.extract_crypto_data scheduled__2025-02-24T04:40:00+00:00 [running]> on host LAPTOP-7NCGBFK9.
[2025-02-24T12:50:24.827+0800] {taskinstance.py:3134} INFO - Exporting env vars: AIRFLOW_CTX_DAG_OWNER='laurence' AIRFLOW_CTX_DAG_ID='muse_dag' AIRFLOW_CTX_TASK_ID='extract_crypto_data' AIRFLOW_CTX_EXECUTION_DATE='2025-02-24T04:40:00+00:00' AIRFLOW_CTX_TRY_NUMBER='1' AIRFLOW_CTX_DAG_RUN_ID='scheduled__2025-02-24T04:40:00+00:00'
[2025-02-24T12:50:24.832+0800] {logging_mixin.py:190} INFO - Task instance is in running state
[2025-02-24T12:50:24.833+0800] {logging_mixin.py:190} INFO -  Previous state of the Task instance: queued
[2025-02-24T12:50:24.835+0800] {logging_mixin.py:190} INFO - Current task name:extract_crypto_data state:running start_date:2025-02-24 04:50:24.505856+00:00
[2025-02-24T12:50:24.837+0800] {logging_mixin.py:190} INFO - Dag name:muse_dag and current dag run status:running
[2025-02-24T12:50:24.838+0800] {taskinstance.py:732} INFO - ::endgroup::
[2025-02-24T12:50:24.847+0800] {subprocess.py:78} INFO - Tmp dir root location: /tmp
[2025-02-24T12:50:24.850+0800] {subprocess.py:88} INFO - Running command: ['/usr/bin/bash', '-c', '/mnt/c/Users/User/laurence/Muse_assessment/muse_env/bin/python3 /mnt/c/Users/User/laurence/Muse_assessment/src/extract_crypto.py']
[2025-02-24T12:50:24.857+0800] {subprocess.py:99} INFO - Output:
[2025-02-24T12:50:36.358+0800] {subprocess.py:106} INFO - /mnt/c/Users/User/laurence/Muse_assessment/src/extract_crypto.py:45 MovedIn20Warning: Deprecated API features detected! These feature(s) are not compatible with SQLAlchemy 2.0. To prevent incompatible upgrades prior to updating applications, ensure requirements files are pinned to "sqlalchemy<2.0". Set environment variable SQLALCHEMY_WARN_20=1 to show all deprecation warnings.  Set environment variable SQLALCHEMY_SILENCE_UBER_WARNING=1 to silence this message. (Background on SQLAlchemy 2.0 at: https://sqlalche.me/e/b8d9)
[2025-02-24T12:50:36.365+0800] {subprocess.py:106} INFO - reset new handlers!
[2025-02-24T12:50:36.368+0800] {subprocess.py:106} INFO - Start extracting bitcoin real-time price...
[2025-02-24T12:50:36.369+0800] {subprocess.py:106} INFO - [2025-02-24T12:50:36.359+0800] {extract_crypto.py:131} INFO - 2025-02-24 12:50:36.359301 Start extracting bitcoin real-time price...
[2025-02-24T12:50:36.477+0800] {subprocess.py:106} INFO - Done data extraction. Start storing to DB...
[2025-02-24T12:50:36.480+0800] {subprocess.py:106} INFO - [2025-02-24T12:50:36.470+0800] {extract_crypto.py:105} INFO - Done data extraction. Start storing to DB...
[2025-02-24T12:50:36.487+0800] {subprocess.py:106} INFO - 2025-02-24 12:50:36,486 INFO sqlalchemy.engine.Engine select pg_catalog.version()
[2025-02-24T12:50:36.489+0800] {subprocess.py:106} INFO - [2025-02-24T12:50:36.486+0800] {base.py:1863} INFO - select pg_catalog.version()
[2025-02-24T12:50:36.491+0800] {subprocess.py:106} INFO - 2025-02-24 12:50:36,488 INFO sqlalchemy.engine.Engine [raw sql] {}
[2025-02-24T12:50:36.493+0800] {subprocess.py:106} INFO - [2025-02-24T12:50:36.488+0800] {base.py:1868} INFO - [raw sql] {}
[2025-02-24T12:50:36.495+0800] {subprocess.py:106} INFO - 2025-02-24 12:50:36,490 INFO sqlalchemy.engine.Engine select current_schema()
[2025-02-24T12:50:36.502+0800] {subprocess.py:106} INFO - [2025-02-24T12:50:36.490+0800] {base.py:1863} INFO - select current_schema()
[2025-02-24T12:50:36.504+0800] {subprocess.py:106} INFO - 2025-02-24 12:50:36,491 INFO sqlalchemy.engine.Engine [raw sql] {}
[2025-02-24T12:50:36.506+0800] {subprocess.py:106} INFO - [2025-02-24T12:50:36.491+0800] {base.py:1868} INFO - [raw sql] {}
[2025-02-24T12:50:36.508+0800] {subprocess.py:106} INFO - 2025-02-24 12:50:36,492 INFO sqlalchemy.engine.Engine show standard_conforming_strings
[2025-02-24T12:50:36.511+0800] {subprocess.py:106} INFO - [2025-02-24T12:50:36.492+0800] {base.py:1863} INFO - show standard_conforming_strings
[2025-02-24T12:50:36.513+0800] {subprocess.py:106} INFO - 2025-02-24 12:50:36,494 INFO sqlalchemy.engine.Engine [raw sql] {}
[2025-02-24T12:50:36.515+0800] {subprocess.py:106} INFO - [2025-02-24T12:50:36.494+0800] {base.py:1868} INFO - [raw sql] {}
[2025-02-24T12:50:36.517+0800] {subprocess.py:106} INFO - 2025-02-24 12:50:36,497 INFO sqlalchemy.engine.Engine BEGIN (implicit)
[2025-02-24T12:50:36.520+0800] {subprocess.py:106} INFO - [2025-02-24T12:50:36.497+0800] {base.py:1032} INFO - BEGIN (implicit)
[2025-02-24T12:50:36.522+0800] {subprocess.py:106} INFO - 2025-02-24 12:50:36,503 INFO sqlalchemy.engine.Engine INSERT INTO muse_project (update_time, crypto_name, price, hour_change_rate, volume) VALUES (%(update_time)s, %(crypto_name)s, %(price)s, %(hour_change_rate)s, %(volume)s)
[2025-02-24T12:50:36.525+0800] {subprocess.py:106} INFO - [2025-02-24T12:50:36.503+0800] {base.py:1863} INFO - INSERT INTO muse_project (update_time, crypto_name, price, hour_change_rate, volume) VALUES (%(update_time)s, %(crypto_name)s, %(price)s, %(hour_change_rate)s, %(volume)s)
[2025-02-24T12:50:36.528+0800] {subprocess.py:106} INFO - 2025-02-24 12:50:36,504 INFO sqlalchemy.engine.Engine [generated in 0.00143s] ({'update_time': datetime.datetime(2025, 2, 24, 12, 50, 36, 469296), 'crypto_name': 'Bitcoin', 'price': 95246.02, 'hour_change_rate': -0.56, 'volume': 21412197739.0}, {'update_time': datetime.datetime(2025, 2, 24, 12, 50, 36, 469417), 'crypto_name': 'Ethereum', 'price': 2704.96, 'hour_change_rate': -1.24, 'volume': 24036401244.0}, {'update_time': datetime.datetime(2025, 2, 24, 12, 50, 36, 469510), 'crypto_name': 'Tether', 'price': 1.0, 'hour_change_rate': -0.01, 'volume': 62516558059.0}, {'update_time': datetime.datetime(2025, 2, 24, 12, 50, 36, 469605), 'crypto_name': 'XRP', 'price': 2.45, 'hour_change_rate': -2.17, 'volume': 3177687926.0}, {'update_time': datetime.datetime(2025, 2, 24, 12, 50, 36, 469720), 'crypto_name': 'BNB', 'price': 640.3, 'hour_change_rate': -1.11, 'volume': 1527668952.0}, {'update_time': datetime.datetime(2025, 2, 24, 12, 50, 36, 469807), 'crypto_name': 'Solana', 'price': 158.2, 'hour_change_rate': -2.43, 'volume': 2450343629.0}, {'update_time': datetime.datetime(2025, 2, 24, 12, 50, 36, 469891), 'crypto_name': 'USDC', 'price': 1.0, 'hour_change_rate': 0.0, 'volume': 5962752269.0}, {'update_time': datetime.datetime(2025, 2, 24, 12, 50, 36, 469976), 'crypto_name': 'Dogecoin', 'price': 0.2279, 'hour_change_rate': -1.37, 'volume': 1075653589.0}, {'update_time': datetime.datetime(2025, 2, 24, 12, 50, 36, 470094), 'crypto_name': 'Cardano', 'price': 0.7293, 'hour_change_rate': -2.33, 'volume': 556054805.0}, {'update_time': datetime.datetime(2025, 2, 24, 12, 50, 36, 470174), 'crypto_name': 'TRON', 'price': 0.2418, 'hour_change_rate': -0.42, 'volume': 441935052.0})
[2025-02-24T12:50:36.531+0800] {subprocess.py:106} INFO - [2025-02-24T12:50:36.504+0800] {base.py:1868} INFO - [generated in 0.00143s] ({'update_time': datetime.datetime(2025, 2, 24, 12, 50, 36, 469296), 'crypto_name': 'Bitcoin', 'price': 95246.02, 'hour_change_rate': -0.56, 'volume': 21412197739.0}, {'update_time': datetime.datetime(2025, 2, 24, 12, 50, 36, 469417), 'crypto_name': 'Ethereum', 'price': 2704.96, 'hour_change_rate': -1.24, 'volume': 24036401244.0}, {'update_time': datetime.datetime(2025, 2, 24, 12, 50, 36, 469510), 'crypto_name': 'Tether', 'price': 1.0, 'hour_change_rate': -0.01, 'volume': 62516558059.0}, {'update_time': datetime.datetime(2025, 2, 24, 12, 50, 36, 469605), 'crypto_name': 'XRP', 'price': 2.45, 'hour_change_rate': -2.17, 'volume': 3177687926.0}, {'update_time': datetime.datetime(2025, 2, 24, 12, 50, 36, 469720), 'crypto_name': 'BNB', 'price': 640.3, 'hour_change_rate': -1.11, 'volume': 1527668952.0}, {'update_time': datetime.datetime(2025, 2, 24, 12, 50, 36, 469807), 'crypto_name': 'Solana', 'price': 158.2, 'hour_change_rate': -2.43, 'volume': 2450343629.0}, {'update_time': datetime.datetime(2025, 2, 24, 12, 50, 36, 469891), 'crypto_name': 'USDC', 'price': 1.0, 'hour_change_rate': 0.0, 'volume': 5962752269.0}, {'update_time': datetime.datetime(2025, 2, 24, 12, 50, 36, 469976), 'crypto_name': 'Dogecoin', 'price': 0.2279, 'hour_change_rate': -1.37, 'volume': 1075653589.0}, {'update_time': datetime.datetime(2025, 2, 24, 12, 50, 36, 470094), 'crypto_name': 'Cardano', 'price': 0.7293, 'hour_change_rate': -2.33, 'volume': 556054805.0}, {'update_time': datetime.datetime(2025, 2, 24, 12, 50, 36, 470174), 'crypto_name': 'TRON', 'price': 0.2418, 'hour_change_rate': -0.42, 'volume': 441935052.0})
[2025-02-24T12:50:36.534+0800] {subprocess.py:106} INFO - 2025-02-24 12:50:36,507 INFO sqlalchemy.engine.Engine COMMIT
[2025-02-24T12:50:36.536+0800] {subprocess.py:106} INFO - [2025-02-24T12:50:36.507+0800] {base.py:1092} INFO - COMMIT
[2025-02-24T12:50:36.538+0800] {subprocess.py:106} INFO - Done bulk insert.
[2025-02-24T12:50:36.541+0800] {subprocess.py:106} INFO - Done price extraction.
[2025-02-24T12:50:36.542+0800] {subprocess.py:106} INFO - [2025-02-24T12:50:36.513+0800] {extract_crypto.py:135} INFO - 2025-02-24 12:50:36.513243 Done price extraction.
[2025-02-24T12:50:36.698+0800] {subprocess.py:110} INFO - Command exited with return code 0
[2025-02-24T12:50:36.736+0800] {taskinstance.py:341} INFO - ::group::Post task execution logs
[2025-02-24T12:50:36.737+0800] {taskinstance.py:353} INFO - Marking task as SUCCESS. dag_id=muse_dag, task_id=extract_crypto_data, run_id=scheduled__2025-02-24T04:40:00+00:00, execution_date=20250224T044000, start_date=20250224T045024, end_date=20250224T045036
[2025-02-24T12:50:36.784+0800] {logging_mixin.py:190} INFO - Task instance in success state
[2025-02-24T12:50:36.785+0800] {logging_mixin.py:190} INFO -  Previous state of the Task instance: running
[2025-02-24T12:50:36.786+0800] {logging_mixin.py:190} INFO - Dag name:muse_dag queued_at:2025-02-24 04:50:01.202585+00:00
[2025-02-24T12:50:36.787+0800] {logging_mixin.py:190} INFO - Task hostname:LAPTOP-7NCGBFK9. operator:BashOperator
[2025-02-24T12:50:36.823+0800] {local_task_job_runner.py:266} INFO - Task exited with return code 0
[2025-02-24T12:50:36.851+0800] {taskinstance.py:3901} INFO - 0 downstream tasks scheduled from follow-on schedule check
[2025-02-24T12:50:36.855+0800] {local_task_job_runner.py:245} INFO - ::endgroup::
