[2025-02-24T11:10:01.399+0800] {local_task_job_runner.py:123} INFO - ::group::Pre task execution logs
[2025-02-24T11:10:01.421+0800] {taskinstance.py:2614} INFO - Dependencies all met for dep_context=non-requeueable deps ti=<TaskInstance: muse_dag.extract_crypto_data scheduled__2025-02-23T11:20:00+00:00 [queued]>
[2025-02-24T11:10:01.434+0800] {taskinstance.py:2614} INFO - Dependencies all met for dep_context=requeueable deps ti=<TaskInstance: muse_dag.extract_crypto_data scheduled__2025-02-23T11:20:00+00:00 [queued]>
[2025-02-24T11:10:01.437+0800] {taskinstance.py:2867} INFO - Starting attempt 1 of 2
[2025-02-24T11:10:01.484+0800] {taskinstance.py:2890} INFO - Executing <Task(BashOperator): extract_crypto_data> on 2025-02-23 11:20:00+00:00
[2025-02-24T11:10:01.488+0800] {standard_task_runner.py:72} INFO - Started process 61662 to run task
[2025-02-24T11:10:01.491+0800] {standard_task_runner.py:104} INFO - Running: ['airflow', 'tasks', 'run', 'muse_dag', 'extract_crypto_data', 'scheduled__2025-02-23T11:20:00+00:00', '--job-id', '33', '--raw', '--subdir', 'DAGS_FOLDER/muse_dag.py', '--cfg-path', '/tmp/tmpbone0j1b']
[2025-02-24T11:10:01.493+0800] {standard_task_runner.py:105} INFO - Job 33: Subtask extract_crypto_data
[2025-02-24T11:10:01.592+0800] {task_command.py:467} INFO - Running <TaskInstance: muse_dag.extract_crypto_data scheduled__2025-02-23T11:20:00+00:00 [running]> on host LAPTOP-7NCGBFK9.
[2025-02-24T11:10:01.774+0800] {taskinstance.py:3134} INFO - Exporting env vars: AIRFLOW_CTX_DAG_OWNER='laurence' AIRFLOW_CTX_DAG_ID='muse_dag' AIRFLOW_CTX_TASK_ID='extract_crypto_data' AIRFLOW_CTX_EXECUTION_DATE='2025-02-23T11:20:00+00:00' AIRFLOW_CTX_TRY_NUMBER='1' AIRFLOW_CTX_DAG_RUN_ID='scheduled__2025-02-23T11:20:00+00:00'
[2025-02-24T11:10:01.778+0800] {logging_mixin.py:190} INFO - Task instance is in running state
[2025-02-24T11:10:01.780+0800] {logging_mixin.py:190} INFO -  Previous state of the Task instance: queued
[2025-02-24T11:10:01.781+0800] {logging_mixin.py:190} INFO - Current task name:extract_crypto_data state:running start_date:2025-02-24 03:10:01.423305+00:00
[2025-02-24T11:10:01.783+0800] {logging_mixin.py:190} INFO - Dag name:muse_dag and current dag run status:running
[2025-02-24T11:10:01.785+0800] {taskinstance.py:732} INFO - ::endgroup::
[2025-02-24T11:10:01.792+0800] {subprocess.py:78} INFO - Tmp dir root location: /tmp
[2025-02-24T11:10:01.795+0800] {subprocess.py:88} INFO - Running command: ['/usr/bin/bash', '-c', '/mnt/c/Users/User/laurence/Muse_assessment/muse_env/bin/python3 /mnt/c/Users/User/laurence/Muse_assessment/src/extract_crypto.py']
[2025-02-24T11:10:01.802+0800] {subprocess.py:99} INFO - Output:
[2025-02-24T11:10:15.029+0800] {subprocess.py:106} INFO - /mnt/c/Users/User/laurence/Muse_assessment/src/extract_crypto.py:45 MovedIn20Warning: Deprecated API features detected! These feature(s) are not compatible with SQLAlchemy 2.0. To prevent incompatible upgrades prior to updating applications, ensure requirements files are pinned to "sqlalchemy<2.0". Set environment variable SQLALCHEMY_WARN_20=1 to show all deprecation warnings.  Set environment variable SQLALCHEMY_SILENCE_UBER_WARNING=1 to silence this message. (Background on SQLAlchemy 2.0 at: https://sqlalche.me/e/b8d9)
[2025-02-24T11:10:15.036+0800] {subprocess.py:106} INFO - reset new handlers!
[2025-02-24T11:10:15.037+0800] {subprocess.py:106} INFO - Start extracting bitcoin real-time price...
[2025-02-24T11:10:15.038+0800] {subprocess.py:106} INFO - [2025-02-24T11:10:15.030+0800] {extract_crypto.py:131} INFO - 2025-02-24 11:10:15.030395 Start extracting bitcoin real-time price...
[2025-02-24T11:10:15.145+0800] {subprocess.py:106} INFO - Done data extraction. Start storing to DB...
[2025-02-24T11:10:15.148+0800] {subprocess.py:106} INFO - [2025-02-24T11:10:15.141+0800] {extract_crypto.py:105} INFO - Done data extraction. Start storing to DB...
[2025-02-24T11:10:15.155+0800] {subprocess.py:106} INFO - 2025-02-24 11:10:15,155 INFO sqlalchemy.engine.Engine select pg_catalog.version()
[2025-02-24T11:10:15.159+0800] {subprocess.py:106} INFO - [2025-02-24T11:10:15.155+0800] {base.py:1863} INFO - select pg_catalog.version()
[2025-02-24T11:10:15.161+0800] {subprocess.py:106} INFO - 2025-02-24 11:10:15,158 INFO sqlalchemy.engine.Engine [raw sql] {}
[2025-02-24T11:10:15.163+0800] {subprocess.py:106} INFO - [2025-02-24T11:10:15.158+0800] {base.py:1868} INFO - [raw sql] {}
[2025-02-24T11:10:15.165+0800] {subprocess.py:106} INFO - 2025-02-24 11:10:15,161 INFO sqlalchemy.engine.Engine select current_schema()
[2025-02-24T11:10:15.167+0800] {subprocess.py:106} INFO - [2025-02-24T11:10:15.161+0800] {base.py:1863} INFO - select current_schema()
[2025-02-24T11:10:15.169+0800] {subprocess.py:106} INFO - 2025-02-24 11:10:15,161 INFO sqlalchemy.engine.Engine [raw sql] {}
[2025-02-24T11:10:15.171+0800] {subprocess.py:106} INFO - [2025-02-24T11:10:15.161+0800] {base.py:1868} INFO - [raw sql] {}
[2025-02-24T11:10:15.173+0800] {subprocess.py:106} INFO - 2025-02-24 11:10:15,163 INFO sqlalchemy.engine.Engine show standard_conforming_strings
[2025-02-24T11:10:15.175+0800] {subprocess.py:106} INFO - [2025-02-24T11:10:15.163+0800] {base.py:1863} INFO - show standard_conforming_strings
[2025-02-24T11:10:15.180+0800] {subprocess.py:106} INFO - 2025-02-24 11:10:15,164 INFO sqlalchemy.engine.Engine [raw sql] {}
[2025-02-24T11:10:15.182+0800] {subprocess.py:106} INFO - [2025-02-24T11:10:15.164+0800] {base.py:1868} INFO - [raw sql] {}
[2025-02-24T11:10:15.185+0800] {subprocess.py:106} INFO - 2025-02-24 11:10:15,166 INFO sqlalchemy.engine.Engine BEGIN (implicit)
[2025-02-24T11:10:15.187+0800] {subprocess.py:106} INFO - [2025-02-24T11:10:15.166+0800] {base.py:1032} INFO - BEGIN (implicit)
[2025-02-24T11:10:15.195+0800] {subprocess.py:106} INFO - 2025-02-24 11:10:15,168 INFO sqlalchemy.engine.Engine INSERT INTO muse_project (update_time, crypto_name, price, hour_change_rate, volume) VALUES (%(update_time)s, %(crypto_name)s, %(price)s, %(hour_change_rate)s, %(volume)s)
[2025-02-24T11:10:15.198+0800] {subprocess.py:106} INFO - [2025-02-24T11:10:15.168+0800] {base.py:1863} INFO - INSERT INTO muse_project (update_time, crypto_name, price, hour_change_rate, volume) VALUES (%(update_time)s, %(crypto_name)s, %(price)s, %(hour_change_rate)s, %(volume)s)
[2025-02-24T11:10:15.200+0800] {subprocess.py:106} INFO - 2025-02-24 11:10:15,169 INFO sqlalchemy.engine.Engine [generated in 0.00136s] ({'update_time': datetime.datetime(2025, 2, 24, 11, 10, 15, 140053), 'crypto_name': 'Bitcoin', 'price': 95725.95, 'hour_change_rate': -0.2, 'volume': 18749239676.0}, {'update_time': datetime.datetime(2025, 2, 24, 11, 10, 15, 140169), 'crypto_name': 'Ethereum', 'price': 2765.18, 'hour_change_rate': -0.85, 'volume': 20848198786.0}, {'update_time': datetime.datetime(2025, 2, 24, 11, 10, 15, 140270), 'crypto_name': 'XRP', 'price': 2.53, 'hour_change_rate': -0.7, 'volume': 2501650755.0}, {'update_time': datetime.datetime(2025, 2, 24, 11, 10, 15, 141054), 'crypto_name': 'Tether', 'price': 1.0, 'hour_change_rate': 0.01, 'volume': 57373254723.0}, {'update_time': datetime.datetime(2025, 2, 24, 11, 10, 15, 141213), 'crypto_name': 'BNB', 'price': 648.94, 'hour_change_rate': -0.35, 'volume': 1484873508.0}, {'update_time': datetime.datetime(2025, 2, 24, 11, 10, 15, 141315), 'crypto_name': 'Solana', 'price': 162.6, 'hour_change_rate': -0.7, 'volume': 1960402436.0}, {'update_time': datetime.datetime(2025, 2, 24, 11, 10, 15, 141414), 'crypto_name': 'USDC', 'price': 0.9999, 'hour_change_rate': 0.0, 'volume': 5060097927.0}, {'update_time': datetime.datetime(2025, 2, 24, 11, 10, 15, 141506), 'crypto_name': 'Dogecoin', 'price': 0.2349, 'hour_change_rate': -1.74, 'volume': 819590031.0}, {'update_time': datetime.datetime(2025, 2, 24, 11, 10, 15, 141667), 'crypto_name': 'Cardano', 'price': 0.7569, 'hour_change_rate': -1.05, 'volume': 512037431.0}, {'update_time': datetime.datetime(2025, 2, 24, 11, 10, 15, 141919), 'crypto_name': 'TRON', 'price': 0.2448, 'hour_change_rate': -0.03, 'volume': 433575769.0})
[2025-02-24T11:10:15.202+0800] {subprocess.py:106} INFO - [2025-02-24T11:10:15.169+0800] {base.py:1868} INFO - [generated in 0.00136s] ({'update_time': datetime.datetime(2025, 2, 24, 11, 10, 15, 140053), 'crypto_name': 'Bitcoin', 'price': 95725.95, 'hour_change_rate': -0.2, 'volume': 18749239676.0}, {'update_time': datetime.datetime(2025, 2, 24, 11, 10, 15, 140169), 'crypto_name': 'Ethereum', 'price': 2765.18, 'hour_change_rate': -0.85, 'volume': 20848198786.0}, {'update_time': datetime.datetime(2025, 2, 24, 11, 10, 15, 140270), 'crypto_name': 'XRP', 'price': 2.53, 'hour_change_rate': -0.7, 'volume': 2501650755.0}, {'update_time': datetime.datetime(2025, 2, 24, 11, 10, 15, 141054), 'crypto_name': 'Tether', 'price': 1.0, 'hour_change_rate': 0.01, 'volume': 57373254723.0}, {'update_time': datetime.datetime(2025, 2, 24, 11, 10, 15, 141213), 'crypto_name': 'BNB', 'price': 648.94, 'hour_change_rate': -0.35, 'volume': 1484873508.0}, {'update_time': datetime.datetime(2025, 2, 24, 11, 10, 15, 141315), 'crypto_name': 'Solana', 'price': 162.6, 'hour_change_rate': -0.7, 'volume': 1960402436.0}, {'update_time': datetime.datetime(2025, 2, 24, 11, 10, 15, 141414), 'crypto_name': 'USDC', 'price': 0.9999, 'hour_change_rate': 0.0, 'volume': 5060097927.0}, {'update_time': datetime.datetime(2025, 2, 24, 11, 10, 15, 141506), 'crypto_name': 'Dogecoin', 'price': 0.2349, 'hour_change_rate': -1.74, 'volume': 819590031.0}, {'update_time': datetime.datetime(2025, 2, 24, 11, 10, 15, 141667), 'crypto_name': 'Cardano', 'price': 0.7569, 'hour_change_rate': -1.05, 'volume': 512037431.0}, {'update_time': datetime.datetime(2025, 2, 24, 11, 10, 15, 141919), 'crypto_name': 'TRON', 'price': 0.2448, 'hour_change_rate': -0.03, 'volume': 433575769.0})
[2025-02-24T11:10:15.203+0800] {subprocess.py:106} INFO - 2025-02-24 11:10:15,171 INFO sqlalchemy.engine.Engine COMMIT
[2025-02-24T11:10:15.205+0800] {subprocess.py:106} INFO - [2025-02-24T11:10:15.171+0800] {base.py:1092} INFO - COMMIT
[2025-02-24T11:10:15.207+0800] {subprocess.py:106} INFO - Done bulk insert.
[2025-02-24T11:10:15.210+0800] {subprocess.py:106} INFO - Done price extraction.
[2025-02-24T11:10:15.212+0800] {subprocess.py:106} INFO - [2025-02-24T11:10:15.174+0800] {extract_crypto.py:135} INFO - 2025-02-24 11:10:15.174294 Done price extraction.
[2025-02-24T11:10:15.371+0800] {subprocess.py:110} INFO - Command exited with return code 0
[2025-02-24T11:10:15.436+0800] {taskinstance.py:341} INFO - ::group::Post task execution logs
[2025-02-24T11:10:15.439+0800] {taskinstance.py:353} INFO - Marking task as SUCCESS. dag_id=muse_dag, task_id=extract_crypto_data, run_id=scheduled__2025-02-23T11:20:00+00:00, execution_date=20250223T112000, start_date=20250224T031001, end_date=20250224T031015
[2025-02-24T11:10:15.518+0800] {logging_mixin.py:190} INFO - Task instance in success state
[2025-02-24T11:10:15.521+0800] {logging_mixin.py:190} INFO -  Previous state of the Task instance: running
[2025-02-24T11:10:15.522+0800] {logging_mixin.py:190} INFO - Dag name:muse_dag queued_at:2025-02-24 03:08:03.970961+00:00
[2025-02-24T11:10:15.524+0800] {logging_mixin.py:190} INFO - Task hostname:LAPTOP-7NCGBFK9. operator:BashOperator
[2025-02-24T11:10:15.538+0800] {local_task_job_runner.py:266} INFO - Task exited with return code 0
[2025-02-24T11:10:15.559+0800] {taskinstance.py:3901} INFO - 0 downstream tasks scheduled from follow-on schedule check
[2025-02-24T11:10:15.562+0800] {local_task_job_runner.py:245} INFO - ::endgroup::
