[2025-02-24T11:50:23.646+0800] {local_task_job_runner.py:123} INFO - ::group::Pre task execution logs
[2025-02-24T11:50:23.664+0800] {taskinstance.py:2614} INFO - Dependencies all met for dep_context=non-requeueable deps ti=<TaskInstance: muse_dag.extract_crypto_data scheduled__2025-02-24T03:40:00+00:00 [queued]>
[2025-02-24T11:50:23.681+0800] {taskinstance.py:2614} INFO - Dependencies all met for dep_context=requeueable deps ti=<TaskInstance: muse_dag.extract_crypto_data scheduled__2025-02-24T03:40:00+00:00 [queued]>
[2025-02-24T11:50:23.683+0800] {taskinstance.py:2867} INFO - Starting attempt 1 of 2
[2025-02-24T11:50:23.737+0800] {taskinstance.py:2890} INFO - Executing <Task(BashOperator): extract_crypto_data> on 2025-02-24 03:40:00+00:00
[2025-02-24T11:50:23.743+0800] {standard_task_runner.py:72} INFO - Started process 80591 to run task
[2025-02-24T11:50:23.746+0800] {standard_task_runner.py:104} INFO - Running: ['airflow', 'tasks', 'run', 'muse_dag', 'extract_crypto_data', 'scheduled__2025-02-24T03:40:00+00:00', '--job-id', '41', '--raw', '--subdir', 'DAGS_FOLDER/muse_dag.py', '--cfg-path', '/tmp/tmpyylh155_']
[2025-02-24T11:50:23.750+0800] {standard_task_runner.py:105} INFO - Job 41: Subtask extract_crypto_data
[2025-02-24T11:50:24.008+0800] {task_command.py:467} INFO - Running <TaskInstance: muse_dag.extract_crypto_data scheduled__2025-02-24T03:40:00+00:00 [running]> on host LAPTOP-7NCGBFK9.
[2025-02-24T11:50:24.150+0800] {taskinstance.py:3134} INFO - Exporting env vars: AIRFLOW_CTX_DAG_OWNER='laurence' AIRFLOW_CTX_DAG_ID='muse_dag' AIRFLOW_CTX_TASK_ID='extract_crypto_data' AIRFLOW_CTX_EXECUTION_DATE='2025-02-24T03:40:00+00:00' AIRFLOW_CTX_TRY_NUMBER='1' AIRFLOW_CTX_DAG_RUN_ID='scheduled__2025-02-24T03:40:00+00:00'
[2025-02-24T11:50:24.155+0800] {logging_mixin.py:190} INFO - Task instance is in running state
[2025-02-24T11:50:24.157+0800] {logging_mixin.py:190} INFO -  Previous state of the Task instance: queued
[2025-02-24T11:50:24.159+0800] {logging_mixin.py:190} INFO - Current task name:extract_crypto_data state:running start_date:2025-02-24 03:50:23.666388+00:00
[2025-02-24T11:50:24.161+0800] {logging_mixin.py:190} INFO - Dag name:muse_dag and current dag run status:running
[2025-02-24T11:50:24.163+0800] {taskinstance.py:732} INFO - ::endgroup::
[2025-02-24T11:50:24.171+0800] {subprocess.py:78} INFO - Tmp dir root location: /tmp
[2025-02-24T11:50:24.173+0800] {subprocess.py:88} INFO - Running command: ['/usr/bin/bash', '-c', '/mnt/c/Users/User/laurence/Muse_assessment/muse_env/bin/python3 /mnt/c/Users/User/laurence/Muse_assessment/src/extract_crypto.py']
[2025-02-24T11:50:24.179+0800] {subprocess.py:99} INFO - Output:
[2025-02-24T11:50:36.683+0800] {subprocess.py:106} INFO - /mnt/c/Users/User/laurence/Muse_assessment/src/extract_crypto.py:45 MovedIn20Warning: Deprecated API features detected! These feature(s) are not compatible with SQLAlchemy 2.0. To prevent incompatible upgrades prior to updating applications, ensure requirements files are pinned to "sqlalchemy<2.0". Set environment variable SQLALCHEMY_WARN_20=1 to show all deprecation warnings.  Set environment variable SQLALCHEMY_SILENCE_UBER_WARNING=1 to silence this message. (Background on SQLAlchemy 2.0 at: https://sqlalche.me/e/b8d9)
[2025-02-24T11:50:36.687+0800] {subprocess.py:106} INFO - reset new handlers!
[2025-02-24T11:50:36.688+0800] {subprocess.py:106} INFO - Start extracting bitcoin real-time price...
[2025-02-24T11:50:36.689+0800] {subprocess.py:106} INFO - [2025-02-24T11:50:36.684+0800] {extract_crypto.py:131} INFO - 2025-02-24 11:50:36.684214 Start extracting bitcoin real-time price...
[2025-02-24T11:50:36.813+0800] {subprocess.py:106} INFO - Done data extraction. Start storing to DB...
[2025-02-24T11:50:36.818+0800] {subprocess.py:106} INFO - [2025-02-24T11:50:36.810+0800] {extract_crypto.py:105} INFO - Done data extraction. Start storing to DB...
[2025-02-24T11:50:36.824+0800] {subprocess.py:106} INFO - 2025-02-24 11:50:36,824 INFO sqlalchemy.engine.Engine select pg_catalog.version()
[2025-02-24T11:50:36.826+0800] {subprocess.py:106} INFO - [2025-02-24T11:50:36.824+0800] {base.py:1863} INFO - select pg_catalog.version()
[2025-02-24T11:50:36.828+0800] {subprocess.py:106} INFO - 2025-02-24 11:50:36,825 INFO sqlalchemy.engine.Engine [raw sql] {}
[2025-02-24T11:50:36.830+0800] {subprocess.py:106} INFO - [2025-02-24T11:50:36.825+0800] {base.py:1868} INFO - [raw sql] {}
[2025-02-24T11:50:36.832+0800] {subprocess.py:106} INFO - 2025-02-24 11:50:36,827 INFO sqlalchemy.engine.Engine select current_schema()
[2025-02-24T11:50:36.835+0800] {subprocess.py:106} INFO - [2025-02-24T11:50:36.827+0800] {base.py:1863} INFO - select current_schema()
[2025-02-24T11:50:36.837+0800] {subprocess.py:106} INFO - 2025-02-24 11:50:36,828 INFO sqlalchemy.engine.Engine [raw sql] {}
[2025-02-24T11:50:36.839+0800] {subprocess.py:106} INFO - [2025-02-24T11:50:36.828+0800] {base.py:1868} INFO - [raw sql] {}
[2025-02-24T11:50:36.841+0800] {subprocess.py:106} INFO - 2025-02-24 11:50:36,830 INFO sqlalchemy.engine.Engine show standard_conforming_strings
[2025-02-24T11:50:36.844+0800] {subprocess.py:106} INFO - [2025-02-24T11:50:36.830+0800] {base.py:1863} INFO - show standard_conforming_strings
[2025-02-24T11:50:36.849+0800] {subprocess.py:106} INFO - 2025-02-24 11:50:36,831 INFO sqlalchemy.engine.Engine [raw sql] {}
[2025-02-24T11:50:36.851+0800] {subprocess.py:106} INFO - [2025-02-24T11:50:36.831+0800] {base.py:1868} INFO - [raw sql] {}
[2025-02-24T11:50:36.853+0800] {subprocess.py:106} INFO - 2025-02-24 11:50:36,833 INFO sqlalchemy.engine.Engine BEGIN (implicit)
[2025-02-24T11:50:36.856+0800] {subprocess.py:106} INFO - [2025-02-24T11:50:36.833+0800] {base.py:1032} INFO - BEGIN (implicit)
[2025-02-24T11:50:36.859+0800] {subprocess.py:106} INFO - 2025-02-24 11:50:36,835 INFO sqlalchemy.engine.Engine INSERT INTO muse_project (update_time, crypto_name, price, hour_change_rate, volume) VALUES (%(update_time)s, %(crypto_name)s, %(price)s, %(hour_change_rate)s, %(volume)s)
[2025-02-24T11:50:36.861+0800] {subprocess.py:106} INFO - [2025-02-24T11:50:36.835+0800] {base.py:1863} INFO - INSERT INTO muse_project (update_time, crypto_name, price, hour_change_rate, volume) VALUES (%(update_time)s, %(crypto_name)s, %(price)s, %(hour_change_rate)s, %(volume)s)
[2025-02-24T11:50:36.865+0800] {subprocess.py:106} INFO - 2025-02-24 11:50:36,836 INFO sqlalchemy.engine.Engine [generated in 0.00137s] ({'update_time': datetime.datetime(2025, 2, 24, 11, 50, 36, 809917), 'crypto_name': 'Bitcoin', 'price': 95763.72, 'hour_change_rate': -0.22, 'volume': 20328749950.0}, {'update_time': datetime.datetime(2025, 2, 24, 11, 50, 36, 810023), 'crypto_name': 'Ethereum', 'price': 2738.8, 'hour_change_rate': -1.5, 'volume': 22634653616.0}, {'update_time': datetime.datetime(2025, 2, 24, 11, 50, 36, 810111), 'crypto_name': 'XRP', 'price': 2.5, 'hour_change_rate': -1.53, 'volume': 2871118296.0}, {'update_time': datetime.datetime(2025, 2, 24, 11, 50, 36, 810193), 'crypto_name': 'Tether', 'price': 1.0, 'hour_change_rate': 0.02, 'volume': 58735161376.0}, {'update_time': datetime.datetime(2025, 2, 24, 11, 50, 36, 810276), 'crypto_name': 'BNB', 'price': 647.5, 'hour_change_rate': -0.53, 'volume': 1500045096.0}, {'update_time': datetime.datetime(2025, 2, 24, 11, 50, 36, 810356), 'crypto_name': 'Solana', 'price': 162.14, 'hour_change_rate': -0.88, 'volume': 2116389748.0}, {'update_time': datetime.datetime(2025, 2, 24, 11, 50, 36, 810436), 'crypto_name': 'USDC', 'price': 0.9999, 'hour_change_rate': -0.02, 'volume': 5315584319.0}, {'update_time': datetime.datetime(2025, 2, 24, 11, 50, 36, 810514), 'crypto_name': 'Dogecoin', 'price': 0.2311, 'hour_change_rate': -2.27, 'volume': 954014660.0}, {'update_time': datetime.datetime(2025, 2, 24, 11, 50, 36, 810593), 'crypto_name': 'Cardano', 'price': 0.7471, 'hour_change_rate': -1.58, 'volume': 539199358.0}, {'update_time': datetime.datetime(2025, 2, 24, 11, 50, 36, 810669), 'crypto_name': 'TRON', 'price': 0.243, 'hour_change_rate': -0.65, 'volume': 432171926.0})
[2025-02-24T11:50:36.871+0800] {subprocess.py:106} INFO - [2025-02-24T11:50:36.836+0800] {base.py:1868} INFO - [generated in 0.00137s] ({'update_time': datetime.datetime(2025, 2, 24, 11, 50, 36, 809917), 'crypto_name': 'Bitcoin', 'price': 95763.72, 'hour_change_rate': -0.22, 'volume': 20328749950.0}, {'update_time': datetime.datetime(2025, 2, 24, 11, 50, 36, 810023), 'crypto_name': 'Ethereum', 'price': 2738.8, 'hour_change_rate': -1.5, 'volume': 22634653616.0}, {'update_time': datetime.datetime(2025, 2, 24, 11, 50, 36, 810111), 'crypto_name': 'XRP', 'price': 2.5, 'hour_change_rate': -1.53, 'volume': 2871118296.0}, {'update_time': datetime.datetime(2025, 2, 24, 11, 50, 36, 810193), 'crypto_name': 'Tether', 'price': 1.0, 'hour_change_rate': 0.02, 'volume': 58735161376.0}, {'update_time': datetime.datetime(2025, 2, 24, 11, 50, 36, 810276), 'crypto_name': 'BNB', 'price': 647.5, 'hour_change_rate': -0.53, 'volume': 1500045096.0}, {'update_time': datetime.datetime(2025, 2, 24, 11, 50, 36, 810356), 'crypto_name': 'Solana', 'price': 162.14, 'hour_change_rate': -0.88, 'volume': 2116389748.0}, {'update_time': datetime.datetime(2025, 2, 24, 11, 50, 36, 810436), 'crypto_name': 'USDC', 'price': 0.9999, 'hour_change_rate': -0.02, 'volume': 5315584319.0}, {'update_time': datetime.datetime(2025, 2, 24, 11, 50, 36, 810514), 'crypto_name': 'Dogecoin', 'price': 0.2311, 'hour_change_rate': -2.27, 'volume': 954014660.0}, {'update_time': datetime.datetime(2025, 2, 24, 11, 50, 36, 810593), 'crypto_name': 'Cardano', 'price': 0.7471, 'hour_change_rate': -1.58, 'volume': 539199358.0}, {'update_time': datetime.datetime(2025, 2, 24, 11, 50, 36, 810669), 'crypto_name': 'TRON', 'price': 0.243, 'hour_change_rate': -0.65, 'volume': 432171926.0})
[2025-02-24T11:50:36.873+0800] {subprocess.py:106} INFO - 2025-02-24 11:50:36,839 INFO sqlalchemy.engine.Engine COMMIT
[2025-02-24T11:50:36.875+0800] {subprocess.py:106} INFO - [2025-02-24T11:50:36.839+0800] {base.py:1092} INFO - COMMIT
[2025-02-24T11:50:36.877+0800] {subprocess.py:106} INFO - Done bulk insert.
[2025-02-24T11:50:36.879+0800] {subprocess.py:106} INFO - Done price extraction.
[2025-02-24T11:50:36.882+0800] {subprocess.py:106} INFO - [2025-02-24T11:50:36.842+0800] {extract_crypto.py:135} INFO - 2025-02-24 11:50:36.842620 Done price extraction.
[2025-02-24T11:50:37.050+0800] {subprocess.py:110} INFO - Command exited with return code 0
[2025-02-24T11:50:37.116+0800] {taskinstance.py:341} INFO - ::group::Post task execution logs
[2025-02-24T11:50:37.119+0800] {taskinstance.py:353} INFO - Marking task as SUCCESS. dag_id=muse_dag, task_id=extract_crypto_data, run_id=scheduled__2025-02-24T03:40:00+00:00, execution_date=20250224T034000, start_date=20250224T035023, end_date=20250224T035037
[2025-02-24T11:50:37.210+0800] {logging_mixin.py:190} INFO - Task instance in success state
[2025-02-24T11:50:37.214+0800] {logging_mixin.py:190} INFO -  Previous state of the Task instance: running
[2025-02-24T11:50:37.217+0800] {logging_mixin.py:190} INFO - Dag name:muse_dag queued_at:2025-02-24 03:50:01.675024+00:00
[2025-02-24T11:50:37.221+0800] {logging_mixin.py:190} INFO - Task hostname:LAPTOP-7NCGBFK9. operator:BashOperator
[2025-02-24T11:50:37.267+0800] {local_task_job_runner.py:266} INFO - Task exited with return code 0
[2025-02-24T11:50:37.298+0800] {taskinstance.py:3901} INFO - 0 downstream tasks scheduled from follow-on schedule check
[2025-02-24T11:50:37.301+0800] {local_task_job_runner.py:245} INFO - ::endgroup::
