[2025-02-24T11:30:36.635+0800] {local_task_job_runner.py:123} INFO - ::group::Pre task execution logs
[2025-02-24T11:30:36.662+0800] {taskinstance.py:2614} INFO - Dependencies all met for dep_context=non-requeueable deps ti=<TaskInstance: muse_dag.extract_crypto_data scheduled__2025-02-24T03:20:00+00:00 [queued]>
[2025-02-24T11:30:36.680+0800] {taskinstance.py:2614} INFO - Dependencies all met for dep_context=requeueable deps ti=<TaskInstance: muse_dag.extract_crypto_data scheduled__2025-02-24T03:20:00+00:00 [queued]>
[2025-02-24T11:30:36.681+0800] {taskinstance.py:2867} INFO - Starting attempt 1 of 2
[2025-02-24T11:30:36.734+0800] {taskinstance.py:2890} INFO - Executing <Task(BashOperator): extract_crypto_data> on 2025-02-24 03:20:00+00:00
[2025-02-24T11:30:36.739+0800] {standard_task_runner.py:72} INFO - Started process 71275 to run task
[2025-02-24T11:30:36.743+0800] {standard_task_runner.py:104} INFO - Running: ['airflow', 'tasks', 'run', 'muse_dag', 'extract_crypto_data', 'scheduled__2025-02-24T03:20:00+00:00', '--job-id', '39', '--raw', '--subdir', 'DAGS_FOLDER/muse_dag.py', '--cfg-path', '/tmp/tmpqc3a8bva']
[2025-02-24T11:30:36.745+0800] {standard_task_runner.py:105} INFO - Job 39: Subtask extract_crypto_data
[2025-02-24T11:30:36.850+0800] {task_command.py:467} INFO - Running <TaskInstance: muse_dag.extract_crypto_data scheduled__2025-02-24T03:20:00+00:00 [running]> on host LAPTOP-7NCGBFK9.
[2025-02-24T11:30:37.001+0800] {taskinstance.py:3134} INFO - Exporting env vars: AIRFLOW_CTX_DAG_OWNER='laurence' AIRFLOW_CTX_DAG_ID='muse_dag' AIRFLOW_CTX_TASK_ID='extract_crypto_data' AIRFLOW_CTX_EXECUTION_DATE='2025-02-24T03:20:00+00:00' AIRFLOW_CTX_TRY_NUMBER='1' AIRFLOW_CTX_DAG_RUN_ID='scheduled__2025-02-24T03:20:00+00:00'
[2025-02-24T11:30:37.004+0800] {logging_mixin.py:190} INFO - Task instance is in running state
[2025-02-24T11:30:37.005+0800] {logging_mixin.py:190} INFO -  Previous state of the Task instance: queued
[2025-02-24T11:30:37.007+0800] {logging_mixin.py:190} INFO - Current task name:extract_crypto_data state:running start_date:2025-02-24 03:30:36.664296+00:00
[2025-02-24T11:30:37.008+0800] {logging_mixin.py:190} INFO - Dag name:muse_dag and current dag run status:running
[2025-02-24T11:30:37.010+0800] {taskinstance.py:732} INFO - ::endgroup::
[2025-02-24T11:30:37.018+0800] {subprocess.py:78} INFO - Tmp dir root location: /tmp
[2025-02-24T11:30:37.020+0800] {subprocess.py:88} INFO - Running command: ['/usr/bin/bash', '-c', '/mnt/c/Users/User/laurence/Muse_assessment/muse_env/bin/python3 /mnt/c/Users/User/laurence/Muse_assessment/src/extract_crypto.py']
[2025-02-24T11:30:37.026+0800] {subprocess.py:99} INFO - Output:
[2025-02-24T11:30:52.562+0800] {subprocess.py:106} INFO - /mnt/c/Users/User/laurence/Muse_assessment/src/extract_crypto.py:45 MovedIn20Warning: Deprecated API features detected! These feature(s) are not compatible with SQLAlchemy 2.0. To prevent incompatible upgrades prior to updating applications, ensure requirements files are pinned to "sqlalchemy<2.0". Set environment variable SQLALCHEMY_WARN_20=1 to show all deprecation warnings.  Set environment variable SQLALCHEMY_SILENCE_UBER_WARNING=1 to silence this message. (Background on SQLAlchemy 2.0 at: https://sqlalche.me/e/b8d9)
[2025-02-24T11:30:52.568+0800] {subprocess.py:106} INFO - reset new handlers!
[2025-02-24T11:30:52.570+0800] {subprocess.py:106} INFO - Start extracting bitcoin real-time price...
[2025-02-24T11:30:52.572+0800] {subprocess.py:106} INFO - [2025-02-24T11:30:52.563+0800] {extract_crypto.py:131} INFO - 2025-02-24 11:30:52.563463 Start extracting bitcoin real-time price...
[2025-02-24T11:30:52.717+0800] {subprocess.py:106} INFO - Done data extraction. Start storing to DB...
[2025-02-24T11:30:52.721+0800] {subprocess.py:106} INFO - [2025-02-24T11:30:52.713+0800] {extract_crypto.py:105} INFO - Done data extraction. Start storing to DB...
[2025-02-24T11:30:52.729+0800] {subprocess.py:106} INFO - 2025-02-24 11:30:52,729 INFO sqlalchemy.engine.Engine select pg_catalog.version()
[2025-02-24T11:30:52.731+0800] {subprocess.py:106} INFO - [2025-02-24T11:30:52.729+0800] {base.py:1863} INFO - select pg_catalog.version()
[2025-02-24T11:30:52.733+0800] {subprocess.py:106} INFO - 2025-02-24 11:30:52,730 INFO sqlalchemy.engine.Engine [raw sql] {}
[2025-02-24T11:30:52.734+0800] {subprocess.py:106} INFO - [2025-02-24T11:30:52.730+0800] {base.py:1868} INFO - [raw sql] {}
[2025-02-24T11:30:52.736+0800] {subprocess.py:106} INFO - 2025-02-24 11:30:52,732 INFO sqlalchemy.engine.Engine select current_schema()
[2025-02-24T11:30:52.739+0800] {subprocess.py:106} INFO - [2025-02-24T11:30:52.732+0800] {base.py:1863} INFO - select current_schema()
[2025-02-24T11:30:52.741+0800] {subprocess.py:106} INFO - 2025-02-24 11:30:52,733 INFO sqlalchemy.engine.Engine [raw sql] {}
[2025-02-24T11:30:52.744+0800] {subprocess.py:106} INFO - [2025-02-24T11:30:52.733+0800] {base.py:1868} INFO - [raw sql] {}
[2025-02-24T11:30:52.747+0800] {subprocess.py:106} INFO - 2025-02-24 11:30:52,736 INFO sqlalchemy.engine.Engine show standard_conforming_strings
[2025-02-24T11:30:52.749+0800] {subprocess.py:106} INFO - [2025-02-24T11:30:52.736+0800] {base.py:1863} INFO - show standard_conforming_strings
[2025-02-24T11:30:52.751+0800] {subprocess.py:106} INFO - 2025-02-24 11:30:52,737 INFO sqlalchemy.engine.Engine [raw sql] {}
[2025-02-24T11:30:52.753+0800] {subprocess.py:106} INFO - [2025-02-24T11:30:52.737+0800] {base.py:1868} INFO - [raw sql] {}
[2025-02-24T11:30:52.755+0800] {subprocess.py:106} INFO - 2025-02-24 11:30:52,739 INFO sqlalchemy.engine.Engine BEGIN (implicit)
[2025-02-24T11:30:52.758+0800] {subprocess.py:106} INFO - [2025-02-24T11:30:52.739+0800] {base.py:1032} INFO - BEGIN (implicit)
[2025-02-24T11:30:52.761+0800] {subprocess.py:106} INFO - 2025-02-24 11:30:52,741 INFO sqlalchemy.engine.Engine INSERT INTO muse_project (update_time, crypto_name, price, hour_change_rate, volume) VALUES (%(update_time)s, %(crypto_name)s, %(price)s, %(hour_change_rate)s, %(volume)s)
[2025-02-24T11:30:52.764+0800] {subprocess.py:106} INFO - [2025-02-24T11:30:52.741+0800] {base.py:1863} INFO - INSERT INTO muse_project (update_time, crypto_name, price, hour_change_rate, volume) VALUES (%(update_time)s, %(crypto_name)s, %(price)s, %(hour_change_rate)s, %(volume)s)
[2025-02-24T11:30:52.766+0800] {subprocess.py:106} INFO - 2025-02-24 11:30:52,743 INFO sqlalchemy.engine.Engine [generated in 0.00162s] ({'update_time': datetime.datetime(2025, 2, 24, 11, 30, 52, 712712), 'crypto_name': 'Bitcoin', 'price': 95656.13, 'hour_change_rate': -0.25, 'volume': 19871307794.0}, {'update_time': datetime.datetime(2025, 2, 24, 11, 30, 52, 712856), 'crypto_name': 'Ethereum', 'price': 2756.42, 'hour_change_rate': -0.91, 'volume': 21173838391.0}, {'update_time': datetime.datetime(2025, 2, 24, 11, 30, 52, 712954), 'crypto_name': 'XRP', 'price': 2.51, 'hour_change_rate': -1.72, 'volume': 2581210569.0}, {'update_time': datetime.datetime(2025, 2, 24, 11, 30, 52, 713042), 'crypto_name': 'Tether', 'price': 1.0, 'hour_change_rate': 0.0, 'volume': 58226777881.0}, {'update_time': datetime.datetime(2025, 2, 24, 11, 30, 52, 713128), 'crypto_name': 'BNB', 'price': 648.57, 'hour_change_rate': -0.31, 'volume': 1485313656.0}, {'update_time': datetime.datetime(2025, 2, 24, 11, 30, 52, 713227), 'crypto_name': 'Solana', 'price': 162.02, 'hour_change_rate': -1.31, 'volume': 2008440364.0}, {'update_time': datetime.datetime(2025, 2, 24, 11, 30, 52, 713323), 'crypto_name': 'USDC', 'price': 1.0, 'hour_change_rate': 0.01, 'volume': 5156082717.0}, {'update_time': datetime.datetime(2025, 2, 24, 11, 30, 52, 713408), 'crypto_name': 'Dogecoin', 'price': 0.232, 'hour_change_rate': -2.86, 'volume': 864090594.0}, {'update_time': datetime.datetime(2025, 2, 24, 11, 30, 52, 713491), 'crypto_name': 'Cardano', 'price': 0.7491, 'hour_change_rate': -2.17, 'volume': 521649819.0}, {'update_time': datetime.datetime(2025, 2, 24, 11, 30, 52, 713573), 'crypto_name': 'TRON', 'price': 0.2437, 'hour_change_rate': -0.47, 'volume': 434171383.0})
[2025-02-24T11:30:52.768+0800] {subprocess.py:106} INFO - [2025-02-24T11:30:52.743+0800] {base.py:1868} INFO - [generated in 0.00162s] ({'update_time': datetime.datetime(2025, 2, 24, 11, 30, 52, 712712), 'crypto_name': 'Bitcoin', 'price': 95656.13, 'hour_change_rate': -0.25, 'volume': 19871307794.0}, {'update_time': datetime.datetime(2025, 2, 24, 11, 30, 52, 712856), 'crypto_name': 'Ethereum', 'price': 2756.42, 'hour_change_rate': -0.91, 'volume': 21173838391.0}, {'update_time': datetime.datetime(2025, 2, 24, 11, 30, 52, 712954), 'crypto_name': 'XRP', 'price': 2.51, 'hour_change_rate': -1.72, 'volume': 2581210569.0}, {'update_time': datetime.datetime(2025, 2, 24, 11, 30, 52, 713042), 'crypto_name': 'Tether', 'price': 1.0, 'hour_change_rate': 0.0, 'volume': 58226777881.0}, {'update_time': datetime.datetime(2025, 2, 24, 11, 30, 52, 713128), 'crypto_name': 'BNB', 'price': 648.57, 'hour_change_rate': -0.31, 'volume': 1485313656.0}, {'update_time': datetime.datetime(2025, 2, 24, 11, 30, 52, 713227), 'crypto_name': 'Solana', 'price': 162.02, 'hour_change_rate': -1.31, 'volume': 2008440364.0}, {'update_time': datetime.datetime(2025, 2, 24, 11, 30, 52, 713323), 'crypto_name': 'USDC', 'price': 1.0, 'hour_change_rate': 0.01, 'volume': 5156082717.0}, {'update_time': datetime.datetime(2025, 2, 24, 11, 30, 52, 713408), 'crypto_name': 'Dogecoin', 'price': 0.232, 'hour_change_rate': -2.86, 'volume': 864090594.0}, {'update_time': datetime.datetime(2025, 2, 24, 11, 30, 52, 713491), 'crypto_name': 'Cardano', 'price': 0.7491, 'hour_change_rate': -2.17, 'volume': 521649819.0}, {'update_time': datetime.datetime(2025, 2, 24, 11, 30, 52, 713573), 'crypto_name': 'TRON', 'price': 0.2437, 'hour_change_rate': -0.47, 'volume': 434171383.0})
[2025-02-24T11:30:52.770+0800] {subprocess.py:106} INFO - 2025-02-24 11:30:52,745 INFO sqlalchemy.engine.Engine COMMIT
[2025-02-24T11:30:52.772+0800] {subprocess.py:106} INFO - [2025-02-24T11:30:52.745+0800] {base.py:1092} INFO - COMMIT
[2025-02-24T11:30:52.775+0800] {subprocess.py:106} INFO - Done bulk insert.
[2025-02-24T11:30:52.778+0800] {subprocess.py:106} INFO - Done price extraction.
[2025-02-24T11:30:52.781+0800] {subprocess.py:106} INFO - [2025-02-24T11:30:52.751+0800] {extract_crypto.py:135} INFO - 2025-02-24 11:30:52.751726 Done price extraction.
[2025-02-24T11:30:53.007+0800] {subprocess.py:110} INFO - Command exited with return code 0
[2025-02-24T11:30:53.098+0800] {taskinstance.py:341} INFO - ::group::Post task execution logs
[2025-02-24T11:30:53.101+0800] {taskinstance.py:353} INFO - Marking task as SUCCESS. dag_id=muse_dag, task_id=extract_crypto_data, run_id=scheduled__2025-02-24T03:20:00+00:00, execution_date=20250224T032000, start_date=20250224T033036, end_date=20250224T033053
[2025-02-24T11:30:53.218+0800] {logging_mixin.py:190} INFO - Task instance in success state
[2025-02-24T11:30:53.220+0800] {logging_mixin.py:190} INFO -  Previous state of the Task instance: running
[2025-02-24T11:30:53.222+0800] {logging_mixin.py:190} INFO - Dag name:muse_dag queued_at:2025-02-24 03:30:01.237938+00:00
[2025-02-24T11:30:53.224+0800] {logging_mixin.py:190} INFO - Task hostname:LAPTOP-7NCGBFK9. operator:BashOperator
[2025-02-24T11:30:53.263+0800] {local_task_job_runner.py:266} INFO - Task exited with return code 0
[2025-02-24T11:30:53.316+0800] {taskinstance.py:3901} INFO - 0 downstream tasks scheduled from follow-on schedule check
[2025-02-24T11:30:53.321+0800] {local_task_job_runner.py:245} INFO - ::endgroup::
