[2025-02-24T13:20:31.651+0800] {local_task_job_runner.py:123} INFO - ::group::Pre task execution logs
[2025-02-24T13:20:31.676+0800] {taskinstance.py:2614} INFO - Dependencies all met for dep_context=non-requeueable deps ti=<TaskInstance: muse_dag.extract_crypto_data scheduled__2025-02-24T05:10:00+00:00 [queued]>
[2025-02-24T13:20:31.691+0800] {taskinstance.py:2614} INFO - Dependencies all met for dep_context=requeueable deps ti=<TaskInstance: muse_dag.extract_crypto_data scheduled__2025-02-24T05:10:00+00:00 [queued]>
[2025-02-24T13:20:31.693+0800] {taskinstance.py:2867} INFO - Starting attempt 1 of 2
[2025-02-24T13:20:31.741+0800] {taskinstance.py:2890} INFO - Executing <Task(BashOperator): extract_crypto_data> on 2025-02-24 05:10:00+00:00
[2025-02-24T13:20:31.746+0800] {standard_task_runner.py:72} INFO - Started process 122878 to run task
[2025-02-24T13:20:31.749+0800] {standard_task_runner.py:104} INFO - Running: ['airflow', 'tasks', 'run', 'muse_dag', 'extract_crypto_data', 'scheduled__2025-02-24T05:10:00+00:00', '--job-id', '50', '--raw', '--subdir', 'DAGS_FOLDER/muse_dag.py', '--cfg-path', '/tmp/tmp57pxzh79']
[2025-02-24T13:20:31.752+0800] {standard_task_runner.py:105} INFO - Job 50: Subtask extract_crypto_data
[2025-02-24T13:20:31.887+0800] {task_command.py:467} INFO - Running <TaskInstance: muse_dag.extract_crypto_data scheduled__2025-02-24T05:10:00+00:00 [running]> on host LAPTOP-7NCGBFK9.
[2025-02-24T13:20:32.052+0800] {taskinstance.py:3134} INFO - Exporting env vars: AIRFLOW_CTX_DAG_OWNER='laurence' AIRFLOW_CTX_DAG_ID='muse_dag' AIRFLOW_CTX_TASK_ID='extract_crypto_data' AIRFLOW_CTX_EXECUTION_DATE='2025-02-24T05:10:00+00:00' AIRFLOW_CTX_TRY_NUMBER='1' AIRFLOW_CTX_DAG_RUN_ID='scheduled__2025-02-24T05:10:00+00:00'
[2025-02-24T13:20:32.055+0800] {logging_mixin.py:190} INFO - Task instance is in running state
[2025-02-24T13:20:32.058+0800] {logging_mixin.py:190} INFO -  Previous state of the Task instance: queued
[2025-02-24T13:20:32.059+0800] {logging_mixin.py:190} INFO - Current task name:extract_crypto_data state:running start_date:2025-02-24 05:20:31.678237+00:00
[2025-02-24T13:20:32.062+0800] {logging_mixin.py:190} INFO - Dag name:muse_dag and current dag run status:running
[2025-02-24T13:20:32.064+0800] {taskinstance.py:732} INFO - ::endgroup::
[2025-02-24T13:20:32.075+0800] {subprocess.py:78} INFO - Tmp dir root location: /tmp
[2025-02-24T13:20:32.078+0800] {subprocess.py:88} INFO - Running command: ['/usr/bin/bash', '-c', '/mnt/c/Users/User/laurence/Muse_assessment/muse_env/bin/python3 /mnt/c/Users/User/laurence/Muse_assessment/src/extract_crypto.py']
[2025-02-24T13:20:32.084+0800] {subprocess.py:99} INFO - Output:
[2025-02-24T13:20:47.459+0800] {subprocess.py:106} INFO - /mnt/c/Users/User/laurence/Muse_assessment/src/extract_crypto.py:45 MovedIn20Warning: Deprecated API features detected! These feature(s) are not compatible with SQLAlchemy 2.0. To prevent incompatible upgrades prior to updating applications, ensure requirements files are pinned to "sqlalchemy<2.0". Set environment variable SQLALCHEMY_WARN_20=1 to show all deprecation warnings.  Set environment variable SQLALCHEMY_SILENCE_UBER_WARNING=1 to silence this message. (Background on SQLAlchemy 2.0 at: https://sqlalche.me/e/b8d9)
[2025-02-24T13:20:47.465+0800] {subprocess.py:106} INFO - reset new handlers!
[2025-02-24T13:20:47.467+0800] {subprocess.py:106} INFO - Start extracting bitcoin real-time price...
[2025-02-24T13:20:47.469+0800] {subprocess.py:106} INFO - [2025-02-24T13:20:47.460+0800] {extract_crypto.py:131} INFO - 2025-02-24 13:20:47.460033 Start extracting bitcoin real-time price...
[2025-02-24T13:20:47.640+0800] {subprocess.py:106} INFO - Done data extraction. Start storing to DB...
[2025-02-24T13:20:47.645+0800] {subprocess.py:106} INFO - [2025-02-24T13:20:47.636+0800] {extract_crypto.py:105} INFO - Done data extraction. Start storing to DB...
[2025-02-24T13:20:47.658+0800] {subprocess.py:106} INFO - 2025-02-24 13:20:47,658 INFO sqlalchemy.engine.Engine select pg_catalog.version()
[2025-02-24T13:20:47.662+0800] {subprocess.py:106} INFO - [2025-02-24T13:20:47.658+0800] {base.py:1863} INFO - select pg_catalog.version()
[2025-02-24T13:20:47.667+0800] {subprocess.py:106} INFO - 2025-02-24 13:20:47,661 INFO sqlalchemy.engine.Engine [raw sql] {}
[2025-02-24T13:20:47.670+0800] {subprocess.py:106} INFO - [2025-02-24T13:20:47.661+0800] {base.py:1868} INFO - [raw sql] {}
[2025-02-24T13:20:47.673+0800] {subprocess.py:106} INFO - 2025-02-24 13:20:47,666 INFO sqlalchemy.engine.Engine select current_schema()
[2025-02-24T13:20:47.677+0800] {subprocess.py:106} INFO - [2025-02-24T13:20:47.666+0800] {base.py:1863} INFO - select current_schema()
[2025-02-24T13:20:47.680+0800] {subprocess.py:106} INFO - 2025-02-24 13:20:47,668 INFO sqlalchemy.engine.Engine [raw sql] {}
[2025-02-24T13:20:47.684+0800] {subprocess.py:106} INFO - [2025-02-24T13:20:47.668+0800] {base.py:1868} INFO - [raw sql] {}
[2025-02-24T13:20:47.687+0800] {subprocess.py:106} INFO - 2025-02-24 13:20:47,671 INFO sqlalchemy.engine.Engine show standard_conforming_strings
[2025-02-24T13:20:47.690+0800] {subprocess.py:106} INFO - [2025-02-24T13:20:47.671+0800] {base.py:1863} INFO - show standard_conforming_strings
[2025-02-24T13:20:47.694+0800] {subprocess.py:106} INFO - 2025-02-24 13:20:47,672 INFO sqlalchemy.engine.Engine [raw sql] {}
[2025-02-24T13:20:47.699+0800] {subprocess.py:106} INFO - [2025-02-24T13:20:47.672+0800] {base.py:1868} INFO - [raw sql] {}
[2025-02-24T13:20:47.703+0800] {subprocess.py:106} INFO - 2025-02-24 13:20:47,675 INFO sqlalchemy.engine.Engine BEGIN (implicit)
[2025-02-24T13:20:47.707+0800] {subprocess.py:106} INFO - [2025-02-24T13:20:47.675+0800] {base.py:1032} INFO - BEGIN (implicit)
[2025-02-24T13:20:47.712+0800] {subprocess.py:106} INFO - 2025-02-24 13:20:47,677 INFO sqlalchemy.engine.Engine INSERT INTO muse_project (update_time, crypto_name, price, hour_change_rate, volume) VALUES (%(update_time)s, %(crypto_name)s, %(price)s, %(hour_change_rate)s, %(volume)s)
[2025-02-24T13:20:47.715+0800] {subprocess.py:106} INFO - [2025-02-24T13:20:47.677+0800] {base.py:1863} INFO - INSERT INTO muse_project (update_time, crypto_name, price, hour_change_rate, volume) VALUES (%(update_time)s, %(crypto_name)s, %(price)s, %(hour_change_rate)s, %(volume)s)
[2025-02-24T13:20:47.718+0800] {subprocess.py:106} INFO - 2025-02-24 13:20:47,679 INFO sqlalchemy.engine.Engine [generated in 0.00207s] ({'update_time': datetime.datetime(2025, 2, 24, 13, 20, 47, 635146), 'crypto_name': 'Bitcoin', 'price': 95446.71, 'hour_change_rate': -0.05, 'volume': 21910690588.0}, {'update_time': datetime.datetime(2025, 2, 24, 13, 20, 47, 635341), 'crypto_name': 'Ethereum', 'price': 2709.45, 'hour_change_rate': -0.39, 'volume': 24126836175.0}, {'update_time': datetime.datetime(2025, 2, 24, 13, 20, 47, 635602), 'crypto_name': 'XRP', 'price': 2.47, 'hour_change_rate': -0.21, 'volume': 3302808507.0}, {'update_time': datetime.datetime(2025, 2, 24, 13, 20, 47, 635885), 'crypto_name': 'Tether', 'price': 1.0, 'hour_change_rate': -0.01, 'volume': 62768922466.0}, {'update_time': datetime.datetime(2025, 2, 24, 13, 20, 47, 636074), 'crypto_name': 'BNB', 'price': 642.05, 'hour_change_rate': -0.39, 'volume': 1540368874.0}, {'update_time': datetime.datetime(2025, 2, 24, 13, 20, 47, 636244), 'crypto_name': 'Solana', 'price': 158.84, 'hour_change_rate': -1.19, 'volume': 2549780035.0}, {'update_time': datetime.datetime(2025, 2, 24, 13, 20, 47, 636400), 'crypto_name': 'USDC', 'price': 0.9998, 'hour_change_rate': 0.0, 'volume': 5784123103.0}, {'update_time': datetime.datetime(2025, 2, 24, 13, 20, 47, 636629), 'crypto_name': 'Dogecoin', 'price': 0.2298, 'hour_change_rate': -0.09, 'volume': 1112009520.0}, {'update_time': datetime.datetime(2025, 2, 24, 13, 20, 47, 636792), 'crypto_name': 'Cardano', 'price': 0.7358, 'hour_change_rate': -0.27, 'volume': 556433792.0}, {'update_time': datetime.datetime(2025, 2, 24, 13, 20, 47, 636948), 'crypto_name': 'TRON', 'price': 0.2427, 'hour_change_rate': 0.01, 'volume': 449693309.0})
[2025-02-24T13:20:47.720+0800] {subprocess.py:106} INFO - [2025-02-24T13:20:47.679+0800] {base.py:1868} INFO - [generated in 0.00207s] ({'update_time': datetime.datetime(2025, 2, 24, 13, 20, 47, 635146), 'crypto_name': 'Bitcoin', 'price': 95446.71, 'hour_change_rate': -0.05, 'volume': 21910690588.0}, {'update_time': datetime.datetime(2025, 2, 24, 13, 20, 47, 635341), 'crypto_name': 'Ethereum', 'price': 2709.45, 'hour_change_rate': -0.39, 'volume': 24126836175.0}, {'update_time': datetime.datetime(2025, 2, 24, 13, 20, 47, 635602), 'crypto_name': 'XRP', 'price': 2.47, 'hour_change_rate': -0.21, 'volume': 3302808507.0}, {'update_time': datetime.datetime(2025, 2, 24, 13, 20, 47, 635885), 'crypto_name': 'Tether', 'price': 1.0, 'hour_change_rate': -0.01, 'volume': 62768922466.0}, {'update_time': datetime.datetime(2025, 2, 24, 13, 20, 47, 636074), 'crypto_name': 'BNB', 'price': 642.05, 'hour_change_rate': -0.39, 'volume': 1540368874.0}, {'update_time': datetime.datetime(2025, 2, 24, 13, 20, 47, 636244), 'crypto_name': 'Solana', 'price': 158.84, 'hour_change_rate': -1.19, 'volume': 2549780035.0}, {'update_time': datetime.datetime(2025, 2, 24, 13, 20, 47, 636400), 'crypto_name': 'USDC', 'price': 0.9998, 'hour_change_rate': 0.0, 'volume': 5784123103.0}, {'update_time': datetime.datetime(2025, 2, 24, 13, 20, 47, 636629), 'crypto_name': 'Dogecoin', 'price': 0.2298, 'hour_change_rate': -0.09, 'volume': 1112009520.0}, {'update_time': datetime.datetime(2025, 2, 24, 13, 20, 47, 636792), 'crypto_name': 'Cardano', 'price': 0.7358, 'hour_change_rate': -0.27, 'volume': 556433792.0}, {'update_time': datetime.datetime(2025, 2, 24, 13, 20, 47, 636948), 'crypto_name': 'TRON', 'price': 0.2427, 'hour_change_rate': 0.01, 'volume': 449693309.0})
[2025-02-24T13:20:47.722+0800] {subprocess.py:106} INFO - 2025-02-24 13:20:47,683 INFO sqlalchemy.engine.Engine COMMIT
[2025-02-24T13:20:47.724+0800] {subprocess.py:106} INFO - [2025-02-24T13:20:47.683+0800] {base.py:1092} INFO - COMMIT
[2025-02-24T13:20:47.726+0800] {subprocess.py:106} INFO - Done bulk insert.
[2025-02-24T13:20:47.728+0800] {subprocess.py:106} INFO - Done price extraction.
[2025-02-24T13:20:47.730+0800] {subprocess.py:106} INFO - [2025-02-24T13:20:47.688+0800] {extract_crypto.py:135} INFO - 2025-02-24 13:20:47.688483 Done price extraction.
[2025-02-24T13:20:48.034+0800] {subprocess.py:110} INFO - Command exited with return code 0
[2025-02-24T13:20:48.113+0800] {taskinstance.py:341} INFO - ::group::Post task execution logs
[2025-02-24T13:20:48.116+0800] {taskinstance.py:353} INFO - Marking task as SUCCESS. dag_id=muse_dag, task_id=extract_crypto_data, run_id=scheduled__2025-02-24T05:10:00+00:00, execution_date=20250224T051000, start_date=20250224T052031, end_date=20250224T052048
[2025-02-24T13:20:48.245+0800] {logging_mixin.py:190} INFO - Task instance in success state
[2025-02-24T13:20:48.248+0800] {logging_mixin.py:190} INFO -  Previous state of the Task instance: running
[2025-02-24T13:20:48.250+0800] {logging_mixin.py:190} INFO - Dag name:muse_dag queued_at:2025-02-24 05:20:01.431377+00:00
[2025-02-24T13:20:48.253+0800] {logging_mixin.py:190} INFO - Task hostname:LAPTOP-7NCGBFK9. operator:BashOperator
[2025-02-24T13:20:48.276+0800] {local_task_job_runner.py:266} INFO - Task exited with return code 0
[2025-02-24T13:20:48.310+0800] {taskinstance.py:3901} INFO - 0 downstream tasks scheduled from follow-on schedule check
[2025-02-24T13:20:48.316+0800] {local_task_job_runner.py:245} INFO - ::endgroup::
